Log file open, 05/04/21 21:17:06
LogWindows: Failed to load 'aqProf.dll' (GetLastError=126)
LogWindows: File 'aqProf.dll' does not exist
LogWindows: Failed to load 'VtuneApi.dll' (GetLastError=126)
LogWindows: File 'VtuneApi.dll' does not exist
LogWindows: Failed to load 'VtuneApi32e.dll' (GetLastError=126)
LogWindows: File 'VtuneApi32e.dll' does not exist
LogConsoleResponse: Display: Failed to find resolution value strings in scalability ini. Falling back to default.
LogInit: Display: Running engine for game: AUSTVirtualCampus
LogPakFile: Registered encryption key '00000000000000000000000000000000': 0 pak files mounted, 0 remain pending
LogPlatformFile: Not using cached read wrapper
LogTaskGraph: Started task graph with 5 named threads and 23 total threads with 3 sets of task threads.
LogStats: Stats thread started at 0.277982
LogD3D11RHI: Loaded GFSDK_Aftermath_Lib.x64.dll
LogICUInternationalization: ICU TimeZone Detection - Raw Offset: +2:00, Platform Override: ''
LogPluginManager: Mounting plugin Paper2D
LogPluginManager: Mounting plugin AISupport
LogPluginManager: Mounting plugin LightPropagationVolume
LogPluginManager: Mounting plugin ActorLayerUtilities
LogPluginManager: Mounting plugin AnimationSharing
LogPluginManager: Mounting plugin CLionSourceCodeAccess
LogPluginManager: Mounting plugin CodeLiteSourceCodeAccess
LogPluginManager: Mounting plugin GitSourceControl
LogPluginManager: Mounting plugin KDevelopSourceCodeAccess
LogPluginManager: Mounting plugin NullSourceCodeAccess
LogPluginManager: Mounting plugin PerforceSourceControl
LogPluginManager: Mounting plugin SubversionSourceControl
LogPluginManager: Mounting plugin UObjectPlugin
LogPluginManager: Mounting plugin VisualStudioCodeSourceCodeAccess
LogPluginManager: Mounting plugin VisualStudioSourceCodeAccess
LogPluginManager: Mounting plugin XCodeSourceCodeAccess
LogPluginManager: Mounting plugin AssetManagerEditor
LogPluginManager: Mounting plugin CryptoKeys
LogPluginManager: Mounting plugin DataValidation
LogPluginManager: Mounting plugin FacialAnimation
LogPluginManager: Mounting plugin GameplayTagsEditor
LogPluginManager: Mounting plugin MacGraphicsSwitching
LogPluginManager: Mounting plugin MaterialAnalyzer
LogPluginManager: Mounting plugin MobileLauncherProfileWizard
LogPluginManager: Mounting plugin PluginBrowser
LogPluginManager: Mounting plugin SpeedTreeImporter
LogPluginManager: Mounting plugin DatasmithContent
LogPluginManager: Mounting plugin VariantManagerContent
LogPluginManager: Mounting plugin AlembicImporter
LogPluginManager: Mounting plugin AppleImageUtils
LogPluginManager: Mounting plugin AppleVision
LogPluginManager: Mounting plugin BackChannel
LogPluginManager: Mounting plugin CharacterAI
LogPluginManager: Mounting plugin GeometryCache
LogPluginManager: Mounting plugin HTML5Networking
LogPluginManager: Mounting plugin ProxyLODPlugin
LogPluginManager: Mounting plugin SkeletalReduction
LogPluginManager: Mounting plugin MagicLeap
LogPluginManager: Mounting plugin MagicLeapMedia
LogPluginManager: Mounting plugin AndroidMedia
LogPluginManager: Mounting plugin AvfMedia
LogPluginManager: Mounting plugin ImgMedia
LogPluginManager: Mounting plugin LinearTimecode
LogPluginManager: Mounting plugin MediaCompositing
LogPluginManager: Mounting plugin MediaPlayerEditor
LogPluginManager: Mounting plugin WebMMedia
LogPluginManager: Mounting plugin WmfMedia
LogPluginManager: Mounting plugin TcpMessaging
LogPluginManager: Mounting plugin UdpMessaging
LogPluginManager: Mounting plugin ActorSequence
LogPluginManager: Mounting plugin LevelSequenceEditor
LogPluginManager: Mounting plugin MatineeToLevelSequence
LogPluginManager: Mounting plugin NetcodeUnitTest
LogPluginManager: Mounting plugin NUTUnrealEngine4
LogPluginManager: Mounting plugin OnlineSubsystemGooglePlay
LogPluginManager: Mounting plugin OnlineSubsystemIOS
LogPluginManager: Mounting plugin OnlineSubsystem
LogPluginManager: Mounting plugin OnlineSubsystemNull
LogPluginManager: Mounting plugin OnlineSubsystemUtils
LogPluginManager: Mounting plugin LauncherChunkInstaller
LogPluginManager: Mounting plugin AndroidDeviceProfileSelector
LogPluginManager: Mounting plugin AndroidMoviePlayer
LogPluginManager: Mounting plugin AndroidPermission
LogPluginManager: Mounting plugin AppleMoviePlayer
LogPluginManager: Mounting plugin ArchVisCharacter
LogPluginManager: Mounting plugin AudioCapture
LogPluginManager: Mounting plugin CableComponent
LogPluginManager: Mounting plugin CustomMeshComponent
LogPluginManager: Mounting plugin EditableMesh
LogPluginManager: Mounting plugin ExampleDeviceProfileSelector
LogPluginManager: Mounting plugin Firebase
LogPluginManager: Mounting plugin GoogleCloudMessaging
LogPluginManager: Mounting plugin IOSDeviceProfileSelector
LogPluginManager: Mounting plugin LinuxDeviceProfileSelector
LogPluginManager: Mounting plugin LocationServicesBPLibrary
LogPluginManager: Mounting plugin MobilePatchingUtils
LogPluginManager: Mounting plugin OculusVR
LogPluginManager: Mounting plugin PhysXVehicles
LogPluginManager: Mounting plugin ProceduralMeshComponent
LogPluginManager: Mounting plugin RuntimePhysXCooking
LogPluginManager: Mounting plugin SignificanceManager
LogPluginManager: Mounting plugin SteamVR
LogPluginManager: Mounting plugin WebBrowserWidget
LogPluginManager: Mounting plugin WebMMoviePlayer
LogPluginManager: Mounting plugin WindowsMoviePlayer
LogPluginManager: Mounting plugin MySQLConnectorUE4Plugin
LogInit: Using libcurl 7.55.1-DEV
LogInit:  - built for x86_64-pc-win32
LogInit:  - supports SSL with OpenSSL/1.1.1
LogInit:  - supports HTTP deflate (compression) using libz 1.2.8
LogInit:  - other features:
LogInit:      CURL_VERSION_SSL
LogInit:      CURL_VERSION_LIBZ
LogInit:      CURL_VERSION_IPV6
LogInit:      CURL_VERSION_ASYNCHDNS
LogInit:      CURL_VERSION_LARGEFILE
LogInit:      CURL_VERSION_IDN
LogInit:  CurlRequestOptions (configurable via config and command line):
LogInit:  - bVerifyPeer = true  - Libcurl will verify peer certificate
LogInit:  - bUseHttpProxy = false  - Libcurl will NOT use HTTP proxy
LogInit:  - bDontReuseConnections = false  - Libcurl will reuse connections
LogInit:  - MaxHostConnections = 16  - Libcurl will limit the number of connections to a host
LogInit:  - LocalHostAddr = Default
LogInit:  - BufferSize = 65536
LogInit: WinSock: version 1.1 (2.2), MaxSocks=32767, MaxUdp=65467
LogInit: Build: ++UE4+Release-4.22-CL-7053642
LogInit: Engine Version: 4.22.3-7053642+++UE4+Release-4.22
LogInit: Compatible Engine Version: 4.22.0-5660361+++UE4+Release-4.22
LogInit: Net CL: 5660361
LogInit: OS: Windows 10 (Release 1909) (), CPU: Intel(R) Core(TM) i7-8550U CPU @ 1.80GHz, GPU: Intel(R) UHD Graphics 620
LogInit: Compiled (64-bit): Jun 18 2019 03:09:11
LogInit: Compiled with Visual C++: 19.16.27025.01
LogInit: Build Configuration: Development
LogInit: Branch Name: ++UE4+Release-4.22
LogInit: Command Line: 
LogInit: Base Directory: D:/Program Files (x86)/Epic Games/UE_4.22/Engine/Binaries/Win64/
LogInit: Installed Engine Build: 1
LogDevObjectVersion: Number of dev versions registered: 23
LogDevObjectVersion:   Dev-Blueprints (B0D832E4-1F89-4F0D-ACCF-7EB736FD4AA2): 10
LogDevObjectVersion:   Dev-Build (E1C64328-A22C-4D53-A36C-8E866417BD8C): 0
LogDevObjectVersion:   Dev-Core (375EC13C-06E4-48FB-B500-84F0262A717E): 3
LogDevObjectVersion:   Dev-Editor (E4B068ED-F494-42E9-A231-DA0B2E46BB41): 30
LogDevObjectVersion:   Dev-Framework (CFFC743F-43B0-4480-9391-14DF171D2073): 35
LogDevObjectVersion:   Dev-Mobile (B02B49B5-BB20-44E9-A304-32B752E40360): 2
LogDevObjectVersion:   Dev-Networking (A4E4105C-59A1-49B5-A7C5-40C4547EDFEE): 0
LogDevObjectVersion:   Dev-Online (39C831C9-5AE6-47DC-9A44-9C173E1C8E7C): 0
LogDevObjectVersion:   Dev-Physics (78F01B33-EBEA-4F98-B9B4-84EACCB95AA2): 0
LogDevObjectVersion:   Dev-Platform (6631380F-2D4D-43E0-8009-CF276956A95A): 0
LogDevObjectVersion:   Dev-Rendering (12F88B9F-8875-4AFC-A67C-D90C383ABD29): 28
LogDevObjectVersion:   Dev-Sequencer (7B5AE74C-D270-4C10-A958-57980B212A5A): 11
LogDevObjectVersion:   Dev-VR (D7296918-1DD6-4BDD-9DE2-64A83CC13884): 2
LogDevObjectVersion:   Dev-LoadTimes (C2A15278-BFE7-4AFE-6C17-90FF531DF755): 1
LogDevObjectVersion:   Private-Geometry (6EACA3D4-40EC-4CC1-B786-8BED09428FC5): 3
LogDevObjectVersion:   Dev-AnimPhys (29E575DD-E0A3-4627-9D10-D276232CDCEA): 17
LogDevObjectVersion:   Dev-Anim (AF43A65D-7FD3-4947-9873-3E8ED9C1BB05): 2
LogDevObjectVersion:   Dev-ReflectionCapture (6B266CEC-1EC7-4B8F-A30B-E4D90942FC07): 1
LogDevObjectVersion:   Dev-Automation (0DF73D61-A23F-47EA-B727-89E90C41499A): 1
LogDevObjectVersion:   FortniteMain (601D1886-AC64-4F84-AA16-D3DE0DEAC7D6): 25
LogDevObjectVersion:   Dev-Enterprise (9DFFBCD6-494F-0158-E221-12823C92A888): 6
LogDevObjectVersion:   Dev-Niagara (F2AED0AC-9AFE-416F-8664-AA7FFA26D6FC): 1
LogDevObjectVersion:   Dev-Destruction (174F1F0B-B4C6-45A5-B13F-2EE8D0FB917D): 2
LogInit: Presizing for max 16777216 objects, including 0 objects not considered by GC, pre-allocating 0 bytes for permanent pool.
LogInit: Object subsystem initialized
LogConfig: Setting CVar [[con.DebugEarlyDefault:1]]
LogConfig: Setting CVar [[r.setres:1280x720]]
[2021.05.04-18.17.06:901][  0]LogConfig: Setting CVar [[r.VSync:0]]
[2021.05.04-18.17.06:901][  0]LogConfig: Setting CVar [[r.RHICmdBypass:0]]
[2021.05.04-18.17.06:901][  0]LogConfig: Applying CVar settings from Section [/Script/Engine.RendererSettings] File [C:/Users/maria/OneDrive/Documents/Unreal Projects/AUSTVirtualCampus/Saved/Config/Windows/Engine.ini]
[2021.05.04-18.17.06:901][  0]LogConfig: Setting CVar [[r.GPUCrashDebugging:0]]
[2021.05.04-18.17.06:901][  0]LogConfig: Setting CVar [[r.DefaultFeature.AutoExposure.ExtendDefaultLuminanceRange:1]]
[2021.05.04-18.17.06:901][  0]LogConfig: Applying CVar settings from Section [/Script/Engine.RendererOverrideSettings] File [C:/Users/maria/OneDrive/Documents/Unreal Projects/AUSTVirtualCampus/Saved/Config/Windows/Engine.ini]
[2021.05.04-18.17.06:901][  0]LogConfig: Applying CVar settings from Section [/Script/Engine.StreamingSettings] File [C:/Users/maria/OneDrive/Documents/Unreal Projects/AUSTVirtualCampus/Saved/Config/Windows/Engine.ini]
[2021.05.04-18.17.06:901][  0]LogConfig: Setting CVar [[s.MinBulkDataSizeForAsyncLoading:131072]]
[2021.05.04-18.17.06:901][  0]LogConfig: Setting CVar [[s.AsyncLoadingThreadEnabled:0]]
[2021.05.04-18.17.06:901][  0]LogConfig: Setting CVar [[s.EventDrivenLoaderEnabled:1]]
[2021.05.04-18.17.06:901][  0]LogConfig: Setting CVar [[s.WarnIfTimeLimitExceeded:0]]
[2021.05.04-18.17.06:901][  0]LogConfig: Setting CVar [[s.TimeLimitExceededMultiplier:1.5]]
[2021.05.04-18.17.06:901][  0]LogConfig: Setting CVar [[s.TimeLimitExceededMinTime:0.005]]
[2021.05.04-18.17.06:901][  0]LogConfig: Setting CVar [[s.UseBackgroundLevelStreaming:1]]
[2021.05.04-18.17.06:901][  0]LogConfig: Setting CVar [[s.PriorityAsyncLoadingExtraTime:15.0]]
[2021.05.04-18.17.06:901][  0]LogConfig: Setting CVar [[s.LevelStreamingActorsUpdateTimeLimit:5.0]]
[2021.05.04-18.17.06:901][  0]LogConfig: Setting CVar [[s.PriorityLevelStreamingActorsUpdateExtraTime:5.0]]
[2021.05.04-18.17.06:901][  0]LogConfig: Setting CVar [[s.LevelStreamingComponentsRegistrationGranularity:10]]
[2021.05.04-18.17.06:901][  0]LogConfig: Setting CVar [[s.UnregisterComponentsTimeLimit:1.0]]
[2021.05.04-18.17.06:901][  0]LogConfig: Setting CVar [[s.LevelStreamingComponentsUnregistrationGranularity:5]]
[2021.05.04-18.17.06:901][  0]LogConfig: Applying CVar settings from Section [/Script/Engine.GarbageCollectionSettings] File [C:/Users/maria/OneDrive/Documents/Unreal Projects/AUSTVirtualCampus/Saved/Config/Windows/Engine.ini]
[2021.05.04-18.17.06:901][  0]LogConfig: Setting CVar [[gc.MaxObjectsNotConsideredByGC:1]]
[2021.05.04-18.17.06:901][  0]LogConfig: Setting CVar [[gc.SizeOfPermanentObjectPool:0]]
[2021.05.04-18.17.06:901][  0]LogConfig: Setting CVar [[gc.FlushStreamingOnGC:0]]
[2021.05.04-18.17.06:901][  0]LogConfig: Setting CVar [[gc.NumRetriesBeforeForcingGC:10]]
[2021.05.04-18.17.06:901][  0]LogConfig: Setting CVar [[gc.AllowParallelGC:1]]
[2021.05.04-18.17.06:901][  0]LogConfig: Setting CVar [[gc.TimeBetweenPurgingPendingKillObjects:61.1]]
[2021.05.04-18.17.06:901][  0]LogConfig: Setting CVar [[gc.MaxObjectsInEditor:16777216]]
[2021.05.04-18.17.06:901][  0]LogConfig: Setting CVar [[gc.IncrementalBeginDestroyEnabled:1]]
[2021.05.04-18.17.06:901][  0]LogConfig: Setting CVar [[gc.CreateGCClusters:1]]
[2021.05.04-18.17.06:901][  0]LogConfig: Setting CVar [[gc.MinGCClusterSize:5]]
[2021.05.04-18.17.06:901][  0]LogConfig: Setting CVar [[gc.ActorClusteringEnabled:0]]
[2021.05.04-18.17.06:901][  0]LogConfig: Setting CVar [[gc.BlueprintClusteringEnabled:0]]
[2021.05.04-18.17.06:901][  0]LogConfig: Setting CVar [[gc.UseDisregardForGCOnDedicatedServers:0]]
[2021.05.04-18.17.06:901][  0]LogConfig: Applying CVar settings from Section [/Script/Engine.NetworkSettings] File [C:/Users/maria/OneDrive/Documents/Unreal Projects/AUSTVirtualCampus/Saved/Config/Windows/Engine.ini]
[2021.05.04-18.17.06:901][  0]LogConfig: Applying CVar settings from Section [/Script/UnrealEd.CookerSettings] File [C:/Users/maria/OneDrive/Documents/Unreal Projects/AUSTVirtualCampus/Saved/Config/Windows/Engine.ini]
[2021.05.04-18.17.06:904][  0]LogConfig: Applying CVar settings from Section [ViewDistanceQuality@3] File [C:/Users/maria/OneDrive/Documents/Unreal Projects/AUSTVirtualCampus/Saved/Config/Windows/Scalability.ini]
[2021.05.04-18.17.06:904][  0]LogConfig: Setting CVar [[r.SkeletalMeshLODBias:0]]
[2021.05.04-18.17.06:904][  0]LogConfig: Setting CVar [[r.ViewDistanceScale:1.0]]
[2021.05.04-18.17.06:904][  0]LogConfig: Applying CVar settings from Section [AntiAliasingQuality@3] File [C:/Users/maria/OneDrive/Documents/Unreal Projects/AUSTVirtualCampus/Saved/Config/Windows/Scalability.ini]
[2021.05.04-18.17.06:904][  0]LogConfig: Setting CVar [[r.PostProcessAAQuality:4]]
[2021.05.04-18.17.06:904][  0]LogConfig: Applying CVar settings from Section [ShadowQuality@3] File [C:/Users/maria/OneDrive/Documents/Unreal Projects/AUSTVirtualCampus/Saved/Config/Windows/Scalability.ini]
[2021.05.04-18.17.06:904][  0]LogConfig: Setting CVar [[r.LightFunctionQuality:1]]
[2021.05.04-18.17.06:904][  0]LogConfig: Setting CVar [[r.ShadowQuality:5]]
[2021.05.04-18.17.06:904][  0]LogConfig: Setting CVar [[r.Shadow.CSM.MaxCascades:10]]
[2021.05.04-18.17.06:904][  0]LogConfig: Setting CVar [[r.Shadow.MaxResolution:2048]]
[2021.05.04-18.17.06:904][  0]LogConfig: Setting CVar [[r.Shadow.MaxCSMResolution:2048]]
[2021.05.04-18.17.06:904][  0]LogConfig: Setting CVar [[r.Shadow.RadiusThreshold:0.01]]
[2021.05.04-18.17.06:904][  0]LogConfig: Setting CVar [[r.Shadow.DistanceScale:1.0]]
[2021.05.04-18.17.06:904][  0]LogConfig: Setting CVar [[r.Shadow.CSM.TransitionScale:1.0]]
[2021.05.04-18.17.06:904][  0]LogConfig: Setting CVar [[r.Shadow.PreShadowResolutionFactor:1.0]]
[2021.05.04-18.17.06:904][  0]LogConfig: Setting CVar [[r.DistanceFieldShadowing:1]]
[2021.05.04-18.17.06:904][  0]LogConfig: Setting CVar [[r.DistanceFieldAO:1]]
[2021.05.04-18.17.06:904][  0]LogConfig: Setting CVar [[r.AOQuality:2]]
[2021.05.04-18.17.06:904][  0]LogConfig: Setting CVar [[r.VolumetricFog:1]]
[2021.05.04-18.17.06:904][  0]LogConfig: Setting CVar [[r.VolumetricFog.GridPixelSize:8]]
[2021.05.04-18.17.06:904][  0]LogConfig: Setting CVar [[r.VolumetricFog.GridSizeZ:128]]
[2021.05.04-18.17.06:904][  0]LogConfig: Setting CVar [[r.VolumetricFog.HistoryMissSupersampleCount:4]]
[2021.05.04-18.17.06:904][  0]LogConfig: Setting CVar [[r.LightMaxDrawDistanceScale:1]]
[2021.05.04-18.17.06:904][  0]LogConfig: Setting CVar [[r.CapsuleShadows:1]]
[2021.05.04-18.17.06:904][  0]LogConfig: Applying CVar settings from Section [PostProcessQuality@3] File [C:/Users/maria/OneDrive/Documents/Unreal Projects/AUSTVirtualCampus/Saved/Config/Windows/Scalability.ini]
[2021.05.04-18.17.06:904][  0]LogConfig: Setting CVar [[r.MotionBlurQuality:4]]
[2021.05.04-18.17.06:904][  0]LogConfig: Setting CVar [[r.AmbientOcclusionMipLevelFactor:0.4]]
[2021.05.04-18.17.06:904][  0]LogConfig: Setting CVar [[r.AmbientOcclusionMaxQuality:100]]
[2021.05.04-18.17.06:904][  0]LogConfig: Setting CVar [[r.AmbientOcclusionLevels:-1]]
[2021.05.04-18.17.06:904][  0]LogConfig: Setting CVar [[r.AmbientOcclusionRadiusScale:1.0]]
[2021.05.04-18.17.06:904][  0]LogConfig: Setting CVar [[r.DepthOfFieldQuality:2]]
[2021.05.04-18.17.06:904][  0]LogConfig: Setting CVar [[r.RenderTargetPoolMin:400]]
[2021.05.04-18.17.06:904][  0]LogConfig: Setting CVar [[r.LensFlareQuality:2]]
[2021.05.04-18.17.06:904][  0]LogConfig: Setting CVar [[r.SceneColorFringeQuality:1]]
[2021.05.04-18.17.06:904][  0]LogConfig: Setting CVar [[r.EyeAdaptationQuality:2]]
[2021.05.04-18.17.06:904][  0]LogConfig: Setting CVar [[r.BloomQuality:5]]
[2021.05.04-18.17.06:904][  0]LogConfig: Setting CVar [[r.FastBlurThreshold:100]]
[2021.05.04-18.17.06:904][  0]LogConfig: Setting CVar [[r.Upscale.Quality:3]]
[2021.05.04-18.17.06:904][  0]LogConfig: Setting CVar [[r.Tonemapper.GrainQuantization:1]]
[2021.05.04-18.17.06:904][  0]LogConfig: Setting CVar [[r.LightShaftQuality:1]]
[2021.05.04-18.17.06:904][  0]LogConfig: Setting CVar [[r.Filter.SizeScale:1]]
[2021.05.04-18.17.06:904][  0]LogConfig: Setting CVar [[r.Tonemapper.Quality:5]]
[2021.05.04-18.17.06:904][  0]LogConfig: Setting CVar [[r.DOF.Gather.AccumulatorQuality:1        ; higher gathering accumulator quality]]
[2021.05.04-18.17.06:904][  0]LogConfig: Setting CVar [[r.DOF.Gather.PostfilterMethod:1          ; Median3x3 postfilering method]]
[2021.05.04-18.17.06:904][  0]LogConfig: Setting CVar [[r.DOF.Gather.EnableBokehSettings:0       ; no bokeh simulation when gathering]]
[2021.05.04-18.17.06:904][  0]LogConfig: Setting CVar [[r.DOF.Gather.RingCount:4                 ; medium number of samples when gathering]]
[2021.05.04-18.17.06:904][  0]LogConfig: Setting CVar [[r.DOF.Scatter.ForegroundCompositing:1    ; additive foreground scattering]]
[2021.05.04-18.17.06:904][  0]LogConfig: Setting CVar [[r.DOF.Scatter.BackgroundCompositing:2    ; additive background scattering]]
[2021.05.04-18.17.06:904][  0]LogConfig: Setting CVar [[r.DOF.Scatter.EnableBokehSettings:1      ; bokeh simulation when scattering]]
[2021.05.04-18.17.06:904][  0]LogConfig: Setting CVar [[r.DOF.Scatter.MaxSpriteRatio:0.1         ; only a maximum of 10% of scattered bokeh]]
[2021.05.04-18.17.06:904][  0]LogConfig: Setting CVar [[r.DOF.Recombine.Quality:1                ; cheap slight out of focus]]
[2021.05.04-18.17.06:904][  0]LogConfig: Setting CVar [[r.DOF.Recombine.EnableBokehSettings:0    ; no bokeh simulation on slight out of focus]]
[2021.05.04-18.17.06:905][  0]LogConfig: Setting CVar [[r.DOF.TemporalAAQuality:1                ; more stable temporal accumulation]]
[2021.05.04-18.17.06:905][  0]LogConfig: Setting CVar [[r.DOF.Kernel.MaxForegroundRadius:0.025]]
[2021.05.04-18.17.06:905][  0]LogConfig: Setting CVar [[r.DOF.Kernel.MaxBackgroundRadius:0.025]]
[2021.05.04-18.17.06:905][  0]LogConfig: Applying CVar settings from Section [TextureQuality@3] File [C:/Users/maria/OneDrive/Documents/Unreal Projects/AUSTVirtualCampus/Saved/Config/Windows/Scalability.ini]
[2021.05.04-18.17.06:905][  0]LogConfig: Setting CVar [[r.Streaming.MipBias:0]]
[2021.05.04-18.17.06:905][  0]LogConfig: Setting CVar [[r.Streaming.AmortizeCPUToGPUCopy:0]]
[2021.05.04-18.17.06:905][  0]LogConfig: Setting CVar [[r.Streaming.MaxNumTexturesToStreamPerFrame:0]]
[2021.05.04-18.17.06:905][  0]LogConfig: Setting CVar [[r.Streaming.Boost:1]]
[2021.05.04-18.17.06:905][  0]LogConfig: Setting CVar [[r.MaxAnisotropy:8]]
[2021.05.04-18.17.06:905][  0]LogConfig: Setting CVar [[r.Streaming.LimitPoolSizeToVRAM:0]]
[2021.05.04-18.17.06:905][  0]LogConfig: Setting CVar [[r.Streaming.PoolSize:1000]]
[2021.05.04-18.17.06:905][  0]LogConfig: Setting CVar [[r.Streaming.MaxEffectiveScreenSize:0]]
[2021.05.04-18.17.06:905][  0]LogConfig: Applying CVar settings from Section [EffectsQuality@3] File [C:/Users/maria/OneDrive/Documents/Unreal Projects/AUSTVirtualCampus/Saved/Config/Windows/Scalability.ini]
[2021.05.04-18.17.06:905][  0]LogConfig: Setting CVar [[r.TranslucencyLightingVolumeDim:64]]
[2021.05.04-18.17.06:905][  0]LogConfig: Setting CVar [[r.RefractionQuality:2]]
[2021.05.04-18.17.06:905][  0]LogConfig: Setting CVar [[r.SSR.Quality:3]]
[2021.05.04-18.17.06:905][  0]LogConfig: Setting CVar [[r.SceneColorFormat:4]]
[2021.05.04-18.17.06:905][  0]LogConfig: Setting CVar [[r.DetailMode:2]]
[2021.05.04-18.17.06:905][  0]LogConfig: Setting CVar [[r.TranslucencyVolumeBlur:1]]
[2021.05.04-18.17.06:905][  0]LogConfig: Setting CVar [[r.MaterialQualityLevel:1 ; High quality]]
[2021.05.04-18.17.06:905][  0]LogConfig: Setting CVar [[r.SSS.Scale:1]]
[2021.05.04-18.17.06:905][  0]LogConfig: Setting CVar [[r.SSS.SampleSet:2]]
[2021.05.04-18.17.06:905][  0]LogConfig: Setting CVar [[r.SSS.Quality:1]]
[2021.05.04-18.17.06:905][  0]LogConfig: Setting CVar [[r.SSS.HalfRes:1]]
[2021.05.04-18.17.06:905][  0]LogConfig: Setting CVar [[r.EmitterSpawnRateScale:1.0]]
[2021.05.04-18.17.06:905][  0]LogConfig: Setting CVar [[r.ParticleLightQuality:2]]
[2021.05.04-18.17.06:905][  0]LogConfig: Applying CVar settings from Section [FoliageQuality@3] File [C:/Users/maria/OneDrive/Documents/Unreal Projects/AUSTVirtualCampus/Saved/Config/Windows/Scalability.ini]
[2021.05.04-18.17.06:905][  0]LogConfig: Setting CVar [[foliage.DensityScale:1.0]]
[2021.05.04-18.17.06:905][  0]LogConfig: Setting CVar [[grass.DensityScale:1.0]]
[2021.05.04-18.17.06:905][  0]LogInit: Selected Device Profile: [Windows]
[2021.05.04-18.17.06:905][  0]LogInit: Applying CVar settings loaded from the selected device profile: [Windows]
[2021.05.04-18.17.06:913][  0]LogHAL: Display: Platform has ~ 16 GB [17072640000 / 17179869184 / 16], which maps to Larger [LargestMinGB=32, LargerMinGB=12, DefaultMinGB=8, SmallerMinGB=6, SmallestMinGB=0)
[2021.05.04-18.17.06:913][  0]LogConfig: Setting CVar [[r.Vulkan.UseRealUBs:0		; Required until we fix HLR fall-out]]
[2021.05.04-18.17.06:913][  0]LogInit: Going up to parent DeviceProfile []
[2021.05.04-18.17.06:913][  0]LogConfig: Applying CVar settings from Section [ViewDistanceQuality@3] File [C:/Users/maria/OneDrive/Documents/Unreal Projects/AUSTVirtualCampus/Saved/Config/Windows/Scalability.ini]
[2021.05.04-18.17.06:913][  0]LogConfig: Setting CVar [[r.SkeletalMeshLODBias:0]]
[2021.05.04-18.17.06:913][  0]LogConfig: Setting CVar [[r.ViewDistanceScale:1.0]]
[2021.05.04-18.17.06:913][  0]LogConfig: Applying CVar settings from Section [AntiAliasingQuality@3] File [C:/Users/maria/OneDrive/Documents/Unreal Projects/AUSTVirtualCampus/Saved/Config/Windows/Scalability.ini]
[2021.05.04-18.17.06:913][  0]LogConfig: Setting CVar [[r.PostProcessAAQuality:4]]
[2021.05.04-18.17.06:913][  0]LogConfig: Applying CVar settings from Section [ShadowQuality@3] File [C:/Users/maria/OneDrive/Documents/Unreal Projects/AUSTVirtualCampus/Saved/Config/Windows/Scalability.ini]
[2021.05.04-18.17.06:913][  0]LogConfig: Setting CVar [[r.LightFunctionQuality:1]]
[2021.05.04-18.17.06:913][  0]LogConfig: Setting CVar [[r.ShadowQuality:5]]
[2021.05.04-18.17.06:913][  0]LogConfig: Setting CVar [[r.Shadow.CSM.MaxCascades:10]]
[2021.05.04-18.17.06:913][  0]LogConfig: Setting CVar [[r.Shadow.MaxResolution:2048]]
[2021.05.04-18.17.06:913][  0]LogConfig: Setting CVar [[r.Shadow.MaxCSMResolution:2048]]
[2021.05.04-18.17.06:913][  0]LogConfig: Setting CVar [[r.Shadow.RadiusThreshold:0.01]]
[2021.05.04-18.17.06:913][  0]LogConfig: Setting CVar [[r.Shadow.DistanceScale:1.0]]
[2021.05.04-18.17.06:913][  0]LogConfig: Setting CVar [[r.Shadow.CSM.TransitionScale:1.0]]
[2021.05.04-18.17.06:913][  0]LogConfig: Setting CVar [[r.Shadow.PreShadowResolutionFactor:1.0]]
[2021.05.04-18.17.06:913][  0]LogConfig: Setting CVar [[r.DistanceFieldShadowing:1]]
[2021.05.04-18.17.06:913][  0]LogConfig: Setting CVar [[r.DistanceFieldAO:1]]
[2021.05.04-18.17.06:913][  0]LogConfig: Setting CVar [[r.AOQuality:2]]
[2021.05.04-18.17.06:913][  0]LogConfig: Setting CVar [[r.VolumetricFog:1]]
[2021.05.04-18.17.06:913][  0]LogConfig: Setting CVar [[r.VolumetricFog.GridPixelSize:8]]
[2021.05.04-18.17.06:913][  0]LogConfig: Setting CVar [[r.VolumetricFog.GridSizeZ:128]]
[2021.05.04-18.17.06:913][  0]LogConfig: Setting CVar [[r.VolumetricFog.HistoryMissSupersampleCount:4]]
[2021.05.04-18.17.06:913][  0]LogConfig: Setting CVar [[r.LightMaxDrawDistanceScale:1]]
[2021.05.04-18.17.06:913][  0]LogConfig: Setting CVar [[r.CapsuleShadows:1]]
[2021.05.04-18.17.06:913][  0]LogConfig: Applying CVar settings from Section [PostProcessQuality@3] File [C:/Users/maria/OneDrive/Documents/Unreal Projects/AUSTVirtualCampus/Saved/Config/Windows/Scalability.ini]
[2021.05.04-18.17.06:914][  0]LogConfig: Setting CVar [[r.MotionBlurQuality:4]]
[2021.05.04-18.17.06:914][  0]LogConfig: Setting CVar [[r.AmbientOcclusionMipLevelFactor:0.4]]
[2021.05.04-18.17.06:914][  0]LogConfig: Setting CVar [[r.AmbientOcclusionMaxQuality:100]]
[2021.05.04-18.17.06:914][  0]LogConfig: Setting CVar [[r.AmbientOcclusionLevels:-1]]
[2021.05.04-18.17.06:914][  0]LogConfig: Setting CVar [[r.AmbientOcclusionRadiusScale:1.0]]
[2021.05.04-18.17.06:914][  0]LogConfig: Setting CVar [[r.DepthOfFieldQuality:2]]
[2021.05.04-18.17.06:914][  0]LogConfig: Setting CVar [[r.RenderTargetPoolMin:400]]
[2021.05.04-18.17.06:914][  0]LogConfig: Setting CVar [[r.LensFlareQuality:2]]
[2021.05.04-18.17.06:914][  0]LogConfig: Setting CVar [[r.SceneColorFringeQuality:1]]
[2021.05.04-18.17.06:914][  0]LogConfig: Setting CVar [[r.EyeAdaptationQuality:2]]
[2021.05.04-18.17.06:914][  0]LogConfig: Setting CVar [[r.BloomQuality:5]]
[2021.05.04-18.17.06:914][  0]LogConfig: Setting CVar [[r.FastBlurThreshold:100]]
[2021.05.04-18.17.06:914][  0]LogConfig: Setting CVar [[r.Upscale.Quality:3]]
[2021.05.04-18.17.06:914][  0]LogConfig: Setting CVar [[r.Tonemapper.GrainQuantization:1]]
[2021.05.04-18.17.06:914][  0]LogConfig: Setting CVar [[r.LightShaftQuality:1]]
[2021.05.04-18.17.06:914][  0]LogConfig: Setting CVar [[r.Filter.SizeScale:1]]
[2021.05.04-18.17.06:914][  0]LogConfig: Setting CVar [[r.Tonemapper.Quality:5]]
[2021.05.04-18.17.06:914][  0]LogConfig: Setting CVar [[r.DOF.Gather.AccumulatorQuality:1        ; higher gathering accumulator quality]]
[2021.05.04-18.17.06:914][  0]LogConfig: Setting CVar [[r.DOF.Gather.PostfilterMethod:1          ; Median3x3 postfilering method]]
[2021.05.04-18.17.06:914][  0]LogConfig: Setting CVar [[r.DOF.Gather.EnableBokehSettings:0       ; no bokeh simulation when gathering]]
[2021.05.04-18.17.06:914][  0]LogConfig: Setting CVar [[r.DOF.Gather.RingCount:4                 ; medium number of samples when gathering]]
[2021.05.04-18.17.06:914][  0]LogConfig: Setting CVar [[r.DOF.Scatter.ForegroundCompositing:1    ; additive foreground scattering]]
[2021.05.04-18.17.06:914][  0]LogConfig: Setting CVar [[r.DOF.Scatter.BackgroundCompositing:2    ; additive background scattering]]
[2021.05.04-18.17.06:914][  0]LogConfig: Setting CVar [[r.DOF.Scatter.EnableBokehSettings:1      ; bokeh simulation when scattering]]
[2021.05.04-18.17.06:914][  0]LogConfig: Setting CVar [[r.DOF.Scatter.MaxSpriteRatio:0.1         ; only a maximum of 10% of scattered bokeh]]
[2021.05.04-18.17.06:914][  0]LogConfig: Setting CVar [[r.DOF.Recombine.Quality:1                ; cheap slight out of focus]]
[2021.05.04-18.17.06:914][  0]LogConfig: Setting CVar [[r.DOF.Recombine.EnableBokehSettings:0    ; no bokeh simulation on slight out of focus]]
[2021.05.04-18.17.06:914][  0]LogConfig: Setting CVar [[r.DOF.TemporalAAQuality:1                ; more stable temporal accumulation]]
[2021.05.04-18.17.06:914][  0]LogConfig: Setting CVar [[r.DOF.Kernel.MaxForegroundRadius:0.025]]
[2021.05.04-18.17.06:914][  0]LogConfig: Setting CVar [[r.DOF.Kernel.MaxBackgroundRadius:0.025]]
[2021.05.04-18.17.06:914][  0]LogConfig: Applying CVar settings from Section [TextureQuality@3] File [C:/Users/maria/OneDrive/Documents/Unreal Projects/AUSTVirtualCampus/Saved/Config/Windows/Scalability.ini]
[2021.05.04-18.17.06:914][  0]LogConfig: Setting CVar [[r.Streaming.MipBias:0]]
[2021.05.04-18.17.06:914][  0]LogConfig: Setting CVar [[r.Streaming.AmortizeCPUToGPUCopy:0]]
[2021.05.04-18.17.06:914][  0]LogConfig: Setting CVar [[r.Streaming.MaxNumTexturesToStreamPerFrame:0]]
[2021.05.04-18.17.06:914][  0]LogConfig: Setting CVar [[r.Streaming.Boost:1]]
[2021.05.04-18.17.06:914][  0]LogConfig: Setting CVar [[r.MaxAnisotropy:8]]
[2021.05.04-18.17.06:914][  0]LogConfig: Setting CVar [[r.Streaming.LimitPoolSizeToVRAM:0]]
[2021.05.04-18.17.06:914][  0]LogConfig: Setting CVar [[r.Streaming.PoolSize:1000]]
[2021.05.04-18.17.06:914][  0]LogConfig: Setting CVar [[r.Streaming.MaxEffectiveScreenSize:0]]
[2021.05.04-18.17.06:914][  0]LogConfig: Applying CVar settings from Section [EffectsQuality@3] File [C:/Users/maria/OneDrive/Documents/Unreal Projects/AUSTVirtualCampus/Saved/Config/Windows/Scalability.ini]
[2021.05.04-18.17.06:914][  0]LogConfig: Setting CVar [[r.TranslucencyLightingVolumeDim:64]]
[2021.05.04-18.17.06:915][  0]LogConfig: Setting CVar [[r.RefractionQuality:2]]
[2021.05.04-18.17.06:915][  0]LogConfig: Setting CVar [[r.SSR.Quality:3]]
[2021.05.04-18.17.06:915][  0]LogConfig: Setting CVar [[r.SceneColorFormat:4]]
[2021.05.04-18.17.06:915][  0]LogConfig: Setting CVar [[r.DetailMode:2]]
[2021.05.04-18.17.06:915][  0]LogConfig: Setting CVar [[r.TranslucencyVolumeBlur:1]]
[2021.05.04-18.17.06:915][  0]LogConfig: Setting CVar [[r.MaterialQualityLevel:1 ; High quality]]
[2021.05.04-18.17.06:915][  0]LogConfig: Setting CVar [[r.SSS.Scale:1]]
[2021.05.04-18.17.06:915][  0]LogConfig: Setting CVar [[r.SSS.SampleSet:2]]
[2021.05.04-18.17.06:915][  0]LogConfig: Setting CVar [[r.SSS.Quality:1]]
[2021.05.04-18.17.06:915][  0]LogConfig: Setting CVar [[r.SSS.HalfRes:1]]
[2021.05.04-18.17.06:915][  0]LogConfig: Setting CVar [[r.EmitterSpawnRateScale:1.0]]
[2021.05.04-18.17.06:915][  0]LogConfig: Setting CVar [[r.ParticleLightQuality:2]]
[2021.05.04-18.17.06:915][  0]LogConfig: Applying CVar settings from Section [FoliageQuality@3] File [C:/Users/maria/OneDrive/Documents/Unreal Projects/AUSTVirtualCampus/Saved/Config/Windows/Scalability.ini]
[2021.05.04-18.17.06:915][  0]LogConfig: Setting CVar [[foliage.DensityScale:1.0]]
[2021.05.04-18.17.06:915][  0]LogConfig: Setting CVar [[grass.DensityScale:1.0]]
[2021.05.04-18.17.06:915][  0]LogConfig: Applying CVar settings from Section [Startup] File [../../../Engine/Config/ConsoleVariables.ini]
[2021.05.04-18.17.06:915][  0]LogConfig: Setting CVar [[net.UseAdaptiveNetUpdateFrequency:0]]
[2021.05.04-18.17.06:915][  0]LogConfig: Setting CVar [[p.chaos.AllowCreatePhysxBodies:1]]
[2021.05.04-18.17.06:915][  0]LogConfig: Applying CVar settings from Section [ConsoleVariables] File [C:/Users/maria/OneDrive/Documents/Unreal Projects/AUSTVirtualCampus/Saved/Config/Windows/Engine.ini]
[2021.05.04-18.17.06:915][  0]LogInit: Computer: DESKTOP-IBL932R
[2021.05.04-18.17.06:915][  0]LogInit: User: maria
[2021.05.04-18.17.06:915][  0]LogInit: CPU Page size=4096, Cores=4
[2021.05.04-18.17.06:915][  0]LogInit: High frequency timer resolution =10.000000 MHz
[2021.05.04-18.17.06:916][  0]LogMemory: Memory total: Physical=15.9GB (16GB approx)
[2021.05.04-18.17.06:916][  0]LogMemory: Platform Memory Stats for Windows
[2021.05.04-18.17.06:916][  0]LogMemory: Process Physical Memory: 98.47 MB used, 98.47 MB peak
[2021.05.04-18.17.06:916][  0]LogMemory: Process Virtual Memory: 89.62 MB used, 89.62 MB peak
[2021.05.04-18.17.06:916][  0]LogMemory: Physical Memory: 6683.31 MB used,  9598.43 MB free, 16281.74 MB total
[2021.05.04-18.17.06:916][  0]LogMemory: Virtual Memory: 4642.45 MB used,  134213088.00 MB free, 134217728.00 MB total
[2021.05.04-18.17.06:938][  0]LogInit: Using OS detected language (en-US).
[2021.05.04-18.17.06:938][  0]LogInit: Using OS detected locale (en-GB).
[2021.05.04-18.17.06:939][  0]LogTextLocalizationManager: No specific localization for 'en-US' exists, so the 'en' localization will be used.
[2021.05.04-18.17.07:077][  0]LogInit: Setting process to per monitor DPI aware
[2021.05.04-18.17.07:111][  0]LogSlate: New Slate User Created.  User Index 0, Is Virtual User: 0
[2021.05.04-18.17.07:111][  0]LogSlate: Slate User Registered.  User Index 0, Is Virtual User: 0
[2021.05.04-18.17.07:418][  0]LogHMD: Failed to initialize OpenVR with code 110
[2021.05.04-18.17.07:418][  0]LogD3D11RHI: D3D11 adapters:
[2021.05.04-18.17.07:456][  0]LogD3D11RHI:    0. 'Radeon (TM) 530' (Feature Level 11_0)
[2021.05.04-18.17.07:456][  0]LogD3D11RHI:       4086/0/8140 MB DedicatedVideo/DedicatedSystem/SharedSystem, Outputs:1, VendorId:0x1002
[2021.05.04-18.17.07:486][  0]LogD3D11RHI:    1. 'Intel(R) UHD Graphics 620' (Feature Level 11_0)
[2021.05.04-18.17.07:486][  0]LogD3D11RHI:       128/0/8140 MB DedicatedVideo/DedicatedSystem/SharedSystem, Outputs:0, VendorId:0x8086
[2021.05.04-18.17.07:489][  0]LogD3D11RHI:    2. 'Microsoft Basic Render Driver' (Feature Level 11_0)
[2021.05.04-18.17.07:489][  0]LogD3D11RHI:       0/0/8140 MB DedicatedVideo/DedicatedSystem/SharedSystem, Outputs:0, VendorId:0x1414
[2021.05.04-18.17.07:489][  0]LogD3D11RHI: Chosen D3D11 Adapter: 0
[2021.05.04-18.17.07:496][  0]LogD3D11RHI: Creating new Direct3DDevice
[2021.05.04-18.17.07:496][  0]LogD3D11RHI:     GPU DeviceId: 0x6900 (for the marketing name, search the web for "GPU Device Id")
[2021.05.04-18.17.07:496][  0]LogWindows: EnumDisplayDevices:
[2021.05.04-18.17.07:496][  0]LogWindows:    0. 'Intel(R) UHD Graphics 620' (P:1 D:1)
[2021.05.04-18.17.07:497][  0]LogWindows:    1. 'Intel(R) UHD Graphics 620' (P:0 D:0)
[2021.05.04-18.17.07:497][  0]LogWindows:    2. 'Intel(R) UHD Graphics 620' (P:0 D:0)
[2021.05.04-18.17.07:497][  0]LogWindows: DebugString: PrimaryIsNotTheChoosenAdapter PrimaryIsNotTheChoosenAdapter PrimaryIsNotTheChoosenAdapter FoundDriverCount:0 
[2021.05.04-18.17.07:497][  0]LogD3D11RHI:     Adapter Name: Radeon (TM) 530
[2021.05.04-18.17.07:497][  0]LogD3D11RHI:   Driver Version: Unknown (internal:Unknown, unified:Unknown)
[2021.05.04-18.17.07:498][  0]LogD3D11RHI:      Driver Date: Unknown
[2021.05.04-18.17.07:498][  0]LogRHI: Texture pool is 2860 MB (70% of 4086 MB)
[2021.05.04-18.17.07:542][  0]LogD3D11RHI: Async texture creation enabled
[2021.05.04-18.17.07:547][  0]LogRendererCore: FGlobalReadBuffer::InitRHI
[2021.05.04-18.17.07:548][  0]LogRendererCore: FGlobalReadBuffer::InitRHI
[2021.05.04-18.17.07:548][  0]LogRendererCore: FGlobalReadBuffer::InitRHI
[2021.05.04-18.17.07:555][  0]LogD3D11RHI: GPU Timing Frequency: 27.000000 (Debug: 2 1)
[2021.05.04-18.17.07:894][  0]LogTemp: Display: Module 'AllDesktopTargetPlatform' loaded TargetPlatform 'AllDesktop'
[2021.05.04-18.17.07:907][  0]LogTemp: Display: Module 'MacClientTargetPlatform' loaded TargetPlatform 'MacClient'
[2021.05.04-18.17.07:919][  0]LogTemp: Display: Module 'MacNoEditorTargetPlatform' loaded TargetPlatform 'MacNoEditor'
[2021.05.04-18.17.07:933][  0]LogTemp: Display: Module 'MacServerTargetPlatform' loaded TargetPlatform 'MacServer'
[2021.05.04-18.17.07:946][  0]LogTemp: Display: Module 'MacTargetPlatform' loaded TargetPlatform 'Mac'
[2021.05.04-18.17.07:959][  0]LogTemp: Display: Module 'WindowsClientTargetPlatform' loaded TargetPlatform 'WindowsClient'
[2021.05.04-18.17.07:972][  0]LogTemp: Display: Module 'WindowsNoEditorTargetPlatform' loaded TargetPlatform 'WindowsNoEditor'
[2021.05.04-18.17.07:985][  0]LogTemp: Display: Module 'WindowsServerTargetPlatform' loaded TargetPlatform 'WindowsServer'
[2021.05.04-18.17.07:992][  0]LogTemp: Display: Module 'WindowsTargetPlatform' loaded TargetPlatform 'Windows'
[2021.05.04-18.17.08:076][  0]LogTemp: Display: Module 'AndroidTargetPlatform' loaded TargetPlatform 'Android'
[2021.05.04-18.17.08:076][  0]LogTemp: Display: Module 'AndroidTargetPlatform' loaded TargetPlatform 'Android_ASTC'
[2021.05.04-18.17.08:076][  0]LogTemp: Display: Module 'AndroidTargetPlatform' loaded TargetPlatform 'Android_ATC'
[2021.05.04-18.17.08:076][  0]LogTemp: Display: Module 'AndroidTargetPlatform' loaded TargetPlatform 'Android_DXT'
[2021.05.04-18.17.08:076][  0]LogTemp: Display: Module 'AndroidTargetPlatform' loaded TargetPlatform 'Android_ETC1'
[2021.05.04-18.17.08:076][  0]LogTemp: Display: Module 'AndroidTargetPlatform' loaded TargetPlatform 'Android_ETC1a'
[2021.05.04-18.17.08:076][  0]LogTemp: Display: Module 'AndroidTargetPlatform' loaded TargetPlatform 'Android_ETC2'
[2021.05.04-18.17.08:076][  0]LogTemp: Display: Module 'AndroidTargetPlatform' loaded TargetPlatform 'Android_PVRTC'
[2021.05.04-18.17.08:076][  0]LogTemp: Display: Module 'AndroidTargetPlatform' loaded TargetPlatform 'AndroidClient'
[2021.05.04-18.17.08:076][  0]LogTemp: Display: Module 'AndroidTargetPlatform' loaded TargetPlatform 'Android_ASTCClient'
[2021.05.04-18.17.08:076][  0]LogTemp: Display: Module 'AndroidTargetPlatform' loaded TargetPlatform 'Android_ATCClient'
[2021.05.04-18.17.08:077][  0]LogTemp: Display: Module 'AndroidTargetPlatform' loaded TargetPlatform 'Android_DXTClient'
[2021.05.04-18.17.08:077][  0]LogTemp: Display: Module 'AndroidTargetPlatform' loaded TargetPlatform 'Android_ETC1Client'
[2021.05.04-18.17.08:077][  0]LogTemp: Display: Module 'AndroidTargetPlatform' loaded TargetPlatform 'Android_ETC1aClient'
[2021.05.04-18.17.08:077][  0]LogTemp: Display: Module 'AndroidTargetPlatform' loaded TargetPlatform 'Android_ETC2Client'
[2021.05.04-18.17.08:077][  0]LogTemp: Display: Module 'AndroidTargetPlatform' loaded TargetPlatform 'Android_PVRTCClient'
[2021.05.04-18.17.08:077][  0]LogTemp: Display: Module 'AndroidTargetPlatform' loaded TargetPlatform 'Android_Multi'
[2021.05.04-18.17.08:077][  0]LogTemp: Display: Module 'AndroidTargetPlatform' loaded TargetPlatform 'Android_MultiClient'
[2021.05.04-18.17.08:079][  0]LogTemp: Display: Module 'HTML5TargetPlatform' loaded TargetPlatform 'HTML5'
[2021.05.04-18.17.08:128][  0]LogTemp: Display: Module 'IOSTargetPlatform' loaded TargetPlatform 'IOSClient'
[2021.05.04-18.17.08:128][  0]LogTemp: Display: Module 'IOSTargetPlatform' loaded TargetPlatform 'IOS'
[2021.05.04-18.17.08:152][  0]LogTemp: Display: Module 'TVOSTargetPlatform' loaded TargetPlatform 'TVOSClient'
[2021.05.04-18.17.08:152][  0]LogTemp: Display: Module 'TVOSTargetPlatform' loaded TargetPlatform 'TVOS'
[2021.05.04-18.17.08:164][  0]LogTemp: Display: Module 'LinuxClientTargetPlatform' loaded TargetPlatform 'LinuxClient'
[2021.05.04-18.17.08:176][  0]LogTemp: Display: Module 'LinuxNoEditorTargetPlatform' loaded TargetPlatform 'LinuxNoEditor'
[2021.05.04-18.17.08:188][  0]LogTemp: Display: Module 'LinuxServerTargetPlatform' loaded TargetPlatform 'LinuxServer'
[2021.05.04-18.17.08:205][  0]LogTemp: Display: Module 'LinuxTargetPlatform' loaded TargetPlatform 'Linux'
[2021.05.04-18.17.08:255][  0]LogTemp: Display: Module 'LuminTargetPlatform' loaded TargetPlatform 'Lumin'
[2021.05.04-18.17.08:255][  0]LogTemp: Display: Module 'LuminTargetPlatform' loaded TargetPlatform 'LuminClient'
[2021.05.04-18.17.08:255][  0]LogTargetPlatformManager: Display: Building Assets For Windows
[2021.05.04-18.17.08:264][  0]LogAudioDebug: Display: Lib vorbis DLL was dynamically loaded.
[2021.05.04-18.17.08:327][  0]LogShaderCompilers: Guid format shader working directory is -22 characters bigger than the processId version (C:/Users/maria/OneDrive/Documents/Unreal Projects/AUSTVirtualCampus/Intermediate/Shaders/WorkingDirectory/19348/).
[2021.05.04-18.17.08:327][  0]LogShaderCompilers: Cleaned the shader compiler working directory 'C:/Users/maria/AppData/Local/Temp/UnrealShaderWorkingDir/82E0A519485A106D45040AAB79B75AFB/'.
[2021.05.04-18.17.08:329][  0]LogXGEController: Cleaning working directory: C:/Users/maria/AppData/Local/Temp/UnrealXGEWorkingDir/
[2021.05.04-18.17.08:329][  0]LogXGEController: Cannot use XGE Controller as Incredibuild is not installed on this machine.
[2021.05.04-18.17.08:329][  0]LogShaderCompilers: Cannot use XGE Shader Compiler as Incredibuild is not installed on this machine.
[2021.05.04-18.17.08:329][  0]LogShaderCompilers: Display: Using Local Shader Compiler.
[2021.05.04-18.17.08:853][  0]LogDerivedDataCache: Display: Max Cache Size: 512 MB
[2021.05.04-18.17.08:896][  0]LogDerivedDataCache: Loaded boot cache 0.04s 71MB C:/Users/maria/AppData/Local/UnrealEngine/4.22/DerivedDataCache/Boot.ddc.
[2021.05.04-18.17.08:896][  0]LogDerivedDataCache: Display: Loaded Boot cache: C:/Users/maria/AppData/Local/UnrealEngine/4.22/DerivedDataCache/Boot.ddc
[2021.05.04-18.17.08:896][  0]LogDerivedDataCache: FDerivedDataBackendGraph:  Pak pak cache file C:/Users/maria/OneDrive/Documents/Unreal Projects/AUSTVirtualCampus/DerivedDataCache/DDC.ddp not found, will not use a pak cache.
[2021.05.04-18.17.08:896][  0]LogDerivedDataCache: Unable to find inner node Pak for hierarchical cache Hierarchy.
[2021.05.04-18.17.08:897][  0]LogDerivedDataCache: FDerivedDataBackendGraph:  CompressedPak pak cache file C:/Users/maria/OneDrive/Documents/Unreal Projects/AUSTVirtualCampus/DerivedDataCache/Compressed.ddp not found, will not use a pak cache.
[2021.05.04-18.17.08:897][  0]LogDerivedDataCache: Unable to find inner node CompressedPak for hierarchical cache Hierarchy.
[2021.05.04-18.17.08:908][  0]LogDerivedDataCache: Display: Pak cache opened for reading ../../../Engine/DerivedDataCache/Compressed.ddp.
[2021.05.04-18.17.08:908][  0]LogDerivedDataCache: FDerivedDataBackendGraph:  EnterprisePak pak cache file ../../../Enterprise/DerivedDataCache/Compressed.ddp not found, will not use a pak cache.
[2021.05.04-18.17.08:908][  0]LogDerivedDataCache: Unable to find inner node EnterprisePak for hierarchical cache Hierarchy.
[2021.05.04-18.17.08:919][  0]LogDerivedDataCache: Using Local data cache path C:/Users/maria/AppData/Local/UnrealEngine/Common/DerivedDataCache: Writable
[2021.05.04-18.17.08:919][  0]LogDerivedDataCache: Shared data cache path not found in *engine.ini, will not use an Shared cache.
[2021.05.04-18.17.08:919][  0]LogDerivedDataCache: Unable to find inner node Shared for hierarchical cache Hierarchy.
[2021.05.04-18.17.08:940][  0]LogMaterial: Verifying Global Shaders for PCD3D_SM5
[2021.05.04-18.17.08:941][  0]LogSlate: Using FreeType 2.6.0
[2021.05.04-18.17.08:942][  0]LogSlate: SlateFontServices - WITH_FREETYPE: 1, WITH_HARFBUZZ: 1
[2021.05.04-18.17.09:044][  0]LogAssetRegistry: FAssetRegistry took 0.0329 seconds to start up
[2021.05.04-18.17.09:405][  0]LogInit: Selected Device Profile: [Windows]
[2021.05.04-18.17.09:541][  0]LogMeshReduction: Using QuadricMeshReduction for automatic static mesh reduction
[2021.05.04-18.17.09:541][  0]LogMeshReduction: Using SimplygonMeshReduction for automatic skeletal mesh reduction
[2021.05.04-18.17.09:541][  0]LogMeshReduction: Using ProxyLODMeshReduction for automatic mesh merging
[2021.05.04-18.17.09:541][  0]LogMeshReduction: No distributed automatic mesh merging module available
[2021.05.04-18.17.09:541][  0]LogMeshMerging: No distributed automatic mesh merging module available
[2021.05.04-18.17.09:553][  0]LogNetVersion: AUSTVirtualCampus 1.0.0, NetCL: 5660361, EngineNetVer: 10, GameNetVer: 0 (Checksum: 3184721846)
[2021.05.04-18.17.09:967][  0]LogPackageLocalizationCache: Processed 12 localized package path(s) for 1 prioritized culture(s) in 0.034897 seconds
[2021.05.04-18.17.09:972][  0]LogUObjectArray: 42205 objects as part of root set at end of initial load.
[2021.05.04-18.17.09:972][  0]LogUObjectAllocator: 7325032 out of 0 bytes used by permanent object pool.
[2021.05.04-18.17.09:972][  0]LogUObjectArray: CloseDisregardForGC: 0/0 objects in disregard for GC pool
[2021.05.04-18.17.11:007][  0]LogTcpMessaging: Initializing TcpMessaging bridge
[2021.05.04-18.17.11:021][  0]LogUdpMessaging: Initializing bridge on interface 0.0.0.0:0 to multicast group 230.0.0.1:6666.
[2021.05.04-18.17.11:120][  0]LogLinker: Warning: Asset '../../Plugins/Runtime/WebBrowserWidget/Content/WebTexture_M.uasset' has been saved with empty engine version. The asset will be loaded but may be incompatible.
[2021.05.04-18.17.11:121][  0]LogLinker: Warning: Asset '../../Plugins/Runtime/WebBrowserWidget/Content/WebTexture_T.uasset' has been saved with empty engine version. The asset will be loaded but may be incompatible.
[2021.05.04-18.17.11:126][  0]LogLinker: Warning: Asset '../../Plugins/Runtime/WebBrowserWidget/Content/WebTexture_TM.uasset' has been saved with empty engine version. The asset will be loaded but may be incompatible.
[2021.05.04-18.17.11:301][  0]SourceControl: Source control is disabled
[2021.05.04-18.17.11:301][  0]SourceControl: Source control is disabled
[2021.05.04-18.17.11:303][  0]SourceControl: Source control is disabled
[2021.05.04-18.17.11:305][  0]SourceControl: Source control is disabled
[2021.05.04-18.17.11:405][  0]LogAndroidPermission: UAndroidPermissionCallbackProxy::GetInstance
[2021.05.04-18.17.11:485][  0]LogOcInput: OculusInput pre-init called
[2021.05.04-18.17.12:377][  0]LogEngine: Initializing Engine...
[2021.05.04-18.17.12:378][  0]LogHMD: Failed to initialize OpenVR with code 110
[2021.05.04-18.17.12:379][  0]LogStats: UGameplayTagsManager::InitializeManager -  0.000 s
[2021.05.04-18.17.12:567][  0]LogInit: Initializing FReadOnlyCVARCache
[2021.05.04-18.17.12:579][  0]LogAIModule: Creating AISystem for world Untitled
[2021.05.04-18.17.12:632][  0]LogInit: XAudio2 using 'Speakers / Headphones (Realtek Audio)' : 2 channels at 48 kHz using 32 bits per sample (channel mask 0x3)
[2021.05.04-18.17.14:036][  0]LogInit: FAudioDevice initialized.
[2021.05.04-18.17.14:036][  0]LogNetVersion: Set ProjectVersion to 1.0.0.0. Version Checksum will be recalculated on next use.
[2021.05.04-18.17.14:128][  0]LogDerivedDataCache: Saved boot cache 0.09s 71MB C:/Users/maria/AppData/Local/UnrealEngine/4.22/DerivedDataCache/Boot.ddc.
[2021.05.04-18.17.14:131][  0]LogInit: Texture streaming: Enabled
[2021.05.04-18.17.14:150][  0]LogEngineSessionManager: EngineSessionManager initialized
[2021.05.04-18.17.14:150][  0]LogEngineSessionManager: EngineSessionManager sent abnormal shutdown report. Type=Crashed, SessionId={6A94F17C-490E-D34F-3CDC-578D595727B2}
[2021.05.04-18.17.14:168][  0]LogInit: Transaction tracking system initialized
[2021.05.04-18.17.14:190][  0]BlueprintLog: New page: Editor Load
[2021.05.04-18.17.14:264][  0]LocalizationService: Localization service is disabled
[2021.05.04-18.17.14:591][  0]LogFileCache: Scanning file cache for directory 'C:/Users/maria/OneDrive/Documents/Unreal Projects/AUSTVirtualCampus/Content/' took 0.02s
[2021.05.04-18.17.14:591][  0]LogCook: Display: Max memory allowance for cook 16384mb min free memory 0mb
[2021.05.04-18.17.14:591][  0]LogCook: Display: Mobile HDR setting 1
[2021.05.04-18.17.14:776][  0]SourceControl: Source control is disabled
[2021.05.04-18.17.14:776][  0]Cmd: MAP LOAD FILE="C:/Users/maria/OneDrive/Documents/Unreal Projects/AUSTVirtualCampus/Content/Maps/Login/Login.umap" TEMPLATE=0 SHOWPROGRESS=1 FEATURELEVEL=3
[2021.05.04-18.17.14:776][  0]LightingResults: New page: Lighting Build
[2021.05.04-18.17.14:778][  0]MapCheck: New page: Map Check
[2021.05.04-18.17.14:778][  0]LightingResults: New page: Lighting Build
[2021.05.04-18.17.14:799][  0]LogUObjectHash: Compacting FUObjectHashTables data took   1.28ms
[2021.05.04-18.17.14:820][  0]LogAIModule: Creating AISystem for world Login
[2021.05.04-18.17.14:821][  0]LogEditorServer: Finished looking for orphan Actors (0.000 secs)
[2021.05.04-18.17.14:844][  0]LogUObjectHash: Compacting FUObjectHashTables data took   1.59ms
[2021.05.04-18.17.14:844][  0]Cmd: MAP CHECKDEP NOCLEARLOG
[2021.05.04-18.17.14:844][  0]MapCheck: Map check complete: 0 Error(s), 0 Warning(s), took 0.127ms to complete.
[2021.05.04-18.17.14:844][  0]LogFileHelpers: Loading map 'Login' took 0.069
[2021.05.04-18.17.14:942][  0]LogSlate: Updating window title bar state: overlay mode, drag disabled, window buttons hidden, title bar hidden
[2021.05.04-18.17.14:949][  0]LogSlate: Updating window title bar state: overlay mode, drag disabled, window buttons hidden, title bar hidden
[2021.05.04-18.17.14:955][  0]LogSlate: Updating window title bar state: overlay mode, drag disabled, window buttons hidden, title bar hidden
[2021.05.04-18.17.14:962][  0]LogSlate: Updating window title bar state: overlay mode, drag disabled, window buttons hidden, title bar hidden
[2021.05.04-18.17.14:967][  0]LogCollectionManager: Loaded 0 collections in 0.000845 seconds
[2021.05.04-18.17.14:983][  0]LogFileCache: Scanning file cache for directory 'C:/Users/maria/OneDrive/Documents/Unreal Projects/AUSTVirtualCampus/Saved/Collections/' took 0.01s
[2021.05.04-18.17.14:983][  0]LogFileCache: Scanning file cache for directory 'C:/Users/maria/OneDrive/Documents/Unreal Projects/AUSTVirtualCampus/Content/Developers/maria/Collections/' took 0.00s
[2021.05.04-18.17.14:983][  0]LogFileCache: Scanning file cache for directory 'C:/Users/maria/OneDrive/Documents/Unreal Projects/AUSTVirtualCampus/Content/Collections/' took 0.00s
[2021.05.04-18.17.14:983][  0]LogCollectionManager: Rebuilt the GUID cache for 0 collections in 0.000000 seconds
[2021.05.04-18.17.14:991][  0]LogContentBrowser: Native class hierarchy populated in 0.0075 seconds. Added 2737 classes and 667 folders.
[2021.05.04-18.17.14:996][  0]LogContentBrowser: Native class hierarchy updated for 'WidgetCarousel' in 0.0002 seconds. Added 0 classes and 0 folders.
[2021.05.04-18.17.14:998][  0]LogPakFile: Registered encryption key '00000000000000000000000000000000': 0 pak files mounted, 0 remain pending
[2021.05.04-18.17.14:999][  0]LogPakFile: Registered encryption key '00000000000000000000000000000000': 0 pak files mounted, 0 remain pending
[2021.05.04-18.17.15:000][  0]LogPakFile: Registered encryption key '00000000000000000000000000000000': 0 pak files mounted, 0 remain pending
[2021.05.04-18.17.15:001][  0]LogPakFile: Registered encryption key '00000000000000000000000000000000': 0 pak files mounted, 0 remain pending
[2021.05.04-18.17.15:001][  0]LogPakFile: Registered encryption key '00000000000000000000000000000000': 0 pak files mounted, 0 remain pending
[2021.05.04-18.17.15:002][  0]LogPakFile: Registered encryption key '00000000000000000000000000000000': 0 pak files mounted, 0 remain pending
[2021.05.04-18.17.15:003][  0]LogPakFile: Registered encryption key '00000000000000000000000000000000': 0 pak files mounted, 0 remain pending
[2021.05.04-18.17.15:004][  0]LogPakFile: Registered encryption key '00000000000000000000000000000000': 0 pak files mounted, 0 remain pending
[2021.05.04-18.17.15:005][  0]LogPakFile: Registered encryption key '00000000000000000000000000000000': 0 pak files mounted, 0 remain pending
[2021.05.04-18.17.15:005][  0]LogPakFile: Registered encryption key '00000000000000000000000000000000': 0 pak files mounted, 0 remain pending
[2021.05.04-18.17.15:006][  0]LogPakFile: Registered encryption key '00000000000000000000000000000000': 0 pak files mounted, 0 remain pending
[2021.05.04-18.17.15:007][  0]LogPakFile: Registered encryption key '00000000000000000000000000000000': 0 pak files mounted, 0 remain pending
[2021.05.04-18.17.15:008][  0]LogPakFile: Registered encryption key '00000000000000000000000000000000': 0 pak files mounted, 0 remain pending
[2021.05.04-18.17.15:008][  0]LogPakFile: Registered encryption key '00000000000000000000000000000000': 0 pak files mounted, 0 remain pending
[2021.05.04-18.17.15:009][  0]LogPakFile: Registered encryption key '00000000000000000000000000000000': 0 pak files mounted, 0 remain pending
[2021.05.04-18.17.15:010][  0]LogPakFile: Registered encryption key '00000000000000000000000000000000': 0 pak files mounted, 0 remain pending
[2021.05.04-18.17.15:011][  0]LogPakFile: Registered encryption key '00000000000000000000000000000000': 0 pak files mounted, 0 remain pending
[2021.05.04-18.17.15:011][  0]LogPakFile: Registered encryption key '00000000000000000000000000000000': 0 pak files mounted, 0 remain pending
[2021.05.04-18.17.15:012][  0]LogPakFile: Registered encryption key '00000000000000000000000000000000': 0 pak files mounted, 0 remain pending
[2021.05.04-18.17.15:013][  0]LogPakFile: Registered encryption key '00000000000000000000000000000000': 0 pak files mounted, 0 remain pending
[2021.05.04-18.17.15:013][  0]LogPakFile: Registered encryption key '00000000000000000000000000000000': 0 pak files mounted, 0 remain pending
[2021.05.04-18.17.15:014][  0]LogPakFile: Registered encryption key '00000000000000000000000000000000': 0 pak files mounted, 0 remain pending
[2021.05.04-18.17.15:015][  0]LogPakFile: Registered encryption key '00000000000000000000000000000000': 0 pak files mounted, 0 remain pending
[2021.05.04-18.17.15:016][  0]LogPakFile: Registered encryption key '00000000000000000000000000000000': 0 pak files mounted, 0 remain pending
[2021.05.04-18.17.15:017][  0]LogPakFile: Registered encryption key '00000000000000000000000000000000': 0 pak files mounted, 0 remain pending
[2021.05.04-18.17.15:017][  0]LogPakFile: Registered encryption key '00000000000000000000000000000000': 0 pak files mounted, 0 remain pending
[2021.05.04-18.17.15:073][  0]LogContentBrowser: Native class hierarchy updated for 'AddContentDialog' in 0.0002 seconds. Added 0 classes and 0 folders.
[2021.05.04-18.17.15:077][  0]LogContentBrowser: Native class hierarchy updated for 'SceneOutliner' in 0.0002 seconds. Added 1 classes and 2 folders.
[2021.05.04-18.17.15:091][  0]LogSlate: Took 0.000335 seconds to synchronously load lazily loaded font '../../../Engine/Content/Slate/Fonts/Roboto-Regular.ttf' (155K)
[2021.05.04-18.17.15:094][  0]LogSlate: Took 0.000258 seconds to synchronously load lazily loaded font '../../../Engine/Content/Slate/Fonts/Roboto-Bold.ttf' (160K)
[2021.05.04-18.17.15:098][  0]LogSlate: Took 0.000269 seconds to synchronously load lazily loaded font '../../../Engine/Content/Editor/Slate/Fonts/FontAwesome.ttf' (139K)
[2021.05.04-18.17.15:166][  0]LogRenderer: Reallocating scene render targets to support 1208x572 Format 10 NumSamples 1 (Frame:1).
[2021.05.04-18.17.15:384][  0]LogContentBrowser: Native class hierarchy updated for 'HierarchicalLODOutliner' in 0.0002 seconds. Added 0 classes and 0 folders.
[2021.05.04-18.17.15:384][  0]LogLoad: (Engine Initialization) Total time: 10.88 seconds
[2021.05.04-18.17.15:384][  0]LogLoad: (Engine Initialization) Total Blueprint compile time: 0.00 seconds
[2021.05.04-18.17.15:426][  0]LogAssetRegistry: Asset discovery search completed in 6.4040 seconds
[2021.05.04-18.17.15:428][  0]LogCollectionManager: Rebuilt the object cache for 0 collections in 0.000000 seconds (found 0 objects)
[2021.05.04-18.17.15:428][  0]LogCollectionManager: Fixed up redirectors for 0 collections in 0.000043 seconds (updated 0 objects)
[2021.05.04-18.17.15:429][  0]LogContentStreaming: Texture pool size now 1000 MB
[2021.05.04-18.17.15:457][  0]LogSlate: Took 0.000214 seconds to synchronously load lazily loaded font '../../../Engine/Content/Slate/Fonts/Roboto-Light.ttf' (167K)
[2021.05.04-18.17.18:642][195]LogSlate: FSceneViewport::OnFocusLost() reason 0
[2021.05.04-18.17.26:489][706]LogSlate: Took 0.000685 seconds to synchronously load lazily loaded font '../../../Engine/Content/Slate/Fonts/Roboto-Light.ttf' (167K)
[2021.05.04-18.17.27:582][706]LogAIModule: Creating AISystem for world Building_B
[2021.05.04-18.17.27:726][706]LogAssetEditorManager: Opening Asset editor for World /Game/Maps/Buildings/Building_B.Building_B
[2021.05.04-18.17.27:765][706]LogUObjectHash: Compacting FUObjectHashTables data took   3.20ms
[2021.05.04-18.17.27:766][706]Cmd: MAP LOAD FILE="C:/Users/maria/OneDrive/Documents/Unreal Projects/AUSTVirtualCampus/Content/Maps/Buildings/Building_B.umap" TEMPLATE=0 SHOWPROGRESS=1 FEATURELEVEL=3
[2021.05.04-18.17.27:766][706]LightingResults: New page: Lighting Build
[2021.05.04-18.17.27:767][706]LoadErrors: New page: Loading map: Building_B.umap
[2021.05.04-18.17.27:767][706]MapCheck: New page: Map Check
[2021.05.04-18.17.27:767][706]LightingResults: New page: Lighting Build
[2021.05.04-18.17.27:794][706]LogUObjectHash: Compacting FUObjectHashTables data took   2.05ms
[2021.05.04-18.17.27:973][706]LogEditorServer: Finished looking for orphan Actors (0.000 secs)
[2021.05.04-18.17.28:008][706]LogUObjectHash: Compacting FUObjectHashTables data took   1.94ms
[2021.05.04-18.17.28:033][706]Cmd: MAP CHECKDEP NOCLEARLOG
[2021.05.04-18.17.28:034][706]MapCheck: Map check complete: 0 Error(s), 0 Warning(s), took 0.221ms to complete.
[2021.05.04-18.17.28:034][706]LogFileHelpers: Loading map 'Building_B' took 0.269
[2021.05.04-18.17.33:891][117]LogEditorViewport: Clicking on Actor (LMB): OfficeDoor_C (OfficeDoor)
[2021.05.04-18.17.41:138][640]LogSlate: FSceneViewport::OnFocusLost() reason 0
[2021.05.04-18.18.35:291][633]LogSlate: Took 0.000360 seconds to synchronously load lazily loaded font '../../../Engine/Content/Slate/Fonts/Roboto-Italic.ttf' (157K)
[2021.05.04-18.18.35:936][688]LogSlate: FSceneViewport::OnFocusLost() reason 0
[2021.05.04-18.19.44:780][652]Cmd: TRANSACTION UNDO
[2021.05.04-18.19.44:780][652]LogEditorTransaction: Undo Move Actors
[2021.05.04-18.19.45:676][703]Cmd: TRANSACTION UNDO
[2021.05.04-18.19.45:676][703]LogEditorTransaction: Undo Move Actors
[2021.05.04-18.19.46:460][759]Cmd: TRANSACTION UNDO
[2021.05.04-18.19.46:460][759]LogEditorTransaction: Undo Move Actors
[2021.05.04-18.19.47:582][839]Cmd: TRANSACTION UNDO
[2021.05.04-18.19.47:582][839]LogEditorTransaction: Undo Move Actors
[2021.05.04-18.19.49:054][944]Cmd: TRANSACTION UNDO
[2021.05.04-18.19.49:054][944]LogEditorTransaction: Undo Move Actors
[2021.05.04-18.19.49:964][  9]Cmd: TRANSACTION UNDO
[2021.05.04-18.19.49:964][  9]LogEditorTransaction: Undo Clicking on Actors
[2021.05.04-18.19.54:042][288]LogSlate: FSceneViewport::OnFocusLost() reason 0
[2021.05.04-18.21.06:884][828]LogUObjectHash: Compacting FUObjectHashTables data took   1.33ms
[2021.05.04-18.21.07:385][828]LogSavePackage: Moving 'C:/Users/maria/OneDrive/Documents/Unreal Projects/AUSTVirtualCampus/Saved/Building_BCE1709F84AD184F6F2D9EB85D2D070D6.tmp' to 'C:/Users/maria/OneDrive/Documents/Unreal Projects/AUSTVirtualCampus/Content/Maps/Buildings/Building_B.umap'
[2021.05.04-18.22.02:963][193]LogSlate: FSceneViewport::OnFocusLost() reason 2
[2021.05.04-18.22.03:006][193]LogUObjectHash: Compacting FUObjectHashTables data took   1.67ms
[2021.05.04-18.22.03:504][193]LogSavePackage: Moving 'C:/Users/maria/OneDrive/Documents/Unreal Projects/AUSTVirtualCampus/Saved/Building_B470078974F2377D3F766EAB656CD5AD3.tmp' to 'C:/Users/maria/OneDrive/Documents/Unreal Projects/AUSTVirtualCampus/Content/Maps/Buildings/Building_B.umap'
[2021.05.04-18.22.07:875][590]LogUObjectHash: Compacting FUObjectHashTables data took   1.64ms
[2021.05.04-18.22.18:429][443]LogEditorViewport: Clicking on Actor (LMB): OfficeDoor_C (OfficeDoor)
[2021.05.04-18.22.21:857][685]LogSlate: FSceneViewport::OnFocusLost() reason 0
[2021.05.04-18.24.02:046][119]LogSlate: FSceneViewport::OnFocusLost() reason 0
[2021.05.04-18.24.05:096][340]LogSlate: FSceneViewport::OnFocusLost() reason 2
[2021.05.04-18.24.05:231][340]LogUObjectHash: Compacting FUObjectHashTables data took   1.94ms
[2021.05.04-18.24.05:961][340]LogSavePackage: Moving 'C:/Users/maria/OneDrive/Documents/Unreal Projects/AUSTVirtualCampus/Saved/Building_B98A64DEB4FBA353A7AE918A00D997D86.tmp' to 'C:/Users/maria/OneDrive/Documents/Unreal Projects/AUSTVirtualCampus/Content/Maps/Buildings/Building_B.umap'
[2021.05.04-18.26.30:840][ 23]LogUObjectHash: Compacting FUObjectHashTables data took   1.75ms
[2021.05.04-18.26.31:567][ 23]LogSavePackage: Moving 'C:/Users/maria/OneDrive/Documents/Unreal Projects/AUSTVirtualCampus/Saved/Building_B785F1ED7489214D6B92DCE932A002581.tmp' to 'C:/Users/maria/OneDrive/Documents/Unreal Projects/AUSTVirtualCampus/Content/Maps/Buildings/Building_B.umap'
[2021.05.04-18.27.50:565][905]LogSlate: FSceneViewport::OnFocusLost() reason 0
[2021.05.04-18.28.27:023][ 45]LogUObjectHash: Compacting FUObjectHashTables data took   1.90ms
[2021.05.04-18.28.27:074][ 45]LogUObjectHash: Compacting FUObjectHashTables data took   0.63ms
[2021.05.04-18.28.27:811][ 45]LogSavePackage: Moving 'C:/Users/maria/OneDrive/Documents/Unreal Projects/AUSTVirtualCampus/Saved/Building_B4C2AB74A4C17BB68BCDA18B240CD986B.tmp' to 'C:/Users/maria/OneDrive/Documents/Unreal Projects/AUSTVirtualCampus/Content/Maps/Buildings/Building_B.umap'
[2021.05.04-18.28.27:835][ 45]LogFileHelpers: Saving map 'Building_B' took 0.782
[2021.05.04-18.28.29:168][148]LogUObjectHash: Compacting FUObjectHashTables data took   1.82ms
[2021.05.04-18.28.29:219][148]LogSlate: Window 'AUSTVirtualCampus - Unreal Editor' being destroyed
[2021.05.04-18.28.29:221][148]LogWindowsTextInputMethodSystem: Display: IME system now deactivated.
[2021.05.04-18.28.29:406][149]Cmd: QUIT_EDITOR
[2021.05.04-18.28.29:443][149]LogExit: Preparing to exit.
[2021.05.04-18.28.30:421][149]LogExit: Editor shut down
[2021.05.04-18.28.30:421][149]LogExit: Transaction tracking system shut down
[2021.05.04-18.28.30:638][149]LogExit: Object subsystem successfully closed.
[2021.05.04-18.28.30:655][149]LogShaderCompilers: Display: Shaders left to compile 0
[2021.05.04-18.28.30:659][149]LogD3D11RHI: Shutdown
[2021.05.04-18.28.30:659][149]LogD3D11RHI: CleanupD3DDevice
[2021.05.04-18.28.30:659][149]LogRendererCore: FGlobalReadBuffer::ReleaseRHI
[2021.05.04-18.28.30:659][149]LogRendererCore: FGlobalDynamicReadBuffer::Cleanup()
[2021.05.04-18.28.30:659][149]LogRendererCore: FGlobalReadBuffer::ReleaseRHI
[2021.05.04-18.28.30:659][149]LogRendererCore: FGlobalDynamicReadBuffer::Cleanup()
[2021.05.04-18.28.30:659][149]LogRendererCore: FGlobalReadBuffer::ReleaseRHI
[2021.05.04-18.28.30:659][149]LogRendererCore: FGlobalDynamicReadBuffer::Cleanup()
[2021.05.04-18.28.30:797][149]LogD3D11RHI: ~FD3D11DynamicRHI
[2021.05.04-18.28.30:876][149]LogModuleManager: Shutting down and abandoning module HierarchicalLODOutliner (648)
[2021.05.04-18.28.30:876][149]LogModuleManager: Shutting down and abandoning module SceneOutliner (646)
[2021.05.04-18.28.30:876][149]LogModuleManager: Shutting down and abandoning module AddContentDialog (644)
[2021.05.04-18.28.30:877][149]LogModuleManager: Shutting down and abandoning module WidgetCarousel (643)
[2021.05.04-18.28.30:877][149]LogModuleManager: Shutting down and abandoning module EditorWidgets (640)
[2021.05.04-18.28.30:877][149]LogModuleManager: Shutting down and abandoning module CollectionManager (638)
[2021.05.04-18.28.30:877][149]LogModuleManager: Shutting down and abandoning module StatsViewer (636)
[2021.05.04-18.28.30:877][149]LogModuleManager: Shutting down and abandoning module FoliageEdit (634)
[2021.05.04-18.28.30:877][149]LogModuleManager: Shutting down and abandoning module LandscapeEditor (632)
[2021.05.04-18.28.30:877][149]LogModuleManager: Shutting down and abandoning module MeshPaintMode (630)
[2021.05.04-18.28.30:877][149]LogModuleManager: Shutting down and abandoning module SceneDepthPickerMode (628)
[2021.05.04-18.28.30:878][149]LogModuleManager: Shutting down and abandoning module ActorPickerMode (626)
[2021.05.04-18.28.30:878][149]LogModuleManager: Shutting down and abandoning module GeometryMode (624)
[2021.05.04-18.28.30:878][149]LogModuleManager: Shutting down and abandoning module TextureAlignMode (622)
[2021.05.04-18.28.30:878][149]LogModuleManager: Shutting down and abandoning module BspMode (620)
[2021.05.04-18.28.30:878][149]LogModuleManager: Shutting down and abandoning module PIEPreviewDeviceProfileSelector (618)
[2021.05.04-18.28.30:878][149]LogModuleManager: Shutting down and abandoning module SequenceRecorderSections (616)
[2021.05.04-18.28.30:878][149]LogModuleManager: Shutting down and abandoning module AutomationWorker (614)
[2021.05.04-18.28.30:878][149]LogModuleManager: Shutting down and abandoning module OculusMR (612)
[2021.05.04-18.28.30:878][149]LogModuleManager: Shutting down and abandoning module AudioCaptureEditor (610)
[2021.05.04-18.28.30:878][149]LogModuleManager: Shutting down and abandoning module MatineeToLevelSequence (608)
[2021.05.04-18.28.30:878][149]LogModuleManager: Shutting down and abandoning module LevelSequenceEditor (606)
[2021.05.04-18.28.30:878][149]LogModuleManager: Shutting down and abandoning module PlacementMode (605)
[2021.05.04-18.28.30:878][149]LogModuleManager: Shutting down and abandoning module MaterialEditor (604)
[2021.05.04-18.28.30:878][149]LogModuleManager: Shutting down and abandoning module ActorSequenceEditor (600)
[2021.05.04-18.28.30:878][149]LogModuleManager: Shutting down and abandoning module WmfMediaFactory (598)
[2021.05.04-18.28.30:878][149]LogModuleManager: Shutting down and abandoning module WmfMediaEditor (596)
[2021.05.04-18.28.30:878][149]LogModuleManager: Shutting down and abandoning module WebMMediaFactory (594)
[2021.05.04-18.28.30:878][149]LogModuleManager: Shutting down and abandoning module WebMMediaEditor (592)
[2021.05.04-18.28.30:878][149]LogModuleManager: Shutting down and abandoning module WebMMedia (590)
[2021.05.04-18.28.30:878][149]LogModuleManager: Shutting down and abandoning module MediaPlayerEditor (588)
[2021.05.04-18.28.30:878][149]LogModuleManager: Shutting down and abandoning module MediaCompositingEditor (586)
[2021.05.04-18.28.30:878][149]LogModuleManager: Shutting down and abandoning module SequenceRecorder (585)
[2021.05.04-18.28.30:879][149]LogModuleManager: Shutting down and abandoning module OpenExrWrapper (582)
[2021.05.04-18.28.30:879][149]LogModuleManager: Shutting down and abandoning module ImgMediaFactory (580)
[2021.05.04-18.28.30:879][149]LogModuleManager: Shutting down and abandoning module ImgMediaEditor (578)
[2021.05.04-18.28.30:879][149]LogModuleManager: Shutting down and abandoning module AvfMediaFactory (576)
[2021.05.04-18.28.30:879][149]LogModuleManager: Shutting down and abandoning module AvfMediaEditor (574)
[2021.05.04-18.28.30:879][149]LogModuleManager: Shutting down and abandoning module AndroidMediaFactory (572)
[2021.05.04-18.28.30:879][149]LogModuleManager: Shutting down and abandoning module AndroidMediaEditor (570)
[2021.05.04-18.28.30:879][149]LogModuleManager: Shutting down and abandoning module MagicLeapCameraPreviewFactory (568)
[2021.05.04-18.28.30:879][149]LogModuleManager: Shutting down and abandoning module MagicLeapMediaCodecFactory (566)
[2021.05.04-18.28.30:879][149]LogModuleManager: Shutting down and abandoning module MagicLeapMediaFactory (564)
[2021.05.04-18.28.30:879][149]LogModuleManager: Shutting down and abandoning module MagicLeapMediaEditor (562)
[2021.05.04-18.28.30:879][149]LogModuleManager: Shutting down and abandoning module CharacterAI (560)
[2021.05.04-18.28.30:879][149]LogModuleManager: Shutting down and abandoning module SmartSnapping (558)
[2021.05.04-18.28.30:879][149]LogModuleManager: Shutting down and abandoning module SessionServices (556)
[2021.05.04-18.28.30:879][149]LogModuleManager: Shutting down and abandoning module MeshPaint (554)
[2021.05.04-18.28.30:879][149]LogModuleManager: Shutting down and abandoning module ViewportSnapping (552)
[2021.05.04-18.28.30:879][149]LogModuleManager: Shutting down and abandoning module ViewportInteraction (550)
[2021.05.04-18.28.30:879][149]LogModuleManager: Shutting down and abandoning module ClothPainter (548)
[2021.05.04-18.28.30:879][149]LogModuleManager: Shutting down and abandoning module SkeletalMeshEditor (547)
[2021.05.04-18.28.30:879][149]LogModuleManager: Shutting down and abandoning module LogVisualizer (544)
[2021.05.04-18.28.30:879][149]LogModuleManager: Shutting down and abandoning module IntroTutorials (542)
[2021.05.04-18.28.30:879][149]LogModuleManager: Shutting down and abandoning module GameProjectGeneration (541)
[2021.05.04-18.28.30:879][149]LogModuleManager: Shutting down and abandoning module LuminPlatformEditor (538)
[2021.05.04-18.28.30:879][149]LogModuleManager: Shutting down and abandoning module IOSPlatformEditor (536)
[2021.05.04-18.28.30:880][149]LogModuleManager: Shutting down and abandoning module HTML5PlatformEditor (534)
[2021.05.04-18.28.30:880][149]LogModuleManager: Shutting down and abandoning module AndroidPlatformEditor (532)
[2021.05.04-18.28.30:880][149]LogModuleManager: Shutting down and abandoning module AndroidDeviceDetection (531)
[2021.05.04-18.28.31:723][149]LogModuleManager: Shutting down and abandoning module WindowsPlatformEditor (528)
[2021.05.04-18.28.31:724][149]LogModuleManager: Shutting down and abandoning module LuminRuntimeSettings (526)
[2021.05.04-18.28.31:724][149]LogModuleManager: Shutting down and abandoning module IOSRuntimeSettings (524)
[2021.05.04-18.28.31:724][149]LogModuleManager: Shutting down and abandoning module AndroidRuntimeSettings (522)
[2021.05.04-18.28.31:724][149]LogModuleManager: Shutting down and abandoning module TimeManagementEditor (520)
[2021.05.04-18.28.31:724][149]LogModuleManager: Shutting down and abandoning module InputBindingEditor (518)
[2021.05.04-18.28.31:724][149]LogModuleManager: Shutting down and abandoning module MergeActors (516)
[2021.05.04-18.28.31:724][149]LogModuleManager: Shutting down and abandoning module LocalizationDashboard (514)
[2021.05.04-18.28.31:724][149]LogModuleManager: Shutting down and abandoning module LocalizationService (513)
[2021.05.04-18.28.31:724][149]LogModuleManager: Shutting down and abandoning module HardwareTargeting (510)
[2021.05.04-18.28.31:724][149]LogModuleManager: Shutting down and abandoning module DeviceProfileEditor (508)
[2021.05.04-18.28.31:725][149]LogModuleManager: Shutting down and abandoning module UndoHistory (506)
[2021.05.04-18.28.31:725][149]LogModuleManager: Shutting down and abandoning module XmlParser (504)
[2021.05.04-18.28.31:725][149]LogModuleManager: Shutting down and abandoning module Blutility (502)
[2021.05.04-18.28.31:725][149]LogModuleManager: Shutting down and abandoning module ProjectSettingsViewer (500)
[2021.05.04-18.28.31:725][149]LogModuleManager: Shutting down and abandoning module ProjectTargetPlatformEditor (499)
[2021.05.04-18.28.31:726][149]LogModuleManager: Shutting down and abandoning module EditorSettingsViewer (496)
[2021.05.04-18.28.31:726][149]LogModuleManager: Shutting down and abandoning module SettingsEditor (494)
[2021.05.04-18.28.31:726][149]LogModuleManager: Shutting down and abandoning module ProjectLauncher (492)
[2021.05.04-18.28.31:726][149]LogModuleManager: Shutting down and abandoning module SessionFrontend (490)
[2021.05.04-18.28.31:726][149]LogModuleManager: Shutting down and abandoning module ProfilerClient (488)
[2021.05.04-18.28.31:726][149]LogModuleManager: Shutting down and abandoning module DeviceManager (486)
[2021.05.04-18.28.31:726][149]LogModuleManager: Shutting down and abandoning module TargetDeviceServices (485)
[2021.05.04-18.28.31:780][149]LogModuleManager: Shutting down and abandoning module AutomationController (482)
[2021.05.04-18.28.31:780][149]LogModuleManager: Shutting down and abandoning module AutomationWindow (480)
[2021.05.04-18.28.31:780][149]LogModuleManager: Shutting down and abandoning module Layers (478)
[2021.05.04-18.28.31:780][149]LogModuleManager: Shutting down and abandoning module ComponentVisualizers (476)
[2021.05.04-18.28.31:780][149]LogModuleManager: Shutting down and abandoning module DetailCustomizations (474)
[2021.05.04-18.28.31:780][149]LogModuleManager: Shutting down and abandoning module PackagesDialog (472)
[2021.05.04-18.28.31:781][149]LogModuleManager: Shutting down and abandoning module AnimationBlueprintEditor (470)
[2021.05.04-18.28.31:781][149]LogModuleManager: Shutting down and abandoning module Persona (468)
[2021.05.04-18.28.31:781][149]LogModuleManager: Shutting down and abandoning module AdvancedPreviewScene (467)
[2021.05.04-18.28.31:781][149]LogModuleManager: Shutting down and abandoning module AnimGraph (465)
[2021.05.04-18.28.31:781][149]LogModuleManager: Shutting down and abandoning module Kismet (462)
[2021.05.04-18.28.31:783][149]LogModuleManager: Shutting down and abandoning module GraphEditor (460)
[2021.05.04-18.28.31:783][149]LogModuleManager: Shutting down and abandoning module ClassViewer (458)
[2021.05.04-18.28.31:783][149]LogModuleManager: Shutting down and abandoning module Toolbox (456)
[2021.05.04-18.28.31:783][149]LogModuleManager: Shutting down and abandoning module ModuleUI (454)
[2021.05.04-18.28.31:783][149]LogModuleManager: Shutting down and abandoning module MovieSceneTools (452)
[2021.05.04-18.28.31:783][149]LogModuleManager: Shutting down and abandoning module OutputLog (450)
[2021.05.04-18.28.31:783][149]LogModuleManager: Shutting down and abandoning module GammaUI (448)
[2021.05.04-18.28.31:784][149]LogModuleManager: Shutting down and abandoning module Documentation (446)
[2021.05.04-18.28.31:784][149]LogModuleManager: Shutting down and abandoning module LiveCoding (444)
[2021.05.04-18.28.31:784][149]LogModuleManager: Shutting down and abandoning module LevelSequence (442)
[2021.05.04-18.28.31:784][149]LogModuleManager: Shutting down and abandoning module MovieSceneTracks (440)
[2021.05.04-18.28.31:784][149]LogModuleManager: Shutting down and abandoning module MovieScene (438)
[2021.05.04-18.28.31:784][149]LogModuleManager: Shutting down and abandoning module StreamingPauseRendering (436)
[2021.05.04-18.28.31:784][149]LogModuleManager: Shutting down and abandoning module LauncherPlatform (434)
[2021.05.04-18.28.31:784][149]LogModuleManager: Shutting down and abandoning module AnalyticsET (432)
[2021.05.04-18.28.31:784][149]LogModuleManager: Shutting down and abandoning module PortalServices (430)
[2021.05.04-18.28.31:784][149]LogModuleManager: Shutting down and abandoning module PortalRpc (428)
[2021.05.04-18.28.31:784][149]LogModuleManager: Shutting down and abandoning module MessagingRpc (426)
[2021.05.04-18.28.31:784][149]LogModuleManager: Shutting down and abandoning module AIModule (424)
[2021.05.04-18.28.31:784][149]LogModuleManager: Shutting down and abandoning module GameplayDebugger (423)
[2021.05.04-18.28.31:784][149]LogModuleManager: Shutting down and abandoning module AITestSuite (421)
[2021.05.04-18.28.31:784][149]LogModuleManager: Shutting down and abandoning module NavigationSystem (419)
[2021.05.04-18.28.31:784][149]LogModuleManager: Shutting down and abandoning module DesktopPlatform (416)
[2021.05.04-18.28.31:784][149]LogModuleManager: Shutting down and abandoning module ImageWriteQueue (414)
[2021.05.04-18.28.31:787][149]LogModuleManager: Shutting down and abandoning module ProfilerService (412)
[2021.05.04-18.28.31:942][149]LogModuleManager: Shutting down and abandoning module TaskGraph (410)
[2021.05.04-18.28.31:943][149]LogModuleManager: Shutting down and abandoning module MySQLConnectorUE4Plugin (408)
[2021.05.04-18.28.31:943][149]LogModuleManager: Shutting down and abandoning module SteamVRController (406)
[2021.05.04-18.28.31:943][149]LogModuleManager: Shutting down and abandoning module ProceduralMeshComponentEditor (404)
[2021.05.04-18.28.31:943][149]LogModuleManager: Shutting down and abandoning module ProceduralMeshComponent (402)
[2021.05.04-18.28.31:943][149]LogModuleManager: Shutting down and abandoning module OculusEditor (400)
[2021.05.04-18.28.31:943][149]LogModuleManager: Shutting down and abandoning module OculusInput (398)
[2021.05.04-18.28.31:943][149]LogModuleManager: Shutting down and abandoning module MobilePatchingUtils (396)
[2021.05.04-18.28.31:943][149]LogModuleManager: Shutting down and abandoning module EditableMesh (394)
[2021.05.04-18.28.31:944][149]LogModuleManager: Shutting down and abandoning module CustomMeshComponent (392)
[2021.05.04-18.28.31:944][149]LogModuleManager: Shutting down and abandoning module CableComponent (390)
[2021.05.04-18.28.31:944][149]LogModuleManager: Shutting down and abandoning module AudioCapture (388)
[2021.05.04-18.28.31:944][149]LogModuleManager: Shutting down and abandoning module ArchVisCharacter (386)
[2021.05.04-18.28.31:944][149]LogModuleManager: Shutting down and abandoning module AndroidPermission (384)
[2021.05.04-18.28.31:944][149]LogModuleManager: Shutting down and abandoning module NUTUnrealEngine4 (382)
[2021.05.04-18.28.31:944][149]LogModuleManager: Shutting down and abandoning module NetcodeUnitTest (380)
[2021.05.04-18.28.31:944][149]LogModuleManager: Shutting down and abandoning module MediaCompositing (378)
[2021.05.04-18.28.31:944][149]LogModuleManager: Shutting down and abandoning module LinearTimecode (376)
[2021.05.04-18.28.31:944][149]LogModuleManager: Shutting down and abandoning module ImgMedia (374)
[2021.05.04-18.28.31:944][149]LogModuleManager: Shutting down and abandoning module MagicLeapHelperVulkan (372)
[2021.05.04-18.28.31:945][149]LogModuleManager: Shutting down and abandoning module MagicLeapHelperOpenGL (370)
[2021.05.04-18.28.31:945][149]LogModuleManager: Shutting down and abandoning module MagicLeapAudio (368)
[2021.05.04-18.28.31:945][149]LogModuleManager: Shutting down and abandoning module HTML5Networking (366)
[2021.05.04-18.28.31:945][149]LogModuleManager: Shutting down and abandoning module GeometryCacheTracks (364)
[2021.05.04-18.28.31:945][149]LogModuleManager: Shutting down and abandoning module GeometryCacheSequencer (362)
[2021.05.04-18.28.31:945][149]LogModuleManager: Shutting down and abandoning module BackChannel (360)
[2021.05.04-18.28.31:945][149]LogModuleManager: Shutting down and abandoning module AppleVision (358)
[2021.05.04-18.28.31:945][149]LogModuleManager: Shutting down and abandoning module AppleImageUtilsBlueprintSupport (356)
[2021.05.04-18.28.31:945][149]LogModuleManager: Shutting down and abandoning module AppleImageUtils (354)
[2021.05.04-18.28.31:945][149]LogModuleManager: Shutting down and abandoning module AlembicImporter (352)
[2021.05.04-18.28.31:945][149]LogModuleManager: Shutting down and abandoning module AlembicLibrary (351)
[2021.05.04-18.28.31:945][149]LogModuleManager: Shutting down and abandoning module GeometryCache (350)
[2021.05.04-18.28.31:946][149]LogModuleManager: Shutting down and abandoning module GeometryCacheEd (349)
[2021.05.04-18.28.31:946][149]LogModuleManager: Shutting down and abandoning module VariantManagerContent (344)
[2021.05.04-18.28.31:946][149]LogModuleManager: Shutting down and abandoning module DatasmithContentEditor (342)
[2021.05.04-18.28.31:946][149]LogModuleManager: Shutting down and abandoning module SpeedTreeImporter (340)
[2021.05.04-18.28.31:946][149]LogModuleManager: Shutting down and abandoning module PluginBrowser (338)
[2021.05.04-18.28.31:946][149]LogModuleManager: Shutting down and abandoning module MobileLauncherProfileWizard (336)
[2021.05.04-18.28.31:946][149]LogModuleManager: Shutting down and abandoning module MaterialAnalyzer (334)
[2021.05.04-18.28.31:946][149]LogModuleManager: Shutting down and abandoning module CryptoKeysOpenSSL (332)
[2021.05.04-18.28.31:946][149]LogModuleManager: Shutting down and abandoning module CryptoKeys (330)
[2021.05.04-18.28.31:946][149]LogModuleManager: Shutting down and abandoning module VisualStudioSourceCodeAccess (328)
[2021.05.04-18.28.31:946][149]LogModuleManager: Shutting down and abandoning module VisualStudioCodeSourceCodeAccess (326)
[2021.05.04-18.28.31:946][149]LogModuleManager: Shutting down and abandoning module UObjectPlugin (324)
[2021.05.04-18.28.31:946][149]LogModuleManager: Shutting down and abandoning module SubversionSourceControl (322)
[2021.05.04-18.28.31:946][149]LogModuleManager: Shutting down and abandoning module PerforceSourceControl (320)
[2021.05.04-18.28.31:946][149]LogModuleManager: Shutting down and abandoning module GitSourceControl (318)
[2021.05.04-18.28.31:946][149]LogModuleManager: Shutting down and abandoning module SourceControl (317)
[2021.05.04-18.28.31:946][149]LogModuleManager: Shutting down and abandoning module CLionSourceCodeAccess (314)
[2021.05.04-18.28.31:946][149]LogModuleManager: Shutting down and abandoning module AnimationSharingEd (312)
[2021.05.04-18.28.31:946][149]LogModuleManager: Shutting down and abandoning module ActorLayerUtilitiesEditor (310)
[2021.05.04-18.28.31:946][149]LogModuleManager: Shutting down and abandoning module ActorLayerUtilities (308)
[2021.05.04-18.28.31:946][149]LogModuleManager: Shutting down and abandoning module LightPropagationVolumeEditor (306)
[2021.05.04-18.28.31:946][149]LogModuleManager: Shutting down and abandoning module PaperTiledImporter (304)
[2021.05.04-18.28.31:946][149]LogModuleManager: Shutting down and abandoning module PaperSpriteSheetImporter (302)
[2021.05.04-18.28.31:946][149]LogModuleManager: Shutting down and abandoning module Paper2DEditor (300)
[2021.05.04-18.28.31:946][149]LogModuleManager: Shutting down and abandoning module WebBrowserWidget (298)
[2021.05.04-18.28.31:947][149]LogModuleManager: Shutting down and abandoning module WebBrowser (297)
[2021.05.04-18.28.31:961][149]LogModuleManager: Shutting down and abandoning module SignificanceManager (294)
[2021.05.04-18.28.31:961][149]LogModuleManager: Shutting down and abandoning module RuntimePhysXCooking (292)
[2021.05.04-18.28.31:961][149]LogModuleManager: Shutting down and abandoning module PhysXVehiclesEditor (290)
[2021.05.04-18.28.31:961][149]LogModuleManager: Shutting down and abandoning module PhysXVehicles (288)
[2021.05.04-18.28.31:961][149]LogModuleManager: Shutting down and abandoning module LocationServicesBPLibrary (286)
[2021.05.04-18.28.31:961][149]LogModuleManager: Shutting down and abandoning module ActorSequence (284)
[2021.05.04-18.28.31:961][149]LogModuleManager: Shutting down and abandoning module UdpMessaging (282)
[2021.05.04-18.28.32:062][149]LogModuleManager: Shutting down and abandoning module TcpMessaging (280)
[2021.05.04-18.28.32:163][149]LogModuleManager: Shutting down and abandoning module MagicLeapIdentity (278)
[2021.05.04-18.28.32:163][149]LogModuleManager: Shutting down and abandoning module MagicLeapSecureStorage (276)
[2021.05.04-18.28.32:163][149]LogModuleManager: Shutting down and abandoning module MagicLeapHandTracking (274)
[2021.05.04-18.28.32:163][149]LogModuleManager: Shutting down and abandoning module MagicLeapEyeTracker (272)
[2021.05.04-18.28.32:163][149]LogModuleManager: Shutting down and abandoning module MagicLeapController (270)
[2021.05.04-18.28.32:163][149]LogSlate: Slate User Destroyed.  User Index 0, Is Virtual User: 0
[2021.05.04-18.28.32:164][149]LogModuleManager: Shutting down and abandoning module MagicLeapAR (268)
[2021.05.04-18.28.32:164][149]LogModuleManager: Shutting down and abandoning module AugmentedReality (267)
[2021.05.04-18.28.32:164][149]LogModuleManager: Shutting down and abandoning module GameplayTagsEditor (264)
[2021.05.04-18.28.32:164][149]LogModuleManager: Shutting down and abandoning module FacialAnimationEditor (262)
[2021.05.04-18.28.32:164][149]LogModuleManager: Shutting down and abandoning module FacialAnimation (260)
[2021.05.04-18.28.32:164][149]LogModuleManager: Shutting down and abandoning module DataValidation (258)
[2021.05.04-18.28.32:164][149]LogModuleManager: Shutting down and abandoning module AssetManagerEditor (256)
[2021.05.04-18.28.32:164][149]LogModuleManager: Shutting down and abandoning module LevelEditor (255)
[2021.05.04-18.28.32:166][149]LogModuleManager: Shutting down and abandoning module PixelInspectorModule (254)
[2021.05.04-18.28.32:166][149]LogModuleManager: Shutting down and abandoning module CommonMenuExtensions (252)
[2021.05.04-18.28.32:167][149]LogModuleManager: Shutting down and abandoning module MainFrame (250)
[2021.05.04-18.28.32:167][149]LogModuleManager: Shutting down and abandoning module HotReload (249)
[2021.05.04-18.28.32:168][149]LogModuleManager: Shutting down and abandoning module ContentBrowser (245)
[2021.05.04-18.28.32:169][149]LogModuleManager: Shutting down and abandoning module TreeMap (243)
[2021.05.04-18.28.32:169][149]LogModuleManager: Shutting down and abandoning module AnimationSharing (240)
[2021.05.04-18.28.32:169][149]LogModuleManager: Shutting down and abandoning module LightPropagationVolumeRuntime (238)
[2021.05.04-18.28.32:169][149]LogModuleManager: Shutting down and abandoning module AISupportModule (236)
[2021.05.04-18.28.32:169][149]LogModuleManager: Shutting down and abandoning module Paper2D (234)
[2021.05.04-18.28.32:169][149]LogModuleManager: Shutting down and abandoning module WindowsMoviePlayer (232)
[2021.05.04-18.28.32:169][149]LogModuleManager: Shutting down and abandoning module WebMMoviePlayer (230)
[2021.05.04-18.28.32:169][149]LogModuleManager: Shutting down and abandoning module PacketHandler (228)
[2021.05.04-18.28.32:169][149]LogModuleManager: Shutting down and abandoning module ClothingSystemEditor (226)
[2021.05.04-18.28.32:170][149]LogModuleManager: Shutting down and abandoning module ClothingSystemRuntime (224)
[2021.05.04-18.28.32:170][149]LogModuleManager: Shutting down and abandoning module MediaAssets (222)
[2021.05.04-18.28.32:170][149]LogModuleManager: Shutting down and abandoning module Overlay (220)
[2021.05.04-18.28.32:170][149]LogModuleManager: Shutting down and abandoning module OverlayEditor (219)
[2021.05.04-18.28.32:170][149]LogModuleManager: Shutting down and abandoning module VREditor (216)
[2021.05.04-18.28.32:170][149]LogModuleManager: Shutting down and abandoning module StringTableEditor (214)
[2021.05.04-18.28.32:170][149]LogModuleManager: Shutting down and abandoning module GameplayTasksEditor (212)
[2021.05.04-18.28.32:170][149]LogModuleManager: Shutting down and abandoning module BehaviorTreeEditor (210)
[2021.05.04-18.28.32:170][149]LogModuleManager: Shutting down and abandoning module FunctionalTesting (208)
[2021.05.04-18.28.32:170][149]LogModuleManager: Shutting down and abandoning module CollisionAnalyzer (206)
[2021.05.04-18.28.32:170][149]LogModuleManager: Shutting down and abandoning module WorkspaceMenuStructure (205)
[2021.05.04-18.28.32:170][149]LogModuleManager: Shutting down and abandoning module UMG (202)
[2021.05.04-18.28.32:170][149]LogModuleManager: Shutting down and abandoning module UMGEditor (201)
[2021.05.04-18.28.32:170][149]LogModuleManager: Shutting down and abandoning module Sequencer (200)
[2021.05.04-18.28.32:170][149]LogModuleManager: Shutting down and abandoning module MessageLog (197)
[2021.05.04-18.28.32:170][149]LogModuleManager: Shutting down and abandoning module SlateReflector (192)
[2021.05.04-18.28.32:170][149]LogModuleManager: Shutting down and abandoning module Slate (190)
[2021.05.04-18.28.32:170][149]LogModuleManager: Shutting down and abandoning module EditorStyle (188)
[2021.05.04-18.28.32:171][149]LogModuleManager: Shutting down and abandoning module UnrealEd (186)
[2021.05.04-18.28.32:171][149]LogModuleManager: Shutting down and abandoning module MRMesh (184)
[2021.05.04-18.28.32:171][149]LogModuleManager: Shutting down and abandoning module SourceCodeAccess (182)
[2021.05.04-18.28.32:171][149]LogModuleManager: Shutting down and abandoning module HeadMountedDisplay (180)
[2021.05.04-18.28.32:171][149]LogModuleManager: Shutting down and abandoning module XAudio2 (178)
[2021.05.04-18.28.32:171][149]LogModuleManager: Shutting down and abandoning module Networking (176)
[2021.05.04-18.28.32:171][149]LogModuleManager: Shutting down and abandoning module Core (174)
[2021.05.04-18.28.32:171][149]LogModuleManager: Shutting down and abandoning module KismetCompiler (172)
[2021.05.04-18.28.32:171][149]LogModuleManager: Shutting down and abandoning module MeshUtilities (170)
[2021.05.04-18.28.32:171][149]LogModuleManager: Shutting down and abandoning module MeshMergeUtilities (169)
[2021.05.04-18.28.32:171][149]LogModuleManager: Shutting down and abandoning module MeshReductionInterface (168)
[2021.05.04-18.28.32:172][149]LogModuleManager: Shutting down and abandoning module SkeletalMeshReduction (167)
[2021.05.04-18.28.32:172][149]LogModuleManager: Shutting down and abandoning module ProxyLODMeshReduction (165)
[2021.05.04-18.28.32:172][149]LogModuleManager: Shutting down and abandoning module QuadricMeshReduction (163)
[2021.05.04-18.28.32:172][149]LogModuleManager: Shutting down and abandoning module MaterialBaking (159)
[2021.05.04-18.28.32:172][149]LogModuleManager: Shutting down and abandoning module DerivedDataCache (154)
[2021.05.04-18.28.32:193][149]LogDerivedDataCache: Shutdown
[2021.05.04-18.28.32:193][149]LogModuleManager: Shutting down and abandoning module XGEController (152)
[2021.05.04-18.28.32:193][149]LogXGEController: Cleaning working directory: C:/Users/maria/AppData/Local/Temp/UnrealXGEWorkingDir/
[2021.05.04-18.28.32:193][149]LogModuleManager: Shutting down and abandoning module TargetPlatform (150)
[2021.05.04-18.28.32:193][149]LogModuleManager: Shutting down and abandoning module VulkanShaderFormat (149)
[2021.05.04-18.28.32:193][149]LogModuleManager: Shutting down and abandoning module ShaderFormatVectorVM (147)
[2021.05.04-18.28.32:193][149]LogModuleManager: Shutting down and abandoning module ShaderFormatOpenGL (145)
[2021.05.04-18.28.32:193][149]LogModuleManager: Shutting down and abandoning module ShaderFormatD3D (143)
[2021.05.04-18.28.32:193][149]LogModuleManager: Shutting down and abandoning module MetalShaderFormat (141)
[2021.05.04-18.28.32:193][149]LogModuleManager: Shutting down and abandoning module TextureFormatUncompressed (139)
[2021.05.04-18.28.32:193][149]LogModuleManager: Shutting down and abandoning module TextureFormatPVR (137)
[2021.05.04-18.28.32:193][149]LogModuleManager: Shutting down and abandoning module TextureFormatDXT (135)
[2021.05.04-18.28.32:193][149]LogModuleManager: Shutting down and abandoning module TextureFormatIntelISPCTexComp (133)
[2021.05.04-18.28.32:193][149]LogModuleManager: Shutting down and abandoning module TextureFormatASTC (131)
[2021.05.04-18.28.32:193][149]LogModuleManager: Shutting down and abandoning module ImageWrapper (130)
[2021.05.04-18.28.32:193][149]LogModuleManager: Shutting down and abandoning module TextureFormatAndroid (127)
[2021.05.04-18.28.32:193][149]LogModuleManager: Shutting down and abandoning module AudioFormatOpus (125)
[2021.05.04-18.28.32:193][149]LogModuleManager: Shutting down and abandoning module AudioFormatOgg (123)
[2021.05.04-18.28.32:193][149]LogModuleManager: Shutting down and abandoning module AudioFormatADPCM (121)
[2021.05.04-18.28.32:193][149]LogModuleManager: Shutting down and abandoning module LuminTargetPlatform (119)
[2021.05.04-18.28.32:194][149]LogModuleManager: Shutting down and abandoning module LinuxTargetPlatform (117)
[2021.05.04-18.28.32:194][149]LogModuleManager: Shutting down and abandoning module LinuxServerTargetPlatform (115)
[2021.05.04-18.28.32:194][149]LogModuleManager: Shutting down and abandoning module LinuxNoEditorTargetPlatform (113)
[2021.05.04-18.28.32:194][149]LogModuleManager: Shutting down and abandoning module LinuxClientTargetPlatform (111)
[2021.05.04-18.28.32:194][149]LogModuleManager: Shutting down and abandoning module TVOSTargetPlatform (109)
[2021.05.04-18.28.32:195][149]LogModuleManager: Shutting down and abandoning module Messaging (107)
[2021.05.04-18.28.32:195][149]LogModuleManager: Shutting down and abandoning module IOSTargetPlatform (105)
[2021.05.04-18.28.32:195][149]LogModuleManager: Shutting down and abandoning module HTML5TargetPlatform (103)
[2021.05.04-18.28.32:195][149]LogModuleManager: Shutting down and abandoning module AndroidTargetPlatform (101)
[2021.05.04-18.28.32:200][149]LogModuleManager: Shutting down and abandoning module WindowsTargetPlatform (99)
[2021.05.04-18.28.32:200][149]LogModuleManager: Shutting down and abandoning module WindowsServerTargetPlatform (97)
[2021.05.04-18.28.32:200][149]LogModuleManager: Shutting down and abandoning module WindowsNoEditorTargetPlatform (95)
[2021.05.04-18.28.32:200][149]LogModuleManager: Shutting down and abandoning module WindowsClientTargetPlatform (93)
[2021.05.04-18.28.32:200][149]LogModuleManager: Shutting down and abandoning module MacTargetPlatform (91)
[2021.05.04-18.28.32:200][149]LogModuleManager: Shutting down and abandoning module MacServerTargetPlatform (89)
[2021.05.04-18.28.32:200][149]LogModuleManager: Shutting down and abandoning module MacNoEditorTargetPlatform (87)
[2021.05.04-18.28.32:200][149]LogModuleManager: Shutting down and abandoning module MacClientTargetPlatform (85)
[2021.05.04-18.28.32:200][149]LogModuleManager: Shutting down and abandoning module AllDesktopTargetPlatform (83)
[2021.05.04-18.28.32:200][149]LogModuleManager: Shutting down and abandoning module InputCore (80)
[2021.05.04-18.28.32:200][149]LogModuleManager: Shutting down and abandoning module Settings (78)
[2021.05.04-18.28.32:200][149]LogModuleManager: Shutting down and abandoning module DirectoryWatcher (76)
[2021.05.04-18.28.32:200][149]LogModuleManager: Shutting down and abandoning module PhysXCooking (74)
[2021.05.04-18.28.32:200][149]LogModuleManager: Shutting down and abandoning module SteamVR (72)
[2021.05.04-18.28.32:200][149]LogHMD: Freeing OpenVRDLLHandle.
[2021.05.04-18.28.32:200][149]LogModuleManager: Shutting down and abandoning module OculusHMD (70)
[2021.05.04-18.28.32:200][149]LogModuleManager: Shutting down and abandoning module ExampleDeviceProfileSelector (68)
[2021.05.04-18.28.32:200][149]LogModuleManager: Shutting down and abandoning module LauncherChunkInstaller (66)
[2021.05.04-18.28.32:200][149]LogModuleManager: Shutting down and abandoning module OnlineBlueprintSupport (64)
[2021.05.04-18.28.32:200][149]LogModuleManager: Shutting down and abandoning module OnlineSubsystem (60)
[2021.05.04-18.28.32:201][149]LogModuleManager: Shutting down and abandoning module XMPP (55)
[2021.05.04-18.28.32:201][149]LogModuleManager: Shutting down and abandoning module WebSockets (54)
[2021.05.04-18.28.32:221][149]LogModuleManager: Shutting down and abandoning module HTTP (51)
[2021.05.04-18.28.32:221][149]LogHttp: Display: Http module shutting down, but needs to wait on 1 outstanding Http requests:
[2021.05.04-18.28.32:221][149]LogHttp: Display: 	verb=[POST] url=[https://datarouter.ol.epicgames.com/datarouter/api/v1/public/data?SessionID=%7B4D344AEF-40CA-A022-3ABD-3F919CBB458A%7D&AppID=UEEditor.Rocket.Release&AppVersion=4.22.3-7053642%2B%2B%2BUE4%2BRelease-4.22&UserID=f76143654430823430ea71b02c4cf96b%7C065604ab36da4b1b907c3910e96ec18e%7C10d8e2a0-03eb-4bd7-9f37-32348ab44d46&AppEnvironment=datacollector-binary&UploadType=eteventstream] status=Processing
[2021.05.04-18.28.32:244][149]LogModuleManager: Shutting down and abandoning module SSL (50)
[2021.05.04-18.28.32:245][149]LogModuleManager: Shutting down and abandoning module WmfMedia (46)
[2021.05.04-18.28.32:247][149]LogModuleManager: Shutting down and abandoning module Media (45)
[2021.05.04-18.28.32:253][149]LogModuleManager: Shutting down and abandoning module MagicLeap (42)
[2021.05.04-18.28.32:254][149]LogModuleManager: Shutting down and abandoning module DatasmithContent (40)
[2021.05.04-18.28.32:254][149]LogModuleManager: Shutting down and abandoning module AnimationModifiers (38)
[2021.05.04-18.28.32:254][149]LogModuleManager: Shutting down and abandoning module PropertyEditor (37)
[2021.05.04-18.28.32:254][149]LogModuleManager: Shutting down and abandoning module AudioEditor (34)
[2021.05.04-18.28.32:254][149]LogModuleManager: Shutting down and abandoning module TextureCompressor (32)
[2021.05.04-18.28.32:254][149]LogModuleManager: Shutting down and abandoning module RenderCore (30)
[2021.05.04-18.28.32:254][149]LogModuleManager: Shutting down and abandoning module Landscape (28)
[2021.05.04-18.28.32:254][149]LogModuleManager: Shutting down and abandoning module SlateRHIRenderer (26)
[2021.05.04-18.28.32:255][149]LogModuleManager: Shutting down and abandoning module OpenGLDrv (24)
[2021.05.04-18.28.32:255][149]LogModuleManager: Shutting down and abandoning module D3D11RHI (22)
[2021.05.04-18.28.32:255][149]LogModuleManager: Shutting down and abandoning module AnimGraphRuntime (20)
[2021.05.04-18.28.32:255][149]LogModuleManager: Shutting down and abandoning module Renderer (18)
[2021.05.04-18.28.32:255][149]LogModuleManager: Shutting down and abandoning module Engine (16)
[2021.05.04-18.28.32:255][149]LogModuleManager: Shutting down and abandoning module CoreUObject (14)
[2021.05.04-18.28.32:255][149]LogModuleManager: Shutting down and abandoning module NetworkFile (12)
[2021.05.04-18.28.32:255][149]LogModuleManager: Shutting down and abandoning module CookedIterativeFile (10)
[2021.05.04-18.28.32:255][149]LogModuleManager: Shutting down and abandoning module StreamingFile (8)
[2021.05.04-18.28.32:255][149]LogModuleManager: Shutting down and abandoning module SandboxFile (6)
[2021.05.04-18.28.32:255][149]LogModuleManager: Shutting down and abandoning module PakFile (4)
[2021.05.04-18.28.32:255][149]LogModuleManager: Shutting down and abandoning module RSA (3)
[2021.05.04-18.28.32:262][149]LogExit: Exiting.
[2021.05.04-18.28.32:275][149]Log file closed, 05/04/21 21:28:32
