Log file open, 05/04/21 20:55:15
LogWindows: Failed to load 'aqProf.dll' (GetLastError=126)
LogWindows: File 'aqProf.dll' does not exist
LogWindows: Failed to load 'VtuneApi.dll' (GetLastError=126)
LogWindows: File 'VtuneApi.dll' does not exist
LogWindows: Failed to load 'VtuneApi32e.dll' (GetLastError=126)
LogWindows: File 'VtuneApi32e.dll' does not exist
LogConsoleResponse: Display: Failed to find resolution value strings in scalability ini. Falling back to default.
LogInit: Display: Running engine for game: AUSTVirtualCampus
LogPakFile: Registered encryption key '00000000000000000000000000000000': 0 pak files mounted, 0 remain pending
LogPlatformFile: Not using cached read wrapper
LogTaskGraph: Started task graph with 5 named threads and 23 total threads with 3 sets of task threads.
LogStats: Stats thread started at 0.275708
LogD3D11RHI: Loaded GFSDK_Aftermath_Lib.x64.dll
LogICUInternationalization: ICU TimeZone Detection - Raw Offset: +2:00, Platform Override: ''
LogPluginManager: Mounting plugin Paper2D
LogPluginManager: Mounting plugin AISupport
LogPluginManager: Mounting plugin LightPropagationVolume
LogPluginManager: Mounting plugin ActorLayerUtilities
LogPluginManager: Mounting plugin AnimationSharing
LogPluginManager: Mounting plugin CLionSourceCodeAccess
LogPluginManager: Mounting plugin CodeLiteSourceCodeAccess
LogPluginManager: Mounting plugin GitSourceControl
LogPluginManager: Mounting plugin KDevelopSourceCodeAccess
LogPluginManager: Mounting plugin NullSourceCodeAccess
LogPluginManager: Mounting plugin PerforceSourceControl
LogPluginManager: Mounting plugin SubversionSourceControl
LogPluginManager: Mounting plugin UObjectPlugin
LogPluginManager: Mounting plugin VisualStudioCodeSourceCodeAccess
LogPluginManager: Mounting plugin VisualStudioSourceCodeAccess
LogPluginManager: Mounting plugin XCodeSourceCodeAccess
LogPluginManager: Mounting plugin AssetManagerEditor
LogPluginManager: Mounting plugin CryptoKeys
LogPluginManager: Mounting plugin DataValidation
LogPluginManager: Mounting plugin FacialAnimation
LogPluginManager: Mounting plugin GameplayTagsEditor
LogPluginManager: Mounting plugin MacGraphicsSwitching
LogPluginManager: Mounting plugin MaterialAnalyzer
LogPluginManager: Mounting plugin MobileLauncherProfileWizard
LogPluginManager: Mounting plugin PluginBrowser
LogPluginManager: Mounting plugin SpeedTreeImporter
LogPluginManager: Mounting plugin DatasmithContent
LogPluginManager: Mounting plugin VariantManagerContent
LogPluginManager: Mounting plugin AlembicImporter
LogPluginManager: Mounting plugin AppleImageUtils
LogPluginManager: Mounting plugin AppleVision
LogPluginManager: Mounting plugin BackChannel
LogPluginManager: Mounting plugin CharacterAI
LogPluginManager: Mounting plugin GeometryCache
LogPluginManager: Mounting plugin HTML5Networking
LogPluginManager: Mounting plugin ProxyLODPlugin
LogPluginManager: Mounting plugin SkeletalReduction
LogPluginManager: Mounting plugin MagicLeap
LogPluginManager: Mounting plugin MagicLeapMedia
LogPluginManager: Mounting plugin AndroidMedia
LogPluginManager: Mounting plugin AvfMedia
LogPluginManager: Mounting plugin ImgMedia
LogPluginManager: Mounting plugin LinearTimecode
LogPluginManager: Mounting plugin MediaCompositing
LogPluginManager: Mounting plugin MediaPlayerEditor
LogPluginManager: Mounting plugin WebMMedia
LogPluginManager: Mounting plugin WmfMedia
LogPluginManager: Mounting plugin TcpMessaging
LogPluginManager: Mounting plugin UdpMessaging
LogPluginManager: Mounting plugin ActorSequence
LogPluginManager: Mounting plugin LevelSequenceEditor
LogPluginManager: Mounting plugin MatineeToLevelSequence
LogPluginManager: Mounting plugin NetcodeUnitTest
LogPluginManager: Mounting plugin NUTUnrealEngine4
LogPluginManager: Mounting plugin OnlineSubsystemGooglePlay
LogPluginManager: Mounting plugin OnlineSubsystemIOS
LogPluginManager: Mounting plugin OnlineSubsystem
LogPluginManager: Mounting plugin OnlineSubsystemNull
LogPluginManager: Mounting plugin OnlineSubsystemUtils
LogPluginManager: Mounting plugin LauncherChunkInstaller
LogPluginManager: Mounting plugin AndroidDeviceProfileSelector
LogPluginManager: Mounting plugin AndroidMoviePlayer
LogPluginManager: Mounting plugin AndroidPermission
LogPluginManager: Mounting plugin AppleMoviePlayer
LogPluginManager: Mounting plugin ArchVisCharacter
LogPluginManager: Mounting plugin AudioCapture
LogPluginManager: Mounting plugin CableComponent
LogPluginManager: Mounting plugin CustomMeshComponent
LogPluginManager: Mounting plugin EditableMesh
LogPluginManager: Mounting plugin ExampleDeviceProfileSelector
LogPluginManager: Mounting plugin Firebase
LogPluginManager: Mounting plugin GoogleCloudMessaging
LogPluginManager: Mounting plugin IOSDeviceProfileSelector
LogPluginManager: Mounting plugin LinuxDeviceProfileSelector
LogPluginManager: Mounting plugin LocationServicesBPLibrary
LogPluginManager: Mounting plugin MobilePatchingUtils
LogPluginManager: Mounting plugin OculusVR
LogPluginManager: Mounting plugin PhysXVehicles
LogPluginManager: Mounting plugin ProceduralMeshComponent
LogPluginManager: Mounting plugin RuntimePhysXCooking
LogPluginManager: Mounting plugin SignificanceManager
LogPluginManager: Mounting plugin SteamVR
LogPluginManager: Mounting plugin WebBrowserWidget
LogPluginManager: Mounting plugin WebMMoviePlayer
LogPluginManager: Mounting plugin WindowsMoviePlayer
LogPluginManager: Mounting plugin MySQLConnectorUE4Plugin
LogInit: Using libcurl 7.55.1-DEV
LogInit:  - built for x86_64-pc-win32
LogInit:  - supports SSL with OpenSSL/1.1.1
LogInit:  - supports HTTP deflate (compression) using libz 1.2.8
LogInit:  - other features:
LogInit:      CURL_VERSION_SSL
LogInit:      CURL_VERSION_LIBZ
LogInit:      CURL_VERSION_IPV6
LogInit:      CURL_VERSION_ASYNCHDNS
LogInit:      CURL_VERSION_LARGEFILE
LogInit:      CURL_VERSION_IDN
LogInit:  CurlRequestOptions (configurable via config and command line):
LogInit:  - bVerifyPeer = true  - Libcurl will verify peer certificate
LogInit:  - bUseHttpProxy = false  - Libcurl will NOT use HTTP proxy
LogInit:  - bDontReuseConnections = false  - Libcurl will reuse connections
LogInit:  - MaxHostConnections = 16  - Libcurl will limit the number of connections to a host
LogInit:  - LocalHostAddr = Default
LogInit:  - BufferSize = 65536
LogInit: WinSock: version 1.1 (2.2), MaxSocks=32767, MaxUdp=65467
LogInit: Build: ++UE4+Release-4.22-CL-7053642
LogInit: Engine Version: 4.22.3-7053642+++UE4+Release-4.22
LogInit: Compatible Engine Version: 4.22.0-5660361+++UE4+Release-4.22
LogInit: Net CL: 5660361
LogInit: OS: Windows 10 (Release 1909) (), CPU: Intel(R) Core(TM) i7-8550U CPU @ 1.80GHz, GPU: Intel(R) UHD Graphics 620
LogInit: Compiled (64-bit): Jun 18 2019 03:09:11
LogInit: Compiled with Visual C++: 19.16.27025.01
LogInit: Build Configuration: Development
LogInit: Branch Name: ++UE4+Release-4.22
LogInit: Command Line: 
LogInit: Base Directory: D:/Program Files (x86)/Epic Games/UE_4.22/Engine/Binaries/Win64/
LogInit: Installed Engine Build: 1
LogDevObjectVersion: Number of dev versions registered: 23
LogDevObjectVersion:   Dev-Blueprints (B0D832E4-1F89-4F0D-ACCF-7EB736FD4AA2): 10
LogDevObjectVersion:   Dev-Build (E1C64328-A22C-4D53-A36C-8E866417BD8C): 0
LogDevObjectVersion:   Dev-Core (375EC13C-06E4-48FB-B500-84F0262A717E): 3
LogDevObjectVersion:   Dev-Editor (E4B068ED-F494-42E9-A231-DA0B2E46BB41): 30
LogDevObjectVersion:   Dev-Framework (CFFC743F-43B0-4480-9391-14DF171D2073): 35
LogDevObjectVersion:   Dev-Mobile (B02B49B5-BB20-44E9-A304-32B752E40360): 2
LogDevObjectVersion:   Dev-Networking (A4E4105C-59A1-49B5-A7C5-40C4547EDFEE): 0
LogDevObjectVersion:   Dev-Online (39C831C9-5AE6-47DC-9A44-9C173E1C8E7C): 0
LogDevObjectVersion:   Dev-Physics (78F01B33-EBEA-4F98-B9B4-84EACCB95AA2): 0
LogDevObjectVersion:   Dev-Platform (6631380F-2D4D-43E0-8009-CF276956A95A): 0
LogDevObjectVersion:   Dev-Rendering (12F88B9F-8875-4AFC-A67C-D90C383ABD29): 28
LogDevObjectVersion:   Dev-Sequencer (7B5AE74C-D270-4C10-A958-57980B212A5A): 11
LogDevObjectVersion:   Dev-VR (D7296918-1DD6-4BDD-9DE2-64A83CC13884): 2
LogDevObjectVersion:   Dev-LoadTimes (C2A15278-BFE7-4AFE-6C17-90FF531DF755): 1
LogDevObjectVersion:   Private-Geometry (6EACA3D4-40EC-4CC1-B786-8BED09428FC5): 3
LogDevObjectVersion:   Dev-AnimPhys (29E575DD-E0A3-4627-9D10-D276232CDCEA): 17
LogDevObjectVersion:   Dev-Anim (AF43A65D-7FD3-4947-9873-3E8ED9C1BB05): 2
LogDevObjectVersion:   Dev-ReflectionCapture (6B266CEC-1EC7-4B8F-A30B-E4D90942FC07): 1
LogDevObjectVersion:   Dev-Automation (0DF73D61-A23F-47EA-B727-89E90C41499A): 1
LogDevObjectVersion:   FortniteMain (601D1886-AC64-4F84-AA16-D3DE0DEAC7D6): 25
LogDevObjectVersion:   Dev-Enterprise (9DFFBCD6-494F-0158-E221-12823C92A888): 6
LogDevObjectVersion:   Dev-Niagara (F2AED0AC-9AFE-416F-8664-AA7FFA26D6FC): 1
LogDevObjectVersion:   Dev-Destruction (174F1F0B-B4C6-45A5-B13F-2EE8D0FB917D): 2
LogInit: Presizing for max 16777216 objects, including 0 objects not considered by GC, pre-allocating 0 bytes for permanent pool.
LogInit: Object subsystem initialized
LogConfig: Setting CVar [[con.DebugEarlyDefault:1]]
LogConfig: Setting CVar [[r.setres:1280x720]]
[2021.05.04-17.55.15:589][  0]LogConfig: Setting CVar [[r.VSync:0]]
[2021.05.04-17.55.15:589][  0]LogConfig: Setting CVar [[r.RHICmdBypass:0]]
[2021.05.04-17.55.15:589][  0]LogConfig: Applying CVar settings from Section [/Script/Engine.RendererSettings] File [C:/Users/maria/OneDrive/Documents/Unreal Projects/AUSTVirtualCampus/Saved/Config/Windows/Engine.ini]
[2021.05.04-17.55.15:589][  0]LogConfig: Setting CVar [[r.GPUCrashDebugging:0]]
[2021.05.04-17.55.15:589][  0]LogConfig: Setting CVar [[r.DefaultFeature.AutoExposure.ExtendDefaultLuminanceRange:1]]
[2021.05.04-17.55.15:589][  0]LogConfig: Applying CVar settings from Section [/Script/Engine.RendererOverrideSettings] File [C:/Users/maria/OneDrive/Documents/Unreal Projects/AUSTVirtualCampus/Saved/Config/Windows/Engine.ini]
[2021.05.04-17.55.15:589][  0]LogConfig: Applying CVar settings from Section [/Script/Engine.StreamingSettings] File [C:/Users/maria/OneDrive/Documents/Unreal Projects/AUSTVirtualCampus/Saved/Config/Windows/Engine.ini]
[2021.05.04-17.55.15:589][  0]LogConfig: Setting CVar [[s.MinBulkDataSizeForAsyncLoading:131072]]
[2021.05.04-17.55.15:589][  0]LogConfig: Setting CVar [[s.AsyncLoadingThreadEnabled:0]]
[2021.05.04-17.55.15:589][  0]LogConfig: Setting CVar [[s.EventDrivenLoaderEnabled:1]]
[2021.05.04-17.55.15:589][  0]LogConfig: Setting CVar [[s.WarnIfTimeLimitExceeded:0]]
[2021.05.04-17.55.15:589][  0]LogConfig: Setting CVar [[s.TimeLimitExceededMultiplier:1.5]]
[2021.05.04-17.55.15:589][  0]LogConfig: Setting CVar [[s.TimeLimitExceededMinTime:0.005]]
[2021.05.04-17.55.15:589][  0]LogConfig: Setting CVar [[s.UseBackgroundLevelStreaming:1]]
[2021.05.04-17.55.15:589][  0]LogConfig: Setting CVar [[s.PriorityAsyncLoadingExtraTime:15.0]]
[2021.05.04-17.55.15:589][  0]LogConfig: Setting CVar [[s.LevelStreamingActorsUpdateTimeLimit:5.0]]
[2021.05.04-17.55.15:589][  0]LogConfig: Setting CVar [[s.PriorityLevelStreamingActorsUpdateExtraTime:5.0]]
[2021.05.04-17.55.15:589][  0]LogConfig: Setting CVar [[s.LevelStreamingComponentsRegistrationGranularity:10]]
[2021.05.04-17.55.15:589][  0]LogConfig: Setting CVar [[s.UnregisterComponentsTimeLimit:1.0]]
[2021.05.04-17.55.15:589][  0]LogConfig: Setting CVar [[s.LevelStreamingComponentsUnregistrationGranularity:5]]
[2021.05.04-17.55.15:589][  0]LogConfig: Applying CVar settings from Section [/Script/Engine.GarbageCollectionSettings] File [C:/Users/maria/OneDrive/Documents/Unreal Projects/AUSTVirtualCampus/Saved/Config/Windows/Engine.ini]
[2021.05.04-17.55.15:589][  0]LogConfig: Setting CVar [[gc.MaxObjectsNotConsideredByGC:1]]
[2021.05.04-17.55.15:589][  0]LogConfig: Setting CVar [[gc.SizeOfPermanentObjectPool:0]]
[2021.05.04-17.55.15:589][  0]LogConfig: Setting CVar [[gc.FlushStreamingOnGC:0]]
[2021.05.04-17.55.15:589][  0]LogConfig: Setting CVar [[gc.NumRetriesBeforeForcingGC:10]]
[2021.05.04-17.55.15:589][  0]LogConfig: Setting CVar [[gc.AllowParallelGC:1]]
[2021.05.04-17.55.15:589][  0]LogConfig: Setting CVar [[gc.TimeBetweenPurgingPendingKillObjects:61.1]]
[2021.05.04-17.55.15:590][  0]LogConfig: Setting CVar [[gc.MaxObjectsInEditor:16777216]]
[2021.05.04-17.55.15:590][  0]LogConfig: Setting CVar [[gc.IncrementalBeginDestroyEnabled:1]]
[2021.05.04-17.55.15:590][  0]LogConfig: Setting CVar [[gc.CreateGCClusters:1]]
[2021.05.04-17.55.15:590][  0]LogConfig: Setting CVar [[gc.MinGCClusterSize:5]]
[2021.05.04-17.55.15:590][  0]LogConfig: Setting CVar [[gc.ActorClusteringEnabled:0]]
[2021.05.04-17.55.15:590][  0]LogConfig: Setting CVar [[gc.BlueprintClusteringEnabled:0]]
[2021.05.04-17.55.15:590][  0]LogConfig: Setting CVar [[gc.UseDisregardForGCOnDedicatedServers:0]]
[2021.05.04-17.55.15:590][  0]LogConfig: Applying CVar settings from Section [/Script/Engine.NetworkSettings] File [C:/Users/maria/OneDrive/Documents/Unreal Projects/AUSTVirtualCampus/Saved/Config/Windows/Engine.ini]
[2021.05.04-17.55.15:590][  0]LogConfig: Applying CVar settings from Section [/Script/UnrealEd.CookerSettings] File [C:/Users/maria/OneDrive/Documents/Unreal Projects/AUSTVirtualCampus/Saved/Config/Windows/Engine.ini]
[2021.05.04-17.55.15:592][  0]LogConfig: Applying CVar settings from Section [ViewDistanceQuality@3] File [C:/Users/maria/OneDrive/Documents/Unreal Projects/AUSTVirtualCampus/Saved/Config/Windows/Scalability.ini]
[2021.05.04-17.55.15:592][  0]LogConfig: Setting CVar [[r.SkeletalMeshLODBias:0]]
[2021.05.04-17.55.15:592][  0]LogConfig: Setting CVar [[r.ViewDistanceScale:1.0]]
[2021.05.04-17.55.15:592][  0]LogConfig: Applying CVar settings from Section [AntiAliasingQuality@3] File [C:/Users/maria/OneDrive/Documents/Unreal Projects/AUSTVirtualCampus/Saved/Config/Windows/Scalability.ini]
[2021.05.04-17.55.15:592][  0]LogConfig: Setting CVar [[r.PostProcessAAQuality:4]]
[2021.05.04-17.55.15:592][  0]LogConfig: Applying CVar settings from Section [ShadowQuality@3] File [C:/Users/maria/OneDrive/Documents/Unreal Projects/AUSTVirtualCampus/Saved/Config/Windows/Scalability.ini]
[2021.05.04-17.55.15:592][  0]LogConfig: Setting CVar [[r.LightFunctionQuality:1]]
[2021.05.04-17.55.15:592][  0]LogConfig: Setting CVar [[r.ShadowQuality:5]]
[2021.05.04-17.55.15:592][  0]LogConfig: Setting CVar [[r.Shadow.CSM.MaxCascades:10]]
[2021.05.04-17.55.15:592][  0]LogConfig: Setting CVar [[r.Shadow.MaxResolution:2048]]
[2021.05.04-17.55.15:592][  0]LogConfig: Setting CVar [[r.Shadow.MaxCSMResolution:2048]]
[2021.05.04-17.55.15:592][  0]LogConfig: Setting CVar [[r.Shadow.RadiusThreshold:0.01]]
[2021.05.04-17.55.15:592][  0]LogConfig: Setting CVar [[r.Shadow.DistanceScale:1.0]]
[2021.05.04-17.55.15:592][  0]LogConfig: Setting CVar [[r.Shadow.CSM.TransitionScale:1.0]]
[2021.05.04-17.55.15:592][  0]LogConfig: Setting CVar [[r.Shadow.PreShadowResolutionFactor:1.0]]
[2021.05.04-17.55.15:592][  0]LogConfig: Setting CVar [[r.DistanceFieldShadowing:1]]
[2021.05.04-17.55.15:592][  0]LogConfig: Setting CVar [[r.DistanceFieldAO:1]]
[2021.05.04-17.55.15:592][  0]LogConfig: Setting CVar [[r.AOQuality:2]]
[2021.05.04-17.55.15:592][  0]LogConfig: Setting CVar [[r.VolumetricFog:1]]
[2021.05.04-17.55.15:592][  0]LogConfig: Setting CVar [[r.VolumetricFog.GridPixelSize:8]]
[2021.05.04-17.55.15:592][  0]LogConfig: Setting CVar [[r.VolumetricFog.GridSizeZ:128]]
[2021.05.04-17.55.15:593][  0]LogConfig: Setting CVar [[r.VolumetricFog.HistoryMissSupersampleCount:4]]
[2021.05.04-17.55.15:593][  0]LogConfig: Setting CVar [[r.LightMaxDrawDistanceScale:1]]
[2021.05.04-17.55.15:593][  0]LogConfig: Setting CVar [[r.CapsuleShadows:1]]
[2021.05.04-17.55.15:593][  0]LogConfig: Applying CVar settings from Section [PostProcessQuality@3] File [C:/Users/maria/OneDrive/Documents/Unreal Projects/AUSTVirtualCampus/Saved/Config/Windows/Scalability.ini]
[2021.05.04-17.55.15:593][  0]LogConfig: Setting CVar [[r.MotionBlurQuality:4]]
[2021.05.04-17.55.15:593][  0]LogConfig: Setting CVar [[r.AmbientOcclusionMipLevelFactor:0.4]]
[2021.05.04-17.55.15:593][  0]LogConfig: Setting CVar [[r.AmbientOcclusionMaxQuality:100]]
[2021.05.04-17.55.15:593][  0]LogConfig: Setting CVar [[r.AmbientOcclusionLevels:-1]]
[2021.05.04-17.55.15:593][  0]LogConfig: Setting CVar [[r.AmbientOcclusionRadiusScale:1.0]]
[2021.05.04-17.55.15:593][  0]LogConfig: Setting CVar [[r.DepthOfFieldQuality:2]]
[2021.05.04-17.55.15:593][  0]LogConfig: Setting CVar [[r.RenderTargetPoolMin:400]]
[2021.05.04-17.55.15:593][  0]LogConfig: Setting CVar [[r.LensFlareQuality:2]]
[2021.05.04-17.55.15:593][  0]LogConfig: Setting CVar [[r.SceneColorFringeQuality:1]]
[2021.05.04-17.55.15:593][  0]LogConfig: Setting CVar [[r.EyeAdaptationQuality:2]]
[2021.05.04-17.55.15:593][  0]LogConfig: Setting CVar [[r.BloomQuality:5]]
[2021.05.04-17.55.15:593][  0]LogConfig: Setting CVar [[r.FastBlurThreshold:100]]
[2021.05.04-17.55.15:593][  0]LogConfig: Setting CVar [[r.Upscale.Quality:3]]
[2021.05.04-17.55.15:593][  0]LogConfig: Setting CVar [[r.Tonemapper.GrainQuantization:1]]
[2021.05.04-17.55.15:593][  0]LogConfig: Setting CVar [[r.LightShaftQuality:1]]
[2021.05.04-17.55.15:593][  0]LogConfig: Setting CVar [[r.Filter.SizeScale:1]]
[2021.05.04-17.55.15:593][  0]LogConfig: Setting CVar [[r.Tonemapper.Quality:5]]
[2021.05.04-17.55.15:593][  0]LogConfig: Setting CVar [[r.DOF.Gather.AccumulatorQuality:1        ; higher gathering accumulator quality]]
[2021.05.04-17.55.15:593][  0]LogConfig: Setting CVar [[r.DOF.Gather.PostfilterMethod:1          ; Median3x3 postfilering method]]
[2021.05.04-17.55.15:593][  0]LogConfig: Setting CVar [[r.DOF.Gather.EnableBokehSettings:0       ; no bokeh simulation when gathering]]
[2021.05.04-17.55.15:593][  0]LogConfig: Setting CVar [[r.DOF.Gather.RingCount:4                 ; medium number of samples when gathering]]
[2021.05.04-17.55.15:593][  0]LogConfig: Setting CVar [[r.DOF.Scatter.ForegroundCompositing:1    ; additive foreground scattering]]
[2021.05.04-17.55.15:593][  0]LogConfig: Setting CVar [[r.DOF.Scatter.BackgroundCompositing:2    ; additive background scattering]]
[2021.05.04-17.55.15:593][  0]LogConfig: Setting CVar [[r.DOF.Scatter.EnableBokehSettings:1      ; bokeh simulation when scattering]]
[2021.05.04-17.55.15:593][  0]LogConfig: Setting CVar [[r.DOF.Scatter.MaxSpriteRatio:0.1         ; only a maximum of 10% of scattered bokeh]]
[2021.05.04-17.55.15:593][  0]LogConfig: Setting CVar [[r.DOF.Recombine.Quality:1                ; cheap slight out of focus]]
[2021.05.04-17.55.15:593][  0]LogConfig: Setting CVar [[r.DOF.Recombine.EnableBokehSettings:0    ; no bokeh simulation on slight out of focus]]
[2021.05.04-17.55.15:593][  0]LogConfig: Setting CVar [[r.DOF.TemporalAAQuality:1                ; more stable temporal accumulation]]
[2021.05.04-17.55.15:593][  0]LogConfig: Setting CVar [[r.DOF.Kernel.MaxForegroundRadius:0.025]]
[2021.05.04-17.55.15:593][  0]LogConfig: Setting CVar [[r.DOF.Kernel.MaxBackgroundRadius:0.025]]
[2021.05.04-17.55.15:593][  0]LogConfig: Applying CVar settings from Section [TextureQuality@3] File [C:/Users/maria/OneDrive/Documents/Unreal Projects/AUSTVirtualCampus/Saved/Config/Windows/Scalability.ini]
[2021.05.04-17.55.15:593][  0]LogConfig: Setting CVar [[r.Streaming.MipBias:0]]
[2021.05.04-17.55.15:593][  0]LogConfig: Setting CVar [[r.Streaming.AmortizeCPUToGPUCopy:0]]
[2021.05.04-17.55.15:593][  0]LogConfig: Setting CVar [[r.Streaming.MaxNumTexturesToStreamPerFrame:0]]
[2021.05.04-17.55.15:593][  0]LogConfig: Setting CVar [[r.Streaming.Boost:1]]
[2021.05.04-17.55.15:593][  0]LogConfig: Setting CVar [[r.MaxAnisotropy:8]]
[2021.05.04-17.55.15:593][  0]LogConfig: Setting CVar [[r.Streaming.LimitPoolSizeToVRAM:0]]
[2021.05.04-17.55.15:593][  0]LogConfig: Setting CVar [[r.Streaming.PoolSize:1000]]
[2021.05.04-17.55.15:594][  0]LogConfig: Setting CVar [[r.Streaming.MaxEffectiveScreenSize:0]]
[2021.05.04-17.55.15:594][  0]LogConfig: Applying CVar settings from Section [EffectsQuality@3] File [C:/Users/maria/OneDrive/Documents/Unreal Projects/AUSTVirtualCampus/Saved/Config/Windows/Scalability.ini]
[2021.05.04-17.55.15:594][  0]LogConfig: Setting CVar [[r.TranslucencyLightingVolumeDim:64]]
[2021.05.04-17.55.15:594][  0]LogConfig: Setting CVar [[r.RefractionQuality:2]]
[2021.05.04-17.55.15:594][  0]LogConfig: Setting CVar [[r.SSR.Quality:3]]
[2021.05.04-17.55.15:594][  0]LogConfig: Setting CVar [[r.SceneColorFormat:4]]
[2021.05.04-17.55.15:594][  0]LogConfig: Setting CVar [[r.DetailMode:2]]
[2021.05.04-17.55.15:594][  0]LogConfig: Setting CVar [[r.TranslucencyVolumeBlur:1]]
[2021.05.04-17.55.15:594][  0]LogConfig: Setting CVar [[r.MaterialQualityLevel:1 ; High quality]]
[2021.05.04-17.55.15:594][  0]LogConfig: Setting CVar [[r.SSS.Scale:1]]
[2021.05.04-17.55.15:594][  0]LogConfig: Setting CVar [[r.SSS.SampleSet:2]]
[2021.05.04-17.55.15:594][  0]LogConfig: Setting CVar [[r.SSS.Quality:1]]
[2021.05.04-17.55.15:594][  0]LogConfig: Setting CVar [[r.SSS.HalfRes:1]]
[2021.05.04-17.55.15:594][  0]LogConfig: Setting CVar [[r.EmitterSpawnRateScale:1.0]]
[2021.05.04-17.55.15:594][  0]LogConfig: Setting CVar [[r.ParticleLightQuality:2]]
[2021.05.04-17.55.15:594][  0]LogConfig: Applying CVar settings from Section [FoliageQuality@3] File [C:/Users/maria/OneDrive/Documents/Unreal Projects/AUSTVirtualCampus/Saved/Config/Windows/Scalability.ini]
[2021.05.04-17.55.15:594][  0]LogConfig: Setting CVar [[foliage.DensityScale:1.0]]
[2021.05.04-17.55.15:594][  0]LogConfig: Setting CVar [[grass.DensityScale:1.0]]
[2021.05.04-17.55.15:594][  0]LogInit: Selected Device Profile: [Windows]
[2021.05.04-17.55.15:594][  0]LogInit: Applying CVar settings loaded from the selected device profile: [Windows]
[2021.05.04-17.55.15:601][  0]LogHAL: Display: Platform has ~ 16 GB [17072640000 / 17179869184 / 16], which maps to Larger [LargestMinGB=32, LargerMinGB=12, DefaultMinGB=8, SmallerMinGB=6, SmallestMinGB=0)
[2021.05.04-17.55.15:601][  0]LogConfig: Setting CVar [[r.Vulkan.UseRealUBs:0		; Required until we fix HLR fall-out]]
[2021.05.04-17.55.15:602][  0]LogInit: Going up to parent DeviceProfile []
[2021.05.04-17.55.15:602][  0]LogConfig: Applying CVar settings from Section [ViewDistanceQuality@3] File [C:/Users/maria/OneDrive/Documents/Unreal Projects/AUSTVirtualCampus/Saved/Config/Windows/Scalability.ini]
[2021.05.04-17.55.15:602][  0]LogConfig: Setting CVar [[r.SkeletalMeshLODBias:0]]
[2021.05.04-17.55.15:602][  0]LogConfig: Setting CVar [[r.ViewDistanceScale:1.0]]
[2021.05.04-17.55.15:602][  0]LogConfig: Applying CVar settings from Section [AntiAliasingQuality@3] File [C:/Users/maria/OneDrive/Documents/Unreal Projects/AUSTVirtualCampus/Saved/Config/Windows/Scalability.ini]
[2021.05.04-17.55.15:602][  0]LogConfig: Setting CVar [[r.PostProcessAAQuality:4]]
[2021.05.04-17.55.15:602][  0]LogConfig: Applying CVar settings from Section [ShadowQuality@3] File [C:/Users/maria/OneDrive/Documents/Unreal Projects/AUSTVirtualCampus/Saved/Config/Windows/Scalability.ini]
[2021.05.04-17.55.15:602][  0]LogConfig: Setting CVar [[r.LightFunctionQuality:1]]
[2021.05.04-17.55.15:602][  0]LogConfig: Setting CVar [[r.ShadowQuality:5]]
[2021.05.04-17.55.15:602][  0]LogConfig: Setting CVar [[r.Shadow.CSM.MaxCascades:10]]
[2021.05.04-17.55.15:602][  0]LogConfig: Setting CVar [[r.Shadow.MaxResolution:2048]]
[2021.05.04-17.55.15:602][  0]LogConfig: Setting CVar [[r.Shadow.MaxCSMResolution:2048]]
[2021.05.04-17.55.15:602][  0]LogConfig: Setting CVar [[r.Shadow.RadiusThreshold:0.01]]
[2021.05.04-17.55.15:602][  0]LogConfig: Setting CVar [[r.Shadow.DistanceScale:1.0]]
[2021.05.04-17.55.15:602][  0]LogConfig: Setting CVar [[r.Shadow.CSM.TransitionScale:1.0]]
[2021.05.04-17.55.15:602][  0]LogConfig: Setting CVar [[r.Shadow.PreShadowResolutionFactor:1.0]]
[2021.05.04-17.55.15:602][  0]LogConfig: Setting CVar [[r.DistanceFieldShadowing:1]]
[2021.05.04-17.55.15:602][  0]LogConfig: Setting CVar [[r.DistanceFieldAO:1]]
[2021.05.04-17.55.15:602][  0]LogConfig: Setting CVar [[r.AOQuality:2]]
[2021.05.04-17.55.15:602][  0]LogConfig: Setting CVar [[r.VolumetricFog:1]]
[2021.05.04-17.55.15:602][  0]LogConfig: Setting CVar [[r.VolumetricFog.GridPixelSize:8]]
[2021.05.04-17.55.15:602][  0]LogConfig: Setting CVar [[r.VolumetricFog.GridSizeZ:128]]
[2021.05.04-17.55.15:602][  0]LogConfig: Setting CVar [[r.VolumetricFog.HistoryMissSupersampleCount:4]]
[2021.05.04-17.55.15:602][  0]LogConfig: Setting CVar [[r.LightMaxDrawDistanceScale:1]]
[2021.05.04-17.55.15:602][  0]LogConfig: Setting CVar [[r.CapsuleShadows:1]]
[2021.05.04-17.55.15:602][  0]LogConfig: Applying CVar settings from Section [PostProcessQuality@3] File [C:/Users/maria/OneDrive/Documents/Unreal Projects/AUSTVirtualCampus/Saved/Config/Windows/Scalability.ini]
[2021.05.04-17.55.15:602][  0]LogConfig: Setting CVar [[r.MotionBlurQuality:4]]
[2021.05.04-17.55.15:602][  0]LogConfig: Setting CVar [[r.AmbientOcclusionMipLevelFactor:0.4]]
[2021.05.04-17.55.15:602][  0]LogConfig: Setting CVar [[r.AmbientOcclusionMaxQuality:100]]
[2021.05.04-17.55.15:602][  0]LogConfig: Setting CVar [[r.AmbientOcclusionLevels:-1]]
[2021.05.04-17.55.15:602][  0]LogConfig: Setting CVar [[r.AmbientOcclusionRadiusScale:1.0]]
[2021.05.04-17.55.15:602][  0]LogConfig: Setting CVar [[r.DepthOfFieldQuality:2]]
[2021.05.04-17.55.15:602][  0]LogConfig: Setting CVar [[r.RenderTargetPoolMin:400]]
[2021.05.04-17.55.15:602][  0]LogConfig: Setting CVar [[r.LensFlareQuality:2]]
[2021.05.04-17.55.15:602][  0]LogConfig: Setting CVar [[r.SceneColorFringeQuality:1]]
[2021.05.04-17.55.15:602][  0]LogConfig: Setting CVar [[r.EyeAdaptationQuality:2]]
[2021.05.04-17.55.15:602][  0]LogConfig: Setting CVar [[r.BloomQuality:5]]
[2021.05.04-17.55.15:602][  0]LogConfig: Setting CVar [[r.FastBlurThreshold:100]]
[2021.05.04-17.55.15:602][  0]LogConfig: Setting CVar [[r.Upscale.Quality:3]]
[2021.05.04-17.55.15:602][  0]LogConfig: Setting CVar [[r.Tonemapper.GrainQuantization:1]]
[2021.05.04-17.55.15:602][  0]LogConfig: Setting CVar [[r.LightShaftQuality:1]]
[2021.05.04-17.55.15:602][  0]LogConfig: Setting CVar [[r.Filter.SizeScale:1]]
[2021.05.04-17.55.15:603][  0]LogConfig: Setting CVar [[r.Tonemapper.Quality:5]]
[2021.05.04-17.55.15:603][  0]LogConfig: Setting CVar [[r.DOF.Gather.AccumulatorQuality:1        ; higher gathering accumulator quality]]
[2021.05.04-17.55.15:603][  0]LogConfig: Setting CVar [[r.DOF.Gather.PostfilterMethod:1          ; Median3x3 postfilering method]]
[2021.05.04-17.55.15:603][  0]LogConfig: Setting CVar [[r.DOF.Gather.EnableBokehSettings:0       ; no bokeh simulation when gathering]]
[2021.05.04-17.55.15:603][  0]LogConfig: Setting CVar [[r.DOF.Gather.RingCount:4                 ; medium number of samples when gathering]]
[2021.05.04-17.55.15:603][  0]LogConfig: Setting CVar [[r.DOF.Scatter.ForegroundCompositing:1    ; additive foreground scattering]]
[2021.05.04-17.55.15:603][  0]LogConfig: Setting CVar [[r.DOF.Scatter.BackgroundCompositing:2    ; additive background scattering]]
[2021.05.04-17.55.15:603][  0]LogConfig: Setting CVar [[r.DOF.Scatter.EnableBokehSettings:1      ; bokeh simulation when scattering]]
[2021.05.04-17.55.15:603][  0]LogConfig: Setting CVar [[r.DOF.Scatter.MaxSpriteRatio:0.1         ; only a maximum of 10% of scattered bokeh]]
[2021.05.04-17.55.15:603][  0]LogConfig: Setting CVar [[r.DOF.Recombine.Quality:1                ; cheap slight out of focus]]
[2021.05.04-17.55.15:603][  0]LogConfig: Setting CVar [[r.DOF.Recombine.EnableBokehSettings:0    ; no bokeh simulation on slight out of focus]]
[2021.05.04-17.55.15:603][  0]LogConfig: Setting CVar [[r.DOF.TemporalAAQuality:1                ; more stable temporal accumulation]]
[2021.05.04-17.55.15:603][  0]LogConfig: Setting CVar [[r.DOF.Kernel.MaxForegroundRadius:0.025]]
[2021.05.04-17.55.15:603][  0]LogConfig: Setting CVar [[r.DOF.Kernel.MaxBackgroundRadius:0.025]]
[2021.05.04-17.55.15:603][  0]LogConfig: Applying CVar settings from Section [TextureQuality@3] File [C:/Users/maria/OneDrive/Documents/Unreal Projects/AUSTVirtualCampus/Saved/Config/Windows/Scalability.ini]
[2021.05.04-17.55.15:603][  0]LogConfig: Setting CVar [[r.Streaming.MipBias:0]]
[2021.05.04-17.55.15:603][  0]LogConfig: Setting CVar [[r.Streaming.AmortizeCPUToGPUCopy:0]]
[2021.05.04-17.55.15:603][  0]LogConfig: Setting CVar [[r.Streaming.MaxNumTexturesToStreamPerFrame:0]]
[2021.05.04-17.55.15:603][  0]LogConfig: Setting CVar [[r.Streaming.Boost:1]]
[2021.05.04-17.55.15:603][  0]LogConfig: Setting CVar [[r.MaxAnisotropy:8]]
[2021.05.04-17.55.15:603][  0]LogConfig: Setting CVar [[r.Streaming.LimitPoolSizeToVRAM:0]]
[2021.05.04-17.55.15:603][  0]LogConfig: Setting CVar [[r.Streaming.PoolSize:1000]]
[2021.05.04-17.55.15:603][  0]LogConfig: Setting CVar [[r.Streaming.MaxEffectiveScreenSize:0]]
[2021.05.04-17.55.15:603][  0]LogConfig: Applying CVar settings from Section [EffectsQuality@3] File [C:/Users/maria/OneDrive/Documents/Unreal Projects/AUSTVirtualCampus/Saved/Config/Windows/Scalability.ini]
[2021.05.04-17.55.15:603][  0]LogConfig: Setting CVar [[r.TranslucencyLightingVolumeDim:64]]
[2021.05.04-17.55.15:603][  0]LogConfig: Setting CVar [[r.RefractionQuality:2]]
[2021.05.04-17.55.15:603][  0]LogConfig: Setting CVar [[r.SSR.Quality:3]]
[2021.05.04-17.55.15:603][  0]LogConfig: Setting CVar [[r.SceneColorFormat:4]]
[2021.05.04-17.55.15:603][  0]LogConfig: Setting CVar [[r.DetailMode:2]]
[2021.05.04-17.55.15:603][  0]LogConfig: Setting CVar [[r.TranslucencyVolumeBlur:1]]
[2021.05.04-17.55.15:603][  0]LogConfig: Setting CVar [[r.MaterialQualityLevel:1 ; High quality]]
[2021.05.04-17.55.15:603][  0]LogConfig: Setting CVar [[r.SSS.Scale:1]]
[2021.05.04-17.55.15:603][  0]LogConfig: Setting CVar [[r.SSS.SampleSet:2]]
[2021.05.04-17.55.15:603][  0]LogConfig: Setting CVar [[r.SSS.Quality:1]]
[2021.05.04-17.55.15:603][  0]LogConfig: Setting CVar [[r.SSS.HalfRes:1]]
[2021.05.04-17.55.15:603][  0]LogConfig: Setting CVar [[r.EmitterSpawnRateScale:1.0]]
[2021.05.04-17.55.15:603][  0]LogConfig: Setting CVar [[r.ParticleLightQuality:2]]
[2021.05.04-17.55.15:603][  0]LogConfig: Applying CVar settings from Section [FoliageQuality@3] File [C:/Users/maria/OneDrive/Documents/Unreal Projects/AUSTVirtualCampus/Saved/Config/Windows/Scalability.ini]
[2021.05.04-17.55.15:603][  0]LogConfig: Setting CVar [[foliage.DensityScale:1.0]]
[2021.05.04-17.55.15:603][  0]LogConfig: Setting CVar [[grass.DensityScale:1.0]]
[2021.05.04-17.55.15:603][  0]LogConfig: Applying CVar settings from Section [Startup] File [../../../Engine/Config/ConsoleVariables.ini]
[2021.05.04-17.55.15:604][  0]LogConfig: Setting CVar [[net.UseAdaptiveNetUpdateFrequency:0]]
[2021.05.04-17.55.15:604][  0]LogConfig: Setting CVar [[p.chaos.AllowCreatePhysxBodies:1]]
[2021.05.04-17.55.15:604][  0]LogConfig: Applying CVar settings from Section [ConsoleVariables] File [C:/Users/maria/OneDrive/Documents/Unreal Projects/AUSTVirtualCampus/Saved/Config/Windows/Engine.ini]
[2021.05.04-17.55.15:604][  0]LogInit: Computer: DESKTOP-IBL932R
[2021.05.04-17.55.15:604][  0]LogInit: User: maria
[2021.05.04-17.55.15:604][  0]LogInit: CPU Page size=4096, Cores=4
[2021.05.04-17.55.15:604][  0]LogInit: High frequency timer resolution =10.000000 MHz
[2021.05.04-17.55.15:604][  0]LogMemory: Memory total: Physical=15.9GB (16GB approx)
[2021.05.04-17.55.15:604][  0]LogMemory: Platform Memory Stats for Windows
[2021.05.04-17.55.15:604][  0]LogMemory: Process Physical Memory: 98.45 MB used, 98.46 MB peak
[2021.05.04-17.55.15:604][  0]LogMemory: Process Virtual Memory: 89.43 MB used, 89.43 MB peak
[2021.05.04-17.55.15:604][  0]LogMemory: Physical Memory: 7504.24 MB used,  8777.50 MB free, 16281.74 MB total
[2021.05.04-17.55.15:604][  0]LogMemory: Virtual Memory: 4642.45 MB used,  134213088.00 MB free, 134217728.00 MB total
[2021.05.04-17.55.15:631][  0]LogInit: Using OS detected language (en-US).
[2021.05.04-17.55.15:631][  0]LogInit: Using OS detected locale (en-GB).
[2021.05.04-17.55.15:633][  0]LogTextLocalizationManager: No specific localization for 'en-US' exists, so the 'en' localization will be used.
[2021.05.04-17.55.15:795][  0]LogInit: Setting process to per monitor DPI aware
[2021.05.04-17.55.15:830][  0]LogSlate: New Slate User Created.  User Index 0, Is Virtual User: 0
[2021.05.04-17.55.15:830][  0]LogSlate: Slate User Registered.  User Index 0, Is Virtual User: 0
[2021.05.04-17.55.16:156][  0]LogHMD: Failed to initialize OpenVR with code 110
[2021.05.04-17.55.16:156][  0]LogD3D11RHI: D3D11 adapters:
[2021.05.04-17.55.16:196][  0]LogD3D11RHI:    0. 'Radeon (TM) 530' (Feature Level 11_0)
[2021.05.04-17.55.16:196][  0]LogD3D11RHI:       4086/0/8140 MB DedicatedVideo/DedicatedSystem/SharedSystem, Outputs:1, VendorId:0x1002
[2021.05.04-17.55.16:226][  0]LogD3D11RHI:    1. 'Intel(R) UHD Graphics 620' (Feature Level 11_0)
[2021.05.04-17.55.16:227][  0]LogD3D11RHI:       128/0/8140 MB DedicatedVideo/DedicatedSystem/SharedSystem, Outputs:0, VendorId:0x8086
[2021.05.04-17.55.16:229][  0]LogD3D11RHI:    2. 'Microsoft Basic Render Driver' (Feature Level 11_0)
[2021.05.04-17.55.16:229][  0]LogD3D11RHI:       0/0/8140 MB DedicatedVideo/DedicatedSystem/SharedSystem, Outputs:0, VendorId:0x1414
[2021.05.04-17.55.16:229][  0]LogD3D11RHI: Chosen D3D11 Adapter: 0
[2021.05.04-17.55.16:237][  0]LogD3D11RHI: Creating new Direct3DDevice
[2021.05.04-17.55.16:237][  0]LogD3D11RHI:     GPU DeviceId: 0x6900 (for the marketing name, search the web for "GPU Device Id")
[2021.05.04-17.55.16:237][  0]LogWindows: EnumDisplayDevices:
[2021.05.04-17.55.16:237][  0]LogWindows:    0. 'Intel(R) UHD Graphics 620' (P:1 D:1)
[2021.05.04-17.55.16:238][  0]LogWindows:    1. 'Intel(R) UHD Graphics 620' (P:0 D:0)
[2021.05.04-17.55.16:238][  0]LogWindows:    2. 'Intel(R) UHD Graphics 620' (P:0 D:0)
[2021.05.04-17.55.16:238][  0]LogWindows: DebugString: PrimaryIsNotTheChoosenAdapter PrimaryIsNotTheChoosenAdapter PrimaryIsNotTheChoosenAdapter FoundDriverCount:0 
[2021.05.04-17.55.16:238][  0]LogD3D11RHI:     Adapter Name: Radeon (TM) 530
[2021.05.04-17.55.16:238][  0]LogD3D11RHI:   Driver Version: Unknown (internal:Unknown, unified:Unknown)
[2021.05.04-17.55.16:239][  0]LogD3D11RHI:      Driver Date: Unknown
[2021.05.04-17.55.16:239][  0]LogRHI: Texture pool is 2860 MB (70% of 4086 MB)
[2021.05.04-17.55.16:339][  0]LogD3D11RHI: Async texture creation enabled
[2021.05.04-17.55.16:345][  0]LogRendererCore: FGlobalReadBuffer::InitRHI
[2021.05.04-17.55.16:346][  0]LogRendererCore: FGlobalReadBuffer::InitRHI
[2021.05.04-17.55.16:346][  0]LogRendererCore: FGlobalReadBuffer::InitRHI
[2021.05.04-17.55.16:353][  0]LogD3D11RHI: GPU Timing Frequency: 27.000000 (Debug: 2 1)
[2021.05.04-17.55.16:722][  0]LogTemp: Display: Module 'AllDesktopTargetPlatform' loaded TargetPlatform 'AllDesktop'
[2021.05.04-17.55.16:741][  0]LogTemp: Display: Module 'MacClientTargetPlatform' loaded TargetPlatform 'MacClient'
[2021.05.04-17.55.16:759][  0]LogTemp: Display: Module 'MacNoEditorTargetPlatform' loaded TargetPlatform 'MacNoEditor'
[2021.05.04-17.55.16:779][  0]LogTemp: Display: Module 'MacServerTargetPlatform' loaded TargetPlatform 'MacServer'
[2021.05.04-17.55.16:799][  0]LogTemp: Display: Module 'MacTargetPlatform' loaded TargetPlatform 'Mac'
[2021.05.04-17.55.16:818][  0]LogTemp: Display: Module 'WindowsClientTargetPlatform' loaded TargetPlatform 'WindowsClient'
[2021.05.04-17.55.16:833][  0]LogTemp: Display: Module 'WindowsNoEditorTargetPlatform' loaded TargetPlatform 'WindowsNoEditor'
[2021.05.04-17.55.16:849][  0]LogTemp: Display: Module 'WindowsServerTargetPlatform' loaded TargetPlatform 'WindowsServer'
[2021.05.04-17.55.16:856][  0]LogTemp: Display: Module 'WindowsTargetPlatform' loaded TargetPlatform 'Windows'
[2021.05.04-17.55.16:947][  0]LogTemp: Display: Module 'AndroidTargetPlatform' loaded TargetPlatform 'Android'
[2021.05.04-17.55.16:947][  0]LogTemp: Display: Module 'AndroidTargetPlatform' loaded TargetPlatform 'Android_ASTC'
[2021.05.04-17.55.16:947][  0]LogTemp: Display: Module 'AndroidTargetPlatform' loaded TargetPlatform 'Android_ATC'
[2021.05.04-17.55.16:947][  0]LogTemp: Display: Module 'AndroidTargetPlatform' loaded TargetPlatform 'Android_DXT'
[2021.05.04-17.55.16:947][  0]LogTemp: Display: Module 'AndroidTargetPlatform' loaded TargetPlatform 'Android_ETC1'
[2021.05.04-17.55.16:947][  0]LogTemp: Display: Module 'AndroidTargetPlatform' loaded TargetPlatform 'Android_ETC1a'
[2021.05.04-17.55.16:947][  0]LogTemp: Display: Module 'AndroidTargetPlatform' loaded TargetPlatform 'Android_ETC2'
[2021.05.04-17.55.16:947][  0]LogTemp: Display: Module 'AndroidTargetPlatform' loaded TargetPlatform 'Android_PVRTC'
[2021.05.04-17.55.16:947][  0]LogTemp: Display: Module 'AndroidTargetPlatform' loaded TargetPlatform 'AndroidClient'
[2021.05.04-17.55.16:947][  0]LogTemp: Display: Module 'AndroidTargetPlatform' loaded TargetPlatform 'Android_ASTCClient'
[2021.05.04-17.55.16:947][  0]LogTemp: Display: Module 'AndroidTargetPlatform' loaded TargetPlatform 'Android_ATCClient'
[2021.05.04-17.55.16:947][  0]LogTemp: Display: Module 'AndroidTargetPlatform' loaded TargetPlatform 'Android_DXTClient'
[2021.05.04-17.55.16:947][  0]LogTemp: Display: Module 'AndroidTargetPlatform' loaded TargetPlatform 'Android_ETC1Client'
[2021.05.04-17.55.16:947][  0]LogTemp: Display: Module 'AndroidTargetPlatform' loaded TargetPlatform 'Android_ETC1aClient'
[2021.05.04-17.55.16:947][  0]LogTemp: Display: Module 'AndroidTargetPlatform' loaded TargetPlatform 'Android_ETC2Client'
[2021.05.04-17.55.16:947][  0]LogTemp: Display: Module 'AndroidTargetPlatform' loaded TargetPlatform 'Android_PVRTCClient'
[2021.05.04-17.55.16:947][  0]LogTemp: Display: Module 'AndroidTargetPlatform' loaded TargetPlatform 'Android_Multi'
[2021.05.04-17.55.16:947][  0]LogTemp: Display: Module 'AndroidTargetPlatform' loaded TargetPlatform 'Android_MultiClient'
[2021.05.04-17.55.16:950][  0]LogTemp: Display: Module 'HTML5TargetPlatform' loaded TargetPlatform 'HTML5'
[2021.05.04-17.55.17:002][  0]LogTemp: Display: Module 'IOSTargetPlatform' loaded TargetPlatform 'IOSClient'
[2021.05.04-17.55.17:002][  0]LogTemp: Display: Module 'IOSTargetPlatform' loaded TargetPlatform 'IOS'
[2021.05.04-17.55.17:026][  0]LogTemp: Display: Module 'TVOSTargetPlatform' loaded TargetPlatform 'TVOSClient'
[2021.05.04-17.55.17:026][  0]LogTemp: Display: Module 'TVOSTargetPlatform' loaded TargetPlatform 'TVOS'
[2021.05.04-17.55.17:039][  0]LogTemp: Display: Module 'LinuxClientTargetPlatform' loaded TargetPlatform 'LinuxClient'
[2021.05.04-17.55.17:052][  0]LogTemp: Display: Module 'LinuxNoEditorTargetPlatform' loaded TargetPlatform 'LinuxNoEditor'
[2021.05.04-17.55.17:065][  0]LogTemp: Display: Module 'LinuxServerTargetPlatform' loaded TargetPlatform 'LinuxServer'
[2021.05.04-17.55.17:079][  0]LogTemp: Display: Module 'LinuxTargetPlatform' loaded TargetPlatform 'Linux'
[2021.05.04-17.55.17:124][  0]LogTemp: Display: Module 'LuminTargetPlatform' loaded TargetPlatform 'Lumin'
[2021.05.04-17.55.17:124][  0]LogTemp: Display: Module 'LuminTargetPlatform' loaded TargetPlatform 'LuminClient'
[2021.05.04-17.55.17:124][  0]LogTargetPlatformManager: Display: Building Assets For Windows
[2021.05.04-17.55.17:133][  0]LogAudioDebug: Display: Lib vorbis DLL was dynamically loaded.
[2021.05.04-17.55.17:197][  0]LogShaderCompilers: Guid format shader working directory is -22 characters bigger than the processId version (C:/Users/maria/OneDrive/Documents/Unreal Projects/AUSTVirtualCampus/Intermediate/Shaders/WorkingDirectory/15852/).
[2021.05.04-17.55.17:198][  0]LogShaderCompilers: Cleaned the shader compiler working directory 'C:/Users/maria/AppData/Local/Temp/UnrealShaderWorkingDir/91C3FEA140B1E3546DE631A4A1780D8D/'.
[2021.05.04-17.55.17:199][  0]LogXGEController: Cannot use XGE Controller as Incredibuild is not installed on this machine.
[2021.05.04-17.55.17:199][  0]LogShaderCompilers: Cannot use XGE Shader Compiler as Incredibuild is not installed on this machine.
[2021.05.04-17.55.17:199][  0]LogShaderCompilers: Display: Using Local Shader Compiler.
[2021.05.04-17.55.17:804][  0]LogDerivedDataCache: Display: Max Cache Size: 512 MB
[2021.05.04-17.55.17:847][  0]LogDerivedDataCache: Loaded boot cache 0.04s 71MB C:/Users/maria/AppData/Local/UnrealEngine/4.22/DerivedDataCache/Boot.ddc.
[2021.05.04-17.55.17:848][  0]LogDerivedDataCache: Display: Loaded Boot cache: C:/Users/maria/AppData/Local/UnrealEngine/4.22/DerivedDataCache/Boot.ddc
[2021.05.04-17.55.17:848][  0]LogDerivedDataCache: FDerivedDataBackendGraph:  Pak pak cache file C:/Users/maria/OneDrive/Documents/Unreal Projects/AUSTVirtualCampus/DerivedDataCache/DDC.ddp not found, will not use a pak cache.
[2021.05.04-17.55.17:848][  0]LogDerivedDataCache: Unable to find inner node Pak for hierarchical cache Hierarchy.
[2021.05.04-17.55.17:848][  0]LogDerivedDataCache: FDerivedDataBackendGraph:  CompressedPak pak cache file C:/Users/maria/OneDrive/Documents/Unreal Projects/AUSTVirtualCampus/DerivedDataCache/Compressed.ddp not found, will not use a pak cache.
[2021.05.04-17.55.17:848][  0]LogDerivedDataCache: Unable to find inner node CompressedPak for hierarchical cache Hierarchy.
[2021.05.04-17.55.17:860][  0]LogDerivedDataCache: Display: Pak cache opened for reading ../../../Engine/DerivedDataCache/Compressed.ddp.
[2021.05.04-17.55.17:860][  0]LogDerivedDataCache: FDerivedDataBackendGraph:  EnterprisePak pak cache file ../../../Enterprise/DerivedDataCache/Compressed.ddp not found, will not use a pak cache.
[2021.05.04-17.55.17:860][  0]LogDerivedDataCache: Unable to find inner node EnterprisePak for hierarchical cache Hierarchy.
[2021.05.04-17.55.17:873][  0]LogDerivedDataCache: Using Local data cache path C:/Users/maria/AppData/Local/UnrealEngine/Common/DerivedDataCache: Writable
[2021.05.04-17.55.17:873][  0]LogDerivedDataCache: Shared data cache path not found in *engine.ini, will not use an Shared cache.
[2021.05.04-17.55.17:873][  0]LogDerivedDataCache: Unable to find inner node Shared for hierarchical cache Hierarchy.
[2021.05.04-17.55.17:893][  0]LogMaterial: Verifying Global Shaders for PCD3D_SM5
[2021.05.04-17.55.17:894][  0]LogSlate: Using FreeType 2.6.0
[2021.05.04-17.55.17:895][  0]LogSlate: SlateFontServices - WITH_FREETYPE: 1, WITH_HARFBUZZ: 1
[2021.05.04-17.55.17:997][  0]LogAssetRegistry: FAssetRegistry took 0.0331 seconds to start up
[2021.05.04-17.55.18:368][  0]LogInit: Selected Device Profile: [Windows]
[2021.05.04-17.55.18:507][  0]LogMeshReduction: Using QuadricMeshReduction for automatic static mesh reduction
[2021.05.04-17.55.18:507][  0]LogMeshReduction: Using SimplygonMeshReduction for automatic skeletal mesh reduction
[2021.05.04-17.55.18:507][  0]LogMeshReduction: Using ProxyLODMeshReduction for automatic mesh merging
[2021.05.04-17.55.18:507][  0]LogMeshReduction: No distributed automatic mesh merging module available
[2021.05.04-17.55.18:507][  0]LogMeshMerging: No distributed automatic mesh merging module available
[2021.05.04-17.55.18:519][  0]LogNetVersion: AUSTVirtualCampus 1.0.0, NetCL: 5660361, EngineNetVer: 10, GameNetVer: 0 (Checksum: 3184721846)
[2021.05.04-17.55.18:947][  0]LogPackageLocalizationCache: Processed 12 localized package path(s) for 1 prioritized culture(s) in 0.032974 seconds
[2021.05.04-17.55.18:953][  0]LogUObjectArray: 42205 objects as part of root set at end of initial load.
[2021.05.04-17.55.18:953][  0]LogUObjectAllocator: 7325032 out of 0 bytes used by permanent object pool.
[2021.05.04-17.55.18:953][  0]LogUObjectArray: CloseDisregardForGC: 0/0 objects in disregard for GC pool
[2021.05.04-17.55.20:014][  0]LogTcpMessaging: Initializing TcpMessaging bridge
[2021.05.04-17.55.20:028][  0]LogUdpMessaging: Initializing bridge on interface 0.0.0.0:0 to multicast group 230.0.0.1:6666.
[2021.05.04-17.55.20:115][  0]LogLinker: Warning: Asset '../../Plugins/Runtime/WebBrowserWidget/Content/WebTexture_M.uasset' has been saved with empty engine version. The asset will be loaded but may be incompatible.
[2021.05.04-17.55.20:116][  0]LogLinker: Warning: Asset '../../Plugins/Runtime/WebBrowserWidget/Content/WebTexture_T.uasset' has been saved with empty engine version. The asset will be loaded but may be incompatible.
[2021.05.04-17.55.20:121][  0]LogLinker: Warning: Asset '../../Plugins/Runtime/WebBrowserWidget/Content/WebTexture_TM.uasset' has been saved with empty engine version. The asset will be loaded but may be incompatible.
[2021.05.04-17.55.20:308][  0]SourceControl: Source control is disabled
[2021.05.04-17.55.20:308][  0]SourceControl: Source control is disabled
[2021.05.04-17.55.20:311][  0]SourceControl: Source control is disabled
[2021.05.04-17.55.20:313][  0]SourceControl: Source control is disabled
[2021.05.04-17.55.20:440][  0]LogAndroidPermission: UAndroidPermissionCallbackProxy::GetInstance
[2021.05.04-17.55.20:527][  0]LogOcInput: OculusInput pre-init called
[2021.05.04-17.55.21:518][  0]LogEngine: Initializing Engine...
[2021.05.04-17.55.21:519][  0]LogHMD: Failed to initialize OpenVR with code 110
[2021.05.04-17.55.21:520][  0]LogStats: UGameplayTagsManager::InitializeManager -  0.000 s
[2021.05.04-17.55.21:708][  0]LogInit: Initializing FReadOnlyCVARCache
[2021.05.04-17.55.21:720][  0]LogAIModule: Creating AISystem for world Untitled
[2021.05.04-17.55.21:770][  0]LogInit: XAudio2 using 'Speakers / Headphones (Realtek Audio)' : 2 channels at 48 kHz using 32 bits per sample (channel mask 0x3)
[2021.05.04-17.55.23:173][  0]LogInit: FAudioDevice initialized.
[2021.05.04-17.55.23:173][  0]LogNetVersion: Set ProjectVersion to 1.0.0.0. Version Checksum will be recalculated on next use.
[2021.05.04-17.55.23:262][  0]LogDerivedDataCache: Saved boot cache 0.09s 71MB C:/Users/maria/AppData/Local/UnrealEngine/4.22/DerivedDataCache/Boot.ddc.
[2021.05.04-17.55.23:266][  0]LogInit: Texture streaming: Enabled
[2021.05.04-17.55.23:283][  0]LogEngineSessionManager: EngineSessionManager initialized
[2021.05.04-17.55.23:301][  0]LogInit: Transaction tracking system initialized
[2021.05.04-17.55.23:321][  0]BlueprintLog: New page: Editor Load
[2021.05.04-17.55.23:389][  0]LocalizationService: Localization service is disabled
[2021.05.04-17.55.23:708][  0]LogFileCache: Scanning file cache for directory 'C:/Users/maria/OneDrive/Documents/Unreal Projects/AUSTVirtualCampus/Content/' took 0.02s
[2021.05.04-17.55.23:708][  0]LogCook: Display: Max memory allowance for cook 16384mb min free memory 0mb
[2021.05.04-17.55.23:708][  0]LogCook: Display: Mobile HDR setting 1
[2021.05.04-17.55.23:894][  0]SourceControl: Source control is disabled
[2021.05.04-17.55.23:894][  0]Cmd: MAP LOAD FILE="C:/Users/maria/OneDrive/Documents/Unreal Projects/AUSTVirtualCampus/Content/Maps/Login/Login.umap" TEMPLATE=0 SHOWPROGRESS=1 FEATURELEVEL=3
[2021.05.04-17.55.23:895][  0]LightingResults: New page: Lighting Build
[2021.05.04-17.55.23:897][  0]MapCheck: New page: Map Check
[2021.05.04-17.55.23:897][  0]LightingResults: New page: Lighting Build
[2021.05.04-17.55.23:921][  0]LogUObjectHash: Compacting FUObjectHashTables data took   1.33ms
[2021.05.04-17.55.23:943][  0]LogAIModule: Creating AISystem for world Login
[2021.05.04-17.55.23:944][  0]LogEditorServer: Finished looking for orphan Actors (0.000 secs)
[2021.05.04-17.55.23:966][  0]LogUObjectHash: Compacting FUObjectHashTables data took   1.64ms
[2021.05.04-17.55.23:966][  0]Cmd: MAP CHECKDEP NOCLEARLOG
[2021.05.04-17.55.23:966][  0]MapCheck: Map check complete: 0 Error(s), 0 Warning(s), took 0.126ms to complete.
[2021.05.04-17.55.23:966][  0]LogFileHelpers: Loading map 'Login' took 0.072
[2021.05.04-17.55.24:072][  0]LogSlate: Updating window title bar state: overlay mode, drag disabled, window buttons hidden, title bar hidden
[2021.05.04-17.55.24:079][  0]LogSlate: Updating window title bar state: overlay mode, drag disabled, window buttons hidden, title bar hidden
[2021.05.04-17.55.24:085][  0]LogSlate: Updating window title bar state: overlay mode, drag disabled, window buttons hidden, title bar hidden
[2021.05.04-17.55.24:091][  0]LogSlate: Updating window title bar state: overlay mode, drag disabled, window buttons hidden, title bar hidden
[2021.05.04-17.55.24:096][  0]LogCollectionManager: Loaded 0 collections in 0.000957 seconds
[2021.05.04-17.55.24:124][  0]LogFileCache: Scanning file cache for directory 'C:/Users/maria/OneDrive/Documents/Unreal Projects/AUSTVirtualCampus/Saved/Collections/' took 0.01s
[2021.05.04-17.55.24:124][  0]LogFileCache: Scanning file cache for directory 'C:/Users/maria/OneDrive/Documents/Unreal Projects/AUSTVirtualCampus/Content/Developers/maria/Collections/' took 0.01s
[2021.05.04-17.55.24:124][  0]LogFileCache: Scanning file cache for directory 'C:/Users/maria/OneDrive/Documents/Unreal Projects/AUSTVirtualCampus/Content/Collections/' took 0.00s
[2021.05.04-17.55.24:124][  0]LogCollectionManager: Rebuilt the GUID cache for 0 collections in 0.000001 seconds
[2021.05.04-17.55.24:131][  0]LogContentBrowser: Native class hierarchy populated in 0.0073 seconds. Added 2737 classes and 667 folders.
[2021.05.04-17.55.24:136][  0]LogContentBrowser: Native class hierarchy updated for 'WidgetCarousel' in 0.0002 seconds. Added 0 classes and 0 folders.
[2021.05.04-17.55.24:139][  0]LogPakFile: Registered encryption key '00000000000000000000000000000000': 0 pak files mounted, 0 remain pending
[2021.05.04-17.55.24:140][  0]LogPakFile: Registered encryption key '00000000000000000000000000000000': 0 pak files mounted, 0 remain pending
[2021.05.04-17.55.24:140][  0]LogPakFile: Registered encryption key '00000000000000000000000000000000': 0 pak files mounted, 0 remain pending
[2021.05.04-17.55.24:141][  0]LogPakFile: Registered encryption key '00000000000000000000000000000000': 0 pak files mounted, 0 remain pending
[2021.05.04-17.55.24:142][  0]LogPakFile: Registered encryption key '00000000000000000000000000000000': 0 pak files mounted, 0 remain pending
[2021.05.04-17.55.24:143][  0]LogPakFile: Registered encryption key '00000000000000000000000000000000': 0 pak files mounted, 0 remain pending
[2021.05.04-17.55.24:143][  0]LogPakFile: Registered encryption key '00000000000000000000000000000000': 0 pak files mounted, 0 remain pending
[2021.05.04-17.55.24:145][  0]LogPakFile: Registered encryption key '00000000000000000000000000000000': 0 pak files mounted, 0 remain pending
[2021.05.04-17.55.24:145][  0]LogPakFile: Registered encryption key '00000000000000000000000000000000': 0 pak files mounted, 0 remain pending
[2021.05.04-17.55.24:146][  0]LogPakFile: Registered encryption key '00000000000000000000000000000000': 0 pak files mounted, 0 remain pending
[2021.05.04-17.55.24:147][  0]LogPakFile: Registered encryption key '00000000000000000000000000000000': 0 pak files mounted, 0 remain pending
[2021.05.04-17.55.24:148][  0]LogPakFile: Registered encryption key '00000000000000000000000000000000': 0 pak files mounted, 0 remain pending
[2021.05.04-17.55.24:149][  0]LogPakFile: Registered encryption key '00000000000000000000000000000000': 0 pak files mounted, 0 remain pending
[2021.05.04-17.55.24:149][  0]LogPakFile: Registered encryption key '00000000000000000000000000000000': 0 pak files mounted, 0 remain pending
[2021.05.04-17.55.24:150][  0]LogPakFile: Registered encryption key '00000000000000000000000000000000': 0 pak files mounted, 0 remain pending
[2021.05.04-17.55.24:151][  0]LogPakFile: Registered encryption key '00000000000000000000000000000000': 0 pak files mounted, 0 remain pending
[2021.05.04-17.55.24:152][  0]LogPakFile: Registered encryption key '00000000000000000000000000000000': 0 pak files mounted, 0 remain pending
[2021.05.04-17.55.24:153][  0]LogPakFile: Registered encryption key '00000000000000000000000000000000': 0 pak files mounted, 0 remain pending
[2021.05.04-17.55.24:153][  0]LogPakFile: Registered encryption key '00000000000000000000000000000000': 0 pak files mounted, 0 remain pending
[2021.05.04-17.55.24:154][  0]LogPakFile: Registered encryption key '00000000000000000000000000000000': 0 pak files mounted, 0 remain pending
[2021.05.04-17.55.24:155][  0]LogPakFile: Registered encryption key '00000000000000000000000000000000': 0 pak files mounted, 0 remain pending
[2021.05.04-17.55.24:156][  0]LogPakFile: Registered encryption key '00000000000000000000000000000000': 0 pak files mounted, 0 remain pending
[2021.05.04-17.55.24:157][  0]LogPakFile: Registered encryption key '00000000000000000000000000000000': 0 pak files mounted, 0 remain pending
[2021.05.04-17.55.24:157][  0]LogPakFile: Registered encryption key '00000000000000000000000000000000': 0 pak files mounted, 0 remain pending
[2021.05.04-17.55.24:158][  0]LogPakFile: Registered encryption key '00000000000000000000000000000000': 0 pak files mounted, 0 remain pending
[2021.05.04-17.55.24:159][  0]LogPakFile: Registered encryption key '00000000000000000000000000000000': 0 pak files mounted, 0 remain pending
[2021.05.04-17.55.24:218][  0]LogContentBrowser: Native class hierarchy updated for 'AddContentDialog' in 0.0003 seconds. Added 0 classes and 0 folders.
[2021.05.04-17.55.24:223][  0]LogContentBrowser: Native class hierarchy updated for 'SceneOutliner' in 0.0003 seconds. Added 1 classes and 2 folders.
[2021.05.04-17.55.24:238][  0]LogSlate: Took 0.000315 seconds to synchronously load lazily loaded font '../../../Engine/Content/Slate/Fonts/Roboto-Regular.ttf' (155K)
[2021.05.04-17.55.24:251][  0]LogSlate: Took 0.000393 seconds to synchronously load lazily loaded font '../../../Engine/Content/Slate/Fonts/Roboto-Bold.ttf' (160K)
[2021.05.04-17.55.24:277][  0]LogSlate: Took 0.000395 seconds to synchronously load lazily loaded font '../../../Engine/Content/Editor/Slate/Fonts/FontAwesome.ttf' (139K)
[2021.05.04-17.55.24:345][  0]LogRenderer: Reallocating scene render targets to support 1208x572 Format 10 NumSamples 1 (Frame:1).
[2021.05.04-17.55.24:684][  0]LogContentBrowser: Native class hierarchy updated for 'HierarchicalLODOutliner' in 0.0004 seconds. Added 0 classes and 0 folders.
[2021.05.04-17.55.24:684][  0]LogLoad: (Engine Initialization) Total time: 11.67 seconds
[2021.05.04-17.55.24:684][  0]LogLoad: (Engine Initialization) Total Blueprint compile time: 0.00 seconds
[2021.05.04-17.55.24:778][  0]LogAssetRegistry: Asset discovery search completed in 6.8027 seconds
[2021.05.04-17.55.24:781][  0]LogCollectionManager: Rebuilt the object cache for 0 collections in 0.000000 seconds (found 0 objects)
[2021.05.04-17.55.24:781][  0]LogCollectionManager: Fixed up redirectors for 0 collections in 0.000057 seconds (updated 0 objects)
[2021.05.04-17.55.24:782][  0]LogContentStreaming: Texture pool size now 1000 MB
[2021.05.04-17.55.24:856][  0]LogSlate: Took 0.000269 seconds to synchronously load lazily loaded font '../../../Engine/Content/Slate/Fonts/Roboto-Light.ttf' (167K)
[2021.05.04-17.55.26:609][ 45]LogSlate: FSceneViewport::OnFocusLost() reason 0
[2021.05.04-17.55.44:955][664]LogSlate: Took 0.000553 seconds to synchronously load lazily loaded font '../../../Engine/Content/Slate/Fonts/Roboto-Light.ttf' (167K)
[2021.05.04-17.55.45:930][664]LogAIModule: Creating AISystem for world Building_B
[2021.05.04-17.55.46:063][664]LogAssetEditorManager: Opening Asset editor for World /Game/Maps/Buildings/Building_B.Building_B
[2021.05.04-17.55.46:103][664]LogUObjectHash: Compacting FUObjectHashTables data took   2.30ms
[2021.05.04-17.55.46:104][664]Cmd: MAP LOAD FILE="C:/Users/maria/OneDrive/Documents/Unreal Projects/AUSTVirtualCampus/Content/Maps/Buildings/Building_B.umap" TEMPLATE=0 SHOWPROGRESS=1 FEATURELEVEL=3
[2021.05.04-17.55.46:104][664]LightingResults: New page: Lighting Build
[2021.05.04-17.55.46:105][664]LoadErrors: New page: Loading map: Building_B.umap
[2021.05.04-17.55.46:105][664]MapCheck: New page: Map Check
[2021.05.04-17.55.46:105][664]LightingResults: New page: Lighting Build
[2021.05.04-17.55.46:136][664]LogUObjectHash: Compacting FUObjectHashTables data took   1.65ms
[2021.05.04-17.55.46:308][664]LogEditorServer: Finished looking for orphan Actors (0.000 secs)
[2021.05.04-17.55.46:344][664]LogUObjectHash: Compacting FUObjectHashTables data took   1.42ms
[2021.05.04-17.55.46:359][664]Cmd: MAP CHECKDEP NOCLEARLOG
[2021.05.04-17.55.46:360][664]MapCheck: Map check complete: 0 Error(s), 0 Warning(s), took 0.145ms to complete.
[2021.05.04-17.55.46:360][664]LogFileHelpers: Loading map 'Building_B' took 0.257
[2021.05.04-17.55.49:205][753]LogEditorViewport: Clicking on Actor (LMB): OfficeDoor_C (OfficeDoor6)
[2021.05.04-17.55.55:970][930]LogEditorViewport: Clicking on Actor (LMB): ClassDoor_C (ClassDoor4)
[2021.05.04-17.56.01:849][ 77]LogEditorViewport: Clicking on Actor (LMB): StaticMeshActor (Cube4)
[2021.05.04-17.56.02:880][ 98]LogEditorViewport: Clicking on Actor (LMB): ClassDoor_C (ClassDoor8)
[2021.05.04-17.56.04:257][131]LogSlate: FSceneViewport::OnFocusLost() reason 0
[2021.05.04-17.56.09:430][284]LogEditorViewport: Clicking on Actor (LMB): StaticMeshActor (Cube3)
[2021.05.04-17.56.10:925][326]LogEditorViewport: Clicking on Actor (LMB): ClassDoor_C (ClassDoor7)
[2021.05.04-17.56.13:077][387]LogSlate: FSceneViewport::OnFocusLost() reason 0
[2021.05.04-17.56.17:745][587]LogEditorViewport: Clicking on Actor (LMB): ClassDoor_C (ClassDoor8)
[2021.05.04-17.56.19:069][638]LogEditorViewport: Clicking on Actor (LMB): StaticMeshActor (Cube3)
[2021.05.04-17.56.20:331][682]LogEditorViewport: Clicking on Actor (LMB): StaticMeshActor (Cube3)
[2021.05.04-17.56.21:101][709]LogEditorViewport: Clicking on Actor (LMB): ClassDoor_C (ClassDoor7)
[2021.05.04-17.56.22:681][767]LogEditorViewport: Clicking on Actor (LMB): ClassDoor_C (ClassDoor38)
[2021.05.04-17.56.24:316][826]LogSlate: FSceneViewport::OnFocusLost() reason 0
[2021.05.04-17.56.27:103][948]LogEditorViewport: Clicking on Actor (LMB): StaticMeshActor (BuildingB_LogoBanner_002)
[2021.05.04-17.56.30:659][ 64]LogEditorViewport: Clicking on Actor (LMB): ClassDoor_C (ClassDoor37)
[2021.05.04-17.56.32:119][114]LogSlate: FSceneViewport::OnFocusLost() reason 0
[2021.05.04-17.56.37:230][310]LogEditorViewport: Clicking on Actor (LMB): ClassDoor_C (ClassDoor6)
[2021.05.04-17.56.38:989][374]LogSlate: FSceneViewport::OnFocusLost() reason 0
[2021.05.04-17.56.41:023][472]LogEditorViewport: Clicking on Actor (LMB): StaticMeshActor (Cube6)
[2021.05.04-17.56.46:130][646]LogEditorViewport: Clicking on Actor (LMB): ClassDoor_C (ClassDoor36)
[2021.05.04-17.56.48:316][725]LogSlate: FSceneViewport::OnFocusLost() reason 0
[2021.05.04-17.56.50:868][835]LogEditorViewport: Clicking on Actor (LMB): ClassDoor_C (ClassDoor5)
[2021.05.04-17.56.52:698][902]LogSlate: FSceneViewport::OnFocusLost() reason 0
[2021.05.04-17.56.55:285][ 62]LogEditorViewport: Clicking on Actor (LMB): StaticMeshActor (BuildingB_LogoBanner_002)
[2021.05.04-17.56.56:480][ 96]LogEditorViewport: Clicking on Actor (LMB): ClassDoor_C (ClassDoor36)
[2021.05.04-17.56.58:008][148]LogSlate: FSceneViewport::OnFocusLost() reason 2
[2021.05.04-17.57.07:116][716]LogEditorViewport: Clicking on Actor (LMB): OfficeDoor_C (OfficeDoor4)
[2021.05.04-17.57.11:354][923]LogSlate: FSceneViewport::OnFocusLost() reason 0
[2021.05.04-17.58.11:413][445]LogSlate: Took 0.001202 seconds to synchronously load lazily loaded font '../../../Engine/Content/Slate/Fonts/Roboto-Italic.ttf' (157K)
[2021.05.04-17.59.40:318][ 83]LogSlate: FSceneViewport::OnFocusLost() reason 0
[2021.05.04-18.00.06:429][481]LogUObjectHash: Compacting FUObjectHashTables data took   2.05ms
[2021.05.04-18.00.06:503][481]LogUObjectHash: Compacting FUObjectHashTables data took   0.76ms
[2021.05.04-18.00.07:219][481]LogSavePackage: Moving 'C:/Users/maria/OneDrive/Documents/Unreal Projects/AUSTVirtualCampus/Saved/Building_BD46A94F94229F142D588739960CF476E.tmp' to 'C:/Users/maria/OneDrive/Documents/Unreal Projects/AUSTVirtualCampus/Content/Maps/Buildings/Building_B.umap'
[2021.05.04-18.00.07:247][481]LogFileHelpers: Saving map 'Building_B' took 0.775
[2021.05.04-18.14.11:969][316]LogSlate: FSceneViewport::OnFocusLost() reason 0
[2021.05.04-18.15.15:124][289]LogSlate: FSceneViewport::OnFocusLost() reason 0
[2021.05.04-18.16.19:272][722]LogEditorViewport: Clicking on Actor (LMB): StaticMeshActor (Cube19)
[2021.05.04-18.16.29:832][132]LogEditorViewport: Clicking on Actor (LMB): OfficeDoor_C (OfficeDoor2)
[2021.05.04-18.16.43:962][667]LogD3D11RHI: Timed out while waiting for GPU to catch up. (0.5 s)
[2021.05.04-18.16.44:464][668]LogD3D11RHI: Timed out while waiting for GPU to catch up. (0.5 s)
[2021.05.04-18.16.44:965][668]LogD3D11RHI: Timed out while waiting for GPU to catch up. (0.5 s)
[2021.05.04-18.16.45:464][668]LogD3D11RHI: Timed out while waiting for GPU to catch up. (0.5 s)
[2021.05.04-18.16.45:965][668]LogD3D11RHI: Timed out while waiting for GPU to catch up. (0.5 s)
[2021.05.04-18.16.46:464][668]LogD3D11RHI: Timed out while waiting for GPU to catch up. (0.5 s)
[2021.05.04-18.16.46:965][668]LogD3D11RHI: Timed out while waiting for GPU to catch up. (0.5 s)
[2021.05.04-18.16.47:465][668]LogD3D11RHI: Timed out while waiting for GPU to catch up. (0.5 s)
[2021.05.04-18.16.47:965][668]LogD3D11RHI: Timed out while waiting for GPU to catch up. (0.5 s)
[2021.05.04-18.16.48:465][668]LogD3D11RHI: Timed out while waiting for GPU to catch up. (0.5 s)
[2021.05.04-18.16.48:966][668]LogD3D11RHI: Timed out while waiting for GPU to catch up. (0.5 s)
[2021.05.04-18.16.51:416][668]LogD3D11RHI: Timed out while waiting for GPU to catch up. (0.5 s)
[2021.05.04-18.16.51:416][668]LogRHI: Error: SyncInterval 0
[2021.05.04-18.16.51:416][668]LogRHI: Error: SwapChainDesc.BufferDesc.Width 1936
[2021.05.04-18.16.51:416][668]LogRHI: Error: SwapChainDesc.BufferDesc.Height 1056
[2021.05.04-18.16.51:416][668]LogRHI: Error: SwapChainDesc.BufferDesc.RefreshRate.Numerator 0
[2021.05.04-18.16.51:417][668]LogRHI: Error: SwapChainDesc.BufferDesc.RefreshRate.Denominator 0
[2021.05.04-18.16.51:417][668]LogRHI: Error: SwapChainDesc.BufferDesc.Format 24
[2021.05.04-18.16.51:417][668]LogRHI: Error: SwapChainDesc.BufferDesc.ScanlineOrdering 0
[2021.05.04-18.16.51:417][668]LogRHI: Error: SwapChainDesc.BufferDesc.Scaling 0
[2021.05.04-18.16.51:417][668]LogRHI: Error: SwapChainDesc.SampleDesc.Count 1
[2021.05.04-18.16.51:417][668]LogRHI: Error: SwapChainDesc.SampleDesc.Quality 0
[2021.05.04-18.16.51:417][668]LogRHI: Error: SwapChainDesc.BufferUsage 48
[2021.05.04-18.16.51:417][668]LogRHI: Error: SwapChainDesc.BufferCount 1
[2021.05.04-18.16.51:417][668]LogRHI: Error: SwapChainDesc.OutputWindow 0000000000080606
[2021.05.04-18.16.51:417][668]LogRHI: Error: SwapChainDesc.Windowed true
[2021.05.04-18.16.51:417][668]LogRHI: Error: SwapChainDesc.SwapEffect 0
[2021.05.04-18.16.51:417][668]LogRHI: Error: SwapChainDesc.Flags 2
[2021.05.04-18.16.51:417][668]LogD3D11RHI: Error: Result failed 
 at D:\Build\++UE4\Sync\Engine\Source\Runtime\Windows\D3D11RHI\Private\D3D11Viewport.cpp:361 
 with error DXGI_ERROR_DEVICE_REMOVED DXGI_ERROR_DEVICE_HUNG
[2021.05.04-18.16.51:417][668]LogD3D11RHI: [Aftermath] GDynamicRHI=000002740ABFC080, GDX11NVAfterMathEnabled=0, Result=0xFFFFFFFF, bDeviceActive=0
[2021.05.04-18.16.51:417][668]LogWindows: Windows GetLastError: The operation completed successfully. (0)
[2021.05.04-18.16.54:417][668]LogThreadingWindows: Error: Runnable thread RenderThread 1 crashed.
[2021.05.04-18.16.54:417][668]LogWindows: Error: === Critical error: ===
[2021.05.04-18.16.54:417][668]LogWindows: Error: 
[2021.05.04-18.16.54:417][668]LogWindows: Error: Fatal error: [File:D:\Build\++UE4\Sync\Engine\Source\Runtime\Windows\D3D11RHI\Private\D3D11Util.cpp] [Line: 198] 
[2021.05.04-18.16.54:417][668]LogWindows: Error: Unreal Engine is exiting due to D3D device being lost. (Error: 0x887A0006 - 'HUNG')
[2021.05.04-18.16.54:417][668]LogWindows: Error: 
[2021.05.04-18.16.54:417][668]LogWindows: Error: 
[2021.05.04-18.16.54:417][668]LogWindows: Error: Unhandled Exception: 0x00008000
[2021.05.04-18.16.54:417][668]LogWindows: Error: 
[2021.05.04-18.16.54:417][668]LogWindows: Error: [Callstack] 0x00007ffc56843b29 KERNELBASE.dll!UnknownFunction []
[2021.05.04-18.16.54:417][668]LogWindows: Error: [Callstack] 0x00007ffc042e3667 UE4Editor-Core.dll!UnknownFunction []
[2021.05.04-18.16.54:417][668]LogWindows: Error: [Callstack] 0x00007ffc042e46e0 UE4Editor-Core.dll!UnknownFunction []
[2021.05.04-18.16.54:417][668]LogWindows: Error: [Callstack] 0x00007ffc040f7d1a UE4Editor-Core.dll!UnknownFunction []
[2021.05.04-18.16.54:418][668]LogWindows: Error: [Callstack] 0x00007ffc0407fe33 UE4Editor-Core.dll!UnknownFunction []
[2021.05.04-18.16.54:418][668]LogWindows: Error: [Callstack] 0x00007ffc0407fd18 UE4Editor-Core.dll!UnknownFunction []
[2021.05.04-18.16.54:418][668]LogWindows: Error: [Callstack] 0x00007ffbcf0a2a23 UE4Editor-D3D11RHI.dll!UnknownFunction []
[2021.05.04-18.16.54:418][668]LogWindows: Error: [Callstack] 0x00007ffbcf0a629e UE4Editor-D3D11RHI.dll!UnknownFunction []
[2021.05.04-18.16.54:418][668]LogWindows: Error: [Callstack] 0x00007ffbcf08875e UE4Editor-D3D11RHI.dll!UnknownFunction []
[2021.05.04-18.16.54:418][668]LogWindows: Error: [Callstack] 0x00007ffbcf09480b UE4Editor-D3D11RHI.dll!UnknownFunction []
[2021.05.04-18.16.54:418][668]LogWindows: Error: [Callstack] 0x00007ffc23fbe8e0 UE4Editor-RHI.dll!UnknownFunction []
[2021.05.04-18.16.54:418][668]LogWindows: Error: [Callstack] 0x00007ffc23fbe4c4 UE4Editor-RHI.dll!UnknownFunction []
[2021.05.04-18.16.54:418][668]LogWindows: Error: [Callstack] 0x00007ffc23fbf444 UE4Editor-RHI.dll!UnknownFunction []
[2021.05.04-18.16.54:418][668]LogWindows: Error: [Callstack] 0x00007ffc23fb6bb4 UE4Editor-RHI.dll!UnknownFunction []
[2021.05.04-18.16.54:418][668]LogWindows: Error: [Callstack] 0x00007ffbcefa769b UE4Editor-SlateRHIRenderer.dll!UnknownFunction []
[2021.05.04-18.16.54:418][668]LogWindows: Error: [Callstack] 0x00007ffbcefae220 UE4Editor-SlateRHIRenderer.dll!UnknownFunction []
[2021.05.04-18.16.54:418][668]LogWindows: Error: [Callstack] 0x00007ffc03f022d8 UE4Editor-Core.dll!UnknownFunction []
[2021.05.04-18.16.54:418][668]LogWindows: Error: [Callstack] 0x00007ffc03f02563 UE4Editor-Core.dll!UnknownFunction []
[2021.05.04-18.16.54:418][668]LogWindows: Error: [Callstack] 0x00007ffc365259f1 UE4Editor-RenderCore.dll!UnknownFunction []
[2021.05.04-18.16.54:418][668]LogWindows: Error: [Callstack] 0x00007ffc3652c184 UE4Editor-RenderCore.dll!UnknownFunction []
[2021.05.04-18.16.54:418][668]LogWindows: Error: [Callstack] 0x00007ffc042f4b3f UE4Editor-Core.dll!UnknownFunction []
[2021.05.04-18.16.54:418][668]LogWindows: Error: [Callstack] 0x00007ffc042f08a7 UE4Editor-Core.dll!UnknownFunction []
[2021.05.04-18.16.54:418][668]LogWindows: Error: [Callstack] 0x00007ffc57d67c24 KERNEL32.DLL!UnknownFunction []
[2021.05.04-18.16.54:418][668]LogWindows: Error: [Callstack] 0x00007ffc5980d721 ntdll.dll!UnknownFunction []
[2021.05.04-18.16.54:418][668]LogWindows: Error: 
[2021.05.04-18.16.54:418][668]LogWindows: Error: Crash in runnable thread RenderThread 1
[2021.05.04-18.16.56:128][668]LogExit: Executing StaticShutdownAfterError
[2021.05.04-18.16.56:128][668]LogWindows: FPlatformMisc::RequestExit(1)
[2021.05.04-18.16.56:130][668]Log file closed, 05/04/21 21:16:56
